INFO - 2024-12-08 03:30:07 --> Session: Class initialized using 'CodeIgniter\Session\Handlers\FileHandler' driver.
INFO - 2024-12-08 03:30:07 --> Session: Class initialized using 'CodeIgniter\Session\Handlers\FileHandler' driver.
INFO - 2024-12-08 03:30:32 --> Session: Class initialized using 'CodeIgniter\Session\Handlers\FileHandler' driver.
INFO - 2024-12-08 03:33:38 --> Session: Class initialized using 'CodeIgniter\Session\Handlers\FileHandler' driver.
INFO - 2024-12-08 04:03:27 --> Session: Class initialized using 'CodeIgniter\Session\Handlers\FileHandler' driver.
INFO - 2024-12-08 04:04:55 --> Session: Class initialized using 'CodeIgniter\Session\Handlers\FileHandler' driver.
CRITICAL - 2024-12-08 04:05:21 --> ErrorException: Undefined property: App\Controllers\QuestionnairesController::$questionnaireModel
[Method: POST, Route: api/questionnaires/submit]
in APPPATH/Controllers/QuestionnairesController.php on line 198.
 1 APPPATH/Controllers/QuestionnairesController.php(198): CodeIgniter\Debug\Exceptions->errorHandler(2, 'Undefined property: App\\Controllers\\QuestionnairesController::$questionnaireModel', '/opt/lampp/htdocs/proWebAPI/app/Controllers/QuestionnairesController.php', 198)
 2 SYSTEMPATH/CodeIgniter.php(933): App\Controllers\QuestionnairesController->submit()
 3 SYSTEMPATH/CodeIgniter.php(509): CodeIgniter\CodeIgniter->runController(Object(App\Controllers\QuestionnairesController))
 4 SYSTEMPATH/CodeIgniter.php(355): CodeIgniter\CodeIgniter->handleRequest(null, Object(Config\Cache), false)
 5 SYSTEMPATH/Boot.php(325): CodeIgniter\CodeIgniter->run()
 6 SYSTEMPATH/Boot.php(67): CodeIgniter\Boot::runCodeIgniter(Object(CodeIgniter\CodeIgniter))
 7 FCPATH/index.php(63): CodeIgniter\Boot::bootWeb(Object(Config\Paths))
 8 SYSTEMPATH/rewrite.php(44): require_once('/opt/lampp/htdocs/proWebAPI/public/index.php')
INFO - 2024-12-08 04:06:20 --> Session: Class initialized using 'CodeIgniter\Session\Handlers\FileHandler' driver.
INFO - 2024-12-08 04:09:02 --> Session: Class initialized using 'CodeIgniter\Session\Handlers\FileHandler' driver.
INFO - 2024-12-08 04:09:05 --> Session: Class initialized using 'CodeIgniter\Session\Handlers\FileHandler' driver.
INFO - 2024-12-08 04:12:00 --> Session: Class initialized using 'CodeIgniter\Session\Handlers\FileHandler' driver.
INFO - 2024-12-08 04:12:07 --> Session: Class initialized using 'CodeIgniter\Session\Handlers\FileHandler' driver.
INFO - 2024-12-08 04:13:20 --> Session: Class initialized using 'CodeIgniter\Session\Handlers\FileHandler' driver.
CRITICAL - 2024-12-08 04:17:25 --> CodeIgniter\HTTP\Exceptions\HTTPException: Failed to parse JSON string. Error: Syntax error
[Method: POST, Route: api/questionnaires/submit]
in SYSTEMPATH/HTTP/IncomingRequest.php on line 537.
 1 SYSTEMPATH/HTTP/IncomingRequest.php(537): CodeIgniter\HTTP\Exceptions\HTTPException::forInvalidJSON('Syntax error')
 2 APPPATH/Controllers/QuestionnairesController.php(181): CodeIgniter\HTTP\IncomingRequest->getJSON(true)
 3 SYSTEMPATH/CodeIgniter.php(933): App\Controllers\QuestionnairesController->submit()
 4 SYSTEMPATH/CodeIgniter.php(509): CodeIgniter\CodeIgniter->runController(Object(App\Controllers\QuestionnairesController))
 5 SYSTEMPATH/CodeIgniter.php(355): CodeIgniter\CodeIgniter->handleRequest(null, Object(Config\Cache), false)
 6 SYSTEMPATH/Boot.php(325): CodeIgniter\CodeIgniter->run()
 7 SYSTEMPATH/Boot.php(67): CodeIgniter\Boot::runCodeIgniter(Object(CodeIgniter\CodeIgniter))
 8 FCPATH/index.php(63): CodeIgniter\Boot::bootWeb(Object(Config\Paths))
 9 SYSTEMPATH/rewrite.php(44): require_once('/opt/lampp/htdocs/proWebAPI/public/index.php')
CRITICAL - 2024-12-08 04:21:40 --> TypeError: App\Controllers\QuestionnairesController::addAttachments(): Argument #1 ($questionnaireId) must be of type int, string given, called in /opt/lampp/htdocs/proWebAPI/app/Controllers/QuestionnairesController.php on line 195
[Method: POST, Route: api/questionnaires/submit]
in APPPATH/Controllers/QuestionnairesController.php on line 219.
 1 APPPATH/Controllers/QuestionnairesController.php(195): App\Controllers\QuestionnairesController->addAttachments('0aaba7db-0f32-497b-b0f7-74a8bdaee841')
 2 SYSTEMPATH/CodeIgniter.php(933): App\Controllers\QuestionnairesController->submit()
 3 SYSTEMPATH/CodeIgniter.php(509): CodeIgniter\CodeIgniter->runController(Object(App\Controllers\QuestionnairesController))
 4 SYSTEMPATH/CodeIgniter.php(355): CodeIgniter\CodeIgniter->handleRequest(null, Object(Config\Cache), false)
 5 SYSTEMPATH/Boot.php(325): CodeIgniter\CodeIgniter->run()
 6 SYSTEMPATH/Boot.php(67): CodeIgniter\Boot::runCodeIgniter(Object(CodeIgniter\CodeIgniter))
 7 FCPATH/index.php(63): CodeIgniter\Boot::bootWeb(Object(Config\Paths))
 8 SYSTEMPATH/rewrite.php(44): require_once('/opt/lampp/htdocs/proWebAPI/public/index.php')
CRITICAL - 2024-12-08 04:23:02 --> TypeError: App\Controllers\QuestionnairesController::addAttachments(): Argument #1 ($questionnaireId) must be of type int, string given, called in /opt/lampp/htdocs/proWebAPI/app/Controllers/QuestionnairesController.php on line 195
[Method: POST, Route: api/questionnaires/submit]
in APPPATH/Controllers/QuestionnairesController.php on line 219.
 1 APPPATH/Controllers/QuestionnairesController.php(195): App\Controllers\QuestionnairesController->addAttachments('e8f60ab8-443a-42b4-b656-8a59520d85f3')
 2 SYSTEMPATH/CodeIgniter.php(933): App\Controllers\QuestionnairesController->submit()
 3 SYSTEMPATH/CodeIgniter.php(509): CodeIgniter\CodeIgniter->runController(Object(App\Controllers\QuestionnairesController))
 4 SYSTEMPATH/CodeIgniter.php(355): CodeIgniter\CodeIgniter->handleRequest(null, Object(Config\Cache), false)
 5 SYSTEMPATH/Boot.php(325): CodeIgniter\CodeIgniter->run()
 6 SYSTEMPATH/Boot.php(67): CodeIgniter\Boot::runCodeIgniter(Object(CodeIgniter\CodeIgniter))
 7 FCPATH/index.php(63): CodeIgniter\Boot::bootWeb(Object(Config\Paths))
 8 SYSTEMPATH/rewrite.php(44): require_once('/opt/lampp/htdocs/proWebAPI/public/index.php')
CRITICAL - 2024-12-08 04:23:38 --> ErrorException: Undefined array key "attachments"
[Method: POST, Route: api/questionnaires/submit]
in APPPATH/Controllers/QuestionnairesController.php on line 229.
 1 APPPATH/Controllers/QuestionnairesController.php(229): CodeIgniter\Debug\Exceptions->errorHandler(2, 'Undefined array key "attachments"', '/opt/lampp/htdocs/proWebAPI/app/Controllers/QuestionnairesController.php', 229)
 2 APPPATH/Controllers/QuestionnairesController.php(195): App\Controllers\QuestionnairesController->addAttachments('a4fed8f9-de7c-4c8f-8145-b30552f3f856')
 3 SYSTEMPATH/CodeIgniter.php(933): App\Controllers\QuestionnairesController->submit()
 4 SYSTEMPATH/CodeIgniter.php(509): CodeIgniter\CodeIgniter->runController(Object(App\Controllers\QuestionnairesController))
 5 SYSTEMPATH/CodeIgniter.php(355): CodeIgniter\CodeIgniter->handleRequest(null, Object(Config\Cache), false)
 6 SYSTEMPATH/Boot.php(325): CodeIgniter\CodeIgniter->run()
 7 SYSTEMPATH/Boot.php(67): CodeIgniter\Boot::runCodeIgniter(Object(CodeIgniter\CodeIgniter))
 8 FCPATH/index.php(63): CodeIgniter\Boot::bootWeb(Object(Config\Paths))
 9 SYSTEMPATH/rewrite.php(44): require_once('/opt/lampp/htdocs/proWebAPI/public/index.php')
INFO - 2024-12-08 04:23:48 --> Session: Class initialized using 'CodeIgniter\Session\Handlers\FileHandler' driver.
INFO - 2024-12-08 04:25:04 --> Session: Class initialized using 'CodeIgniter\Session\Handlers\FileHandler' driver.
INFO - 2024-12-08 04:29:01 --> Session: Class initialized using 'CodeIgniter\Session\Handlers\FileHandler' driver.
CRITICAL - 2024-12-08 04:29:22 --> ErrorException: Undefined array key "attachments"
[Method: POST, Route: api/questionnaires/submit]
in APPPATH/Controllers/QuestionnairesController.php on line 230.
 1 APPPATH/Controllers/QuestionnairesController.php(230): CodeIgniter\Debug\Exceptions->errorHandler(2, 'Undefined array key "attachments"', '/opt/lampp/htdocs/proWebAPI/app/Controllers/QuestionnairesController.php', 230)
 2 APPPATH/Controllers/QuestionnairesController.php(195): App\Controllers\QuestionnairesController->addAttachments('b2a51205-7dd3-4701-aaa0-4eec7eff428a')
 3 SYSTEMPATH/CodeIgniter.php(933): App\Controllers\QuestionnairesController->submit()
 4 SYSTEMPATH/CodeIgniter.php(509): CodeIgniter\CodeIgniter->runController(Object(App\Controllers\QuestionnairesController))
 5 SYSTEMPATH/CodeIgniter.php(355): CodeIgniter\CodeIgniter->handleRequest(null, Object(Config\Cache), false)
 6 SYSTEMPATH/Boot.php(325): CodeIgniter\CodeIgniter->run()
 7 SYSTEMPATH/Boot.php(67): CodeIgniter\Boot::runCodeIgniter(Object(CodeIgniter\CodeIgniter))
 8 FCPATH/index.php(63): CodeIgniter\Boot::bootWeb(Object(Config\Paths))
 9 SYSTEMPATH/rewrite.php(44): require_once('/opt/lampp/htdocs/proWebAPI/public/index.php')
INFO - 2024-12-08 04:29:52 --> Session: Class initialized using 'CodeIgniter\Session\Handlers\FileHandler' driver.
INFO - 2024-12-08 04:31:17 --> Session: Class initialized using 'CodeIgniter\Session\Handlers\FileHandler' driver.
INFO - 2024-12-08 04:31:19 --> Session: Class initialized using 'CodeIgniter\Session\Handlers\FileHandler' driver.
CRITICAL - 2024-12-08 04:37:38 --> TypeError: App\Controllers\QuestionnairesController::addAttachments(): Argument #1 ($questionnaireId) must be of type int, string given, called in /opt/lampp/htdocs/proWebAPI/app/Controllers/QuestionnairesController.php on line 195
[Method: POST, Route: api/questionnaires/submit]
in APPPATH/Controllers/QuestionnairesController.php on line 280.
 1 APPPATH/Controllers/QuestionnairesController.php(195): App\Controllers\QuestionnairesController->addAttachments('ec295bf9-b8f0-42b1-92e7-cda20d0fb6b3')
 2 SYSTEMPATH/CodeIgniter.php(933): App\Controllers\QuestionnairesController->submit()
 3 SYSTEMPATH/CodeIgniter.php(509): CodeIgniter\CodeIgniter->runController(Object(App\Controllers\QuestionnairesController))
 4 SYSTEMPATH/CodeIgniter.php(355): CodeIgniter\CodeIgniter->handleRequest(null, Object(Config\Cache), false)
 5 SYSTEMPATH/Boot.php(325): CodeIgniter\CodeIgniter->run()
 6 SYSTEMPATH/Boot.php(67): CodeIgniter\Boot::runCodeIgniter(Object(CodeIgniter\CodeIgniter))
 7 FCPATH/index.php(63): CodeIgniter\Boot::bootWeb(Object(Config\Paths))
 8 SYSTEMPATH/rewrite.php(44): require_once('/opt/lampp/htdocs/proWebAPI/public/index.php')
CRITICAL - 2024-12-08 04:37:53 --> ErrorException: finfo_file(/opt/lampp/temp/phpwYXUUY): Failed to open stream: No such file or directory
[Method: POST, Route: api/questionnaires/submit]
in SYSTEMPATH/Files/File.php on line 115.
 1 [internal function]: CodeIgniter\Debug\Exceptions->errorHandler(2, 'finfo_file(/opt/lampp/temp/phpwYXUUY): Failed to open stream: No such file or directory', '/opt/lampp/htdocs/proWebAPI/vendor/codeigniter4/framework/system/Files/File.php', 115)
 2 SYSTEMPATH/Files/File.php(115): finfo_file(Object(finfo), '/opt/lampp/temp/phpwYXUUY')
 3 SYSTEMPATH/HTTP/Files/UploadedFile.php(316): CodeIgniter\Files\File->getMimeType()
 4 SYSTEMPATH/HTTP/Files/UploadedFile.php(305): CodeIgniter\HTTP\Files\UploadedFile->guessExtension()
 5 APPPATH/Controllers/QuestionnairesController.php(305): CodeIgniter\HTTP\Files\UploadedFile->getExtension()
 6 APPPATH/Controllers/QuestionnairesController.php(195): App\Controllers\QuestionnairesController->addAttachments('b7c304cb-e426-4715-8537-18a84d9604a2')
 7 SYSTEMPATH/CodeIgniter.php(933): App\Controllers\QuestionnairesController->submit()
 8 SYSTEMPATH/CodeIgniter.php(509): CodeIgniter\CodeIgniter->runController(Object(App\Controllers\QuestionnairesController))
 9 SYSTEMPATH/CodeIgniter.php(355): CodeIgniter\CodeIgniter->handleRequest(null, Object(Config\Cache), false)
10 SYSTEMPATH/Boot.php(325): CodeIgniter\CodeIgniter->run()
11 SYSTEMPATH/Boot.php(67): CodeIgniter\Boot::runCodeIgniter(Object(CodeIgniter\CodeIgniter))
12 FCPATH/index.php(63): CodeIgniter\Boot::bootWeb(Object(Config\Paths))
13 SYSTEMPATH/rewrite.php(44): require_once('/opt/lampp/htdocs/proWebAPI/public/index.php')
CRITICAL - 2024-12-08 04:38:02 --> ErrorException: finfo_file(/opt/lampp/temp/phphFzoBN): Failed to open stream: No such file or directory
[Method: POST, Route: api/questionnaires/submit]
in SYSTEMPATH/Files/File.php on line 115.
 1 [internal function]: CodeIgniter\Debug\Exceptions->errorHandler(2, 'finfo_file(/opt/lampp/temp/phphFzoBN): Failed to open stream: No such file or directory', '/opt/lampp/htdocs/proWebAPI/vendor/codeigniter4/framework/system/Files/File.php', 115)
 2 SYSTEMPATH/Files/File.php(115): finfo_file(Object(finfo), '/opt/lampp/temp/phphFzoBN')
 3 SYSTEMPATH/HTTP/Files/UploadedFile.php(316): CodeIgniter\Files\File->getMimeType()
 4 SYSTEMPATH/HTTP/Files/UploadedFile.php(305): CodeIgniter\HTTP\Files\UploadedFile->guessExtension()
 5 APPPATH/Controllers/QuestionnairesController.php(305): CodeIgniter\HTTP\Files\UploadedFile->getExtension()
 6 APPPATH/Controllers/QuestionnairesController.php(195): App\Controllers\QuestionnairesController->addAttachments('69c998a2-1f7b-4d49-9140-091aaccf074f')
 7 SYSTEMPATH/CodeIgniter.php(933): App\Controllers\QuestionnairesController->submit()
 8 SYSTEMPATH/CodeIgniter.php(509): CodeIgniter\CodeIgniter->runController(Object(App\Controllers\QuestionnairesController))
 9 SYSTEMPATH/CodeIgniter.php(355): CodeIgniter\CodeIgniter->handleRequest(null, Object(Config\Cache), false)
10 SYSTEMPATH/Boot.php(325): CodeIgniter\CodeIgniter->run()
11 SYSTEMPATH/Boot.php(67): CodeIgniter\Boot::runCodeIgniter(Object(CodeIgniter\CodeIgniter))
12 FCPATH/index.php(63): CodeIgniter\Boot::bootWeb(Object(Config\Paths))
13 SYSTEMPATH/rewrite.php(44): require_once('/opt/lampp/htdocs/proWebAPI/public/index.php')
CRITICAL - 2024-12-08 04:38:46 --> ErrorException: finfo_file(/opt/lampp/temp/phpIZcNeV): Failed to open stream: No such file or directory
[Method: POST, Route: api/questionnaires/submit]
in SYSTEMPATH/Files/File.php on line 115.
 1 [internal function]: CodeIgniter\Debug\Exceptions->errorHandler(2, 'finfo_file(/opt/lampp/temp/phpIZcNeV): Failed to open stream: No such file or directory', '/opt/lampp/htdocs/proWebAPI/vendor/codeigniter4/framework/system/Files/File.php', 115)
 2 SYSTEMPATH/Files/File.php(115): finfo_file(Object(finfo), '/opt/lampp/temp/phpIZcNeV')
 3 SYSTEMPATH/HTTP/Files/UploadedFile.php(316): CodeIgniter\Files\File->getMimeType()
 4 SYSTEMPATH/HTTP/Files/UploadedFile.php(305): CodeIgniter\HTTP\Files\UploadedFile->guessExtension()
 5 APPPATH/Controllers/QuestionnairesController.php(305): CodeIgniter\HTTP\Files\UploadedFile->getExtension()
 6 APPPATH/Controllers/QuestionnairesController.php(195): App\Controllers\QuestionnairesController->addAttachments('54fe58af-efb3-4910-911d-843f6d9207ae')
 7 SYSTEMPATH/CodeIgniter.php(933): App\Controllers\QuestionnairesController->submit()
 8 SYSTEMPATH/CodeIgniter.php(509): CodeIgniter\CodeIgniter->runController(Object(App\Controllers\QuestionnairesController))
 9 SYSTEMPATH/CodeIgniter.php(355): CodeIgniter\CodeIgniter->handleRequest(null, Object(Config\Cache), false)
10 SYSTEMPATH/Boot.php(325): CodeIgniter\CodeIgniter->run()
11 SYSTEMPATH/Boot.php(67): CodeIgniter\Boot::runCodeIgniter(Object(CodeIgniter\CodeIgniter))
12 FCPATH/index.php(63): CodeIgniter\Boot::bootWeb(Object(Config\Paths))
13 SYSTEMPATH/rewrite.php(44): require_once('/opt/lampp/htdocs/proWebAPI/public/index.php')
CRITICAL - 2024-12-08 04:39:46 --> ErrorException: finfo_file(/opt/lampp/temp/phplGpiji): Failed to open stream: No such file or directory
[Method: POST, Route: api/questionnaires/submit]
in SYSTEMPATH/Files/File.php on line 115.
 1 [internal function]: CodeIgniter\Debug\Exceptions->errorHandler(2, 'finfo_file(/opt/lampp/temp/phplGpiji): Failed to open stream: No such file or directory', '/opt/lampp/htdocs/proWebAPI/vendor/codeigniter4/framework/system/Files/File.php', 115)
 2 SYSTEMPATH/Files/File.php(115): finfo_file(Object(finfo), '/opt/lampp/temp/phplGpiji')
 3 SYSTEMPATH/HTTP/Files/UploadedFile.php(316): CodeIgniter\Files\File->getMimeType()
 4 SYSTEMPATH/HTTP/Files/UploadedFile.php(305): CodeIgniter\HTTP\Files\UploadedFile->guessExtension()
 5 APPPATH/Controllers/QuestionnairesController.php(309): CodeIgniter\HTTP\Files\UploadedFile->getExtension()
 6 APPPATH/Controllers/QuestionnairesController.php(195): App\Controllers\QuestionnairesController->addAttachments('e677fbc2-b060-4c55-b0d7-8998788de549')
 7 SYSTEMPATH/CodeIgniter.php(933): App\Controllers\QuestionnairesController->submit()
 8 SYSTEMPATH/CodeIgniter.php(509): CodeIgniter\CodeIgniter->runController(Object(App\Controllers\QuestionnairesController))
 9 SYSTEMPATH/CodeIgniter.php(355): CodeIgniter\CodeIgniter->handleRequest(null, Object(Config\Cache), false)
10 SYSTEMPATH/Boot.php(325): CodeIgniter\CodeIgniter->run()
11 SYSTEMPATH/Boot.php(67): CodeIgniter\Boot::runCodeIgniter(Object(CodeIgniter\CodeIgniter))
12 FCPATH/index.php(63): CodeIgniter\Boot::bootWeb(Object(Config\Paths))
13 SYSTEMPATH/rewrite.php(44): require_once('/opt/lampp/htdocs/proWebAPI/public/index.php')
CRITICAL - 2024-12-08 04:40:49 --> ErrorException: finfo_file(/opt/lampp/temp/phpakV2Vr): Failed to open stream: No such file or directory
[Method: POST, Route: api/questionnaires/submit]
in SYSTEMPATH/Files/File.php on line 115.
 1 [internal function]: CodeIgniter\Debug\Exceptions->errorHandler(2, 'finfo_file(/opt/lampp/temp/phpakV2Vr): Failed to open stream: No such file or directory', '/opt/lampp/htdocs/proWebAPI/vendor/codeigniter4/framework/system/Files/File.php', 115)
 2 SYSTEMPATH/Files/File.php(115): finfo_file(Object(finfo), '/opt/lampp/temp/phpakV2Vr')
 3 SYSTEMPATH/HTTP/Files/UploadedFile.php(316): CodeIgniter\Files\File->getMimeType()
 4 SYSTEMPATH/HTTP/Files/UploadedFile.php(305): CodeIgniter\HTTP\Files\UploadedFile->guessExtension()
 5 APPPATH/Controllers/QuestionnairesController.php(309): CodeIgniter\HTTP\Files\UploadedFile->getExtension()
 6 APPPATH/Controllers/QuestionnairesController.php(195): App\Controllers\QuestionnairesController->addAttachments('00b8df28-0232-4744-9814-d0950bd3e141')
 7 SYSTEMPATH/CodeIgniter.php(933): App\Controllers\QuestionnairesController->submit()
 8 SYSTEMPATH/CodeIgniter.php(509): CodeIgniter\CodeIgniter->runController(Object(App\Controllers\QuestionnairesController))
 9 SYSTEMPATH/CodeIgniter.php(355): CodeIgniter\CodeIgniter->handleRequest(null, Object(Config\Cache), false)
10 SYSTEMPATH/Boot.php(325): CodeIgniter\CodeIgniter->run()
11 SYSTEMPATH/Boot.php(67): CodeIgniter\Boot::runCodeIgniter(Object(CodeIgniter\CodeIgniter))
12 FCPATH/index.php(63): CodeIgniter\Boot::bootWeb(Object(Config\Paths))
13 SYSTEMPATH/rewrite.php(44): require_once('/opt/lampp/htdocs/proWebAPI/public/index.php')
INFO - 2024-12-08 04:42:24 --> Session: Class initialized using 'CodeIgniter\Session\Handlers\FileHandler' driver.
INFO - 2024-12-08 04:42:37 --> Session: Class initialized using 'CodeIgniter\Session\Handlers\FileHandler' driver.
INFO - 2024-12-08 04:42:52 --> Session: Class initialized using 'CodeIgniter\Session\Handlers\FileHandler' driver.
INFO - 2024-12-08 04:43:02 --> Session: Class initialized using 'CodeIgniter\Session\Handlers\FileHandler' driver.
INFO - 2024-12-08 04:46:37 --> Session: Class initialized using 'CodeIgniter\Session\Handlers\FileHandler' driver.
INFO - 2024-12-08 04:46:39 --> Session: Class initialized using 'CodeIgniter\Session\Handlers\FileHandler' driver.
INFO - 2024-12-08 04:46:41 --> Session: Class initialized using 'CodeIgniter\Session\Handlers\FileHandler' driver.
INFO - 2024-12-08 04:46:58 --> Session: Class initialized using 'CodeIgniter\Session\Handlers\FileHandler' driver.
INFO - 2024-12-08 04:49:33 --> Session: Class initialized using 'CodeIgniter\Session\Handlers\FileHandler' driver.
INFO - 2024-12-08 04:50:40 --> Session: Class initialized using 'CodeIgniter\Session\Handlers\FileHandler' driver.
INFO - 2024-12-08 04:51:56 --> Session: Class initialized using 'CodeIgniter\Session\Handlers\FileHandler' driver.
WARNING - 2024-12-08 04:52:36 --> [DEPRECATED] Creation of dynamic property App\Controllers\QuestionnairesController::$questionnaireSubmissionModelAttachmentModel is deprecated in APPPATH/Controllers/QuestionnairesController.php on line 20.
 1 SYSTEMPATH/CodeIgniter.php(903): App\Controllers\QuestionnairesController->__construct()
 2 SYSTEMPATH/CodeIgniter.php(500): CodeIgniter\CodeIgniter->createController()
 3 SYSTEMPATH/CodeIgniter.php(355): CodeIgniter\CodeIgniter->handleRequest(null, Object(Config\Cache), false)
 4 SYSTEMPATH/Boot.php(325): CodeIgniter\CodeIgniter->run()
 5 SYSTEMPATH/Boot.php(67): CodeIgniter\Boot::runCodeIgniter(Object(CodeIgniter\CodeIgniter))
 6 FCPATH/index.php(63): CodeIgniter\Boot::bootWeb(Object(Config\Paths))
 7 SYSTEMPATH/rewrite.php(44): require_once('/opt/lampp/htdocs/proWebAPI/public/index.php')
CRITICAL - 2024-12-08 04:52:36 --> Error: Call to a member function insert() on null
[Method: POST, Route: api/questionnaires/submit]
in APPPATH/Controllers/QuestionnairesController.php on line 319.
 1 APPPATH/Controllers/QuestionnairesController.php(195): App\Controllers\QuestionnairesController->addAttachments('2778a5e5-f828-4ad7-92ff-ef4ce5e9ff96')
 2 SYSTEMPATH/CodeIgniter.php(933): App\Controllers\QuestionnairesController->submit()
 3 SYSTEMPATH/CodeIgniter.php(509): CodeIgniter\CodeIgniter->runController(Object(App\Controllers\QuestionnairesController))
 4 SYSTEMPATH/CodeIgniter.php(355): CodeIgniter\CodeIgniter->handleRequest(null, Object(Config\Cache), false)
 5 SYSTEMPATH/Boot.php(325): CodeIgniter\CodeIgniter->run()
 6 SYSTEMPATH/Boot.php(67): CodeIgniter\Boot::runCodeIgniter(Object(CodeIgniter\CodeIgniter))
 7 FCPATH/index.php(63): CodeIgniter\Boot::bootWeb(Object(Config\Paths))
 8 SYSTEMPATH/rewrite.php(44): require_once('/opt/lampp/htdocs/proWebAPI/public/index.php')
WARNING - 2024-12-08 04:54:33 --> [DEPRECATED] Creation of dynamic property App\Controllers\QuestionnairesController::$questionnaireSubmissionModelAttachmentModel is deprecated in APPPATH/Controllers/QuestionnairesController.php on line 20.
 1 SYSTEMPATH/CodeIgniter.php(903): App\Controllers\QuestionnairesController->__construct()
 2 SYSTEMPATH/CodeIgniter.php(500): CodeIgniter\CodeIgniter->createController()
 3 SYSTEMPATH/CodeIgniter.php(355): CodeIgniter\CodeIgniter->handleRequest(null, Object(Config\Cache), false)
 4 SYSTEMPATH/Boot.php(325): CodeIgniter\CodeIgniter->run()
 5 SYSTEMPATH/Boot.php(67): CodeIgniter\Boot::runCodeIgniter(Object(CodeIgniter\CodeIgniter))
 6 FCPATH/index.php(63): CodeIgniter\Boot::bootWeb(Object(Config\Paths))
 7 SYSTEMPATH/rewrite.php(44): require_once('/opt/lampp/htdocs/proWebAPI/public/index.php')
INFO - 2024-12-08 04:54:33 --> Session: Class initialized using 'CodeIgniter\Session\Handlers\FileHandler' driver.
WARNING - 2024-12-08 04:55:26 --> [DEPRECATED] Creation of dynamic property App\Controllers\QuestionnairesController::$questionnaireSubmissionModelAttachmentModel is deprecated in APPPATH/Controllers/QuestionnairesController.php on line 20.
 1 SYSTEMPATH/CodeIgniter.php(903): App\Controllers\QuestionnairesController->__construct()
 2 SYSTEMPATH/CodeIgniter.php(500): CodeIgniter\CodeIgniter->createController()
 3 SYSTEMPATH/CodeIgniter.php(355): CodeIgniter\CodeIgniter->handleRequest(null, Object(Config\Cache), false)
 4 SYSTEMPATH/Boot.php(325): CodeIgniter\CodeIgniter->run()
 5 SYSTEMPATH/Boot.php(67): CodeIgniter\Boot::runCodeIgniter(Object(CodeIgniter\CodeIgniter))
 6 FCPATH/index.php(63): CodeIgniter\Boot::bootWeb(Object(Config\Paths))
 7 SYSTEMPATH/rewrite.php(44): require_once('/opt/lampp/htdocs/proWebAPI/public/index.php')
CRITICAL - 2024-12-08 04:55:26 --> Error: Call to a member function save() on null
[Method: POST, Route: api/questionnaires/submit]
in APPPATH/Controllers/QuestionnairesController.php on line 321.
 1 APPPATH/Controllers/QuestionnairesController.php(195): App\Controllers\QuestionnairesController->addAttachments('03dcee10-6eda-4ab1-abc3-bc22606c3fa2')
 2 SYSTEMPATH/CodeIgniter.php(933): App\Controllers\QuestionnairesController->submit()
 3 SYSTEMPATH/CodeIgniter.php(509): CodeIgniter\CodeIgniter->runController(Object(App\Controllers\QuestionnairesController))
 4 SYSTEMPATH/CodeIgniter.php(355): CodeIgniter\CodeIgniter->handleRequest(null, Object(Config\Cache), false)
 5 SYSTEMPATH/Boot.php(325): CodeIgniter\CodeIgniter->run()
 6 SYSTEMPATH/Boot.php(67): CodeIgniter\Boot::runCodeIgniter(Object(CodeIgniter\CodeIgniter))
 7 FCPATH/index.php(63): CodeIgniter\Boot::bootWeb(Object(Config\Paths))
 8 SYSTEMPATH/rewrite.php(44): require_once('/opt/lampp/htdocs/proWebAPI/public/index.php')
INFO - 2024-12-08 04:57:15 --> Session: Class initialized using 'CodeIgniter\Session\Handlers\FileHandler' driver.
INFO - 2024-12-08 04:57:53 --> Session: Class initialized using 'CodeIgniter\Session\Handlers\FileHandler' driver.
INFO - 2024-12-08 04:58:35 --> Session: Class initialized using 'CodeIgniter\Session\Handlers\FileHandler' driver.
INFO - 2024-12-08 04:58:39 --> Session: Class initialized using 'CodeIgniter\Session\Handlers\FileHandler' driver.
INFO - 2024-12-08 05:00:01 --> Session: Class initialized using 'CodeIgniter\Session\Handlers\FileHandler' driver.
INFO - 2024-12-08 05:01:41 --> Session: Class initialized using 'CodeIgniter\Session\Handlers\FileHandler' driver.
INFO - 2024-12-08 05:04:08 --> Session: Class initialized using 'CodeIgniter\Session\Handlers\FileHandler' driver.
INFO - 2024-12-08 05:04:47 --> Session: Class initialized using 'CodeIgniter\Session\Handlers\FileHandler' driver.
INFO - 2024-12-08 05:11:27 --> Session: Class initialized using 'CodeIgniter\Session\Handlers\FileHandler' driver.
INFO - 2024-12-08 05:12:38 --> Session: Class initialized using 'CodeIgniter\Session\Handlers\FileHandler' driver.
INFO - 2024-12-08 05:14:42 --> Session: Class initialized using 'CodeIgniter\Session\Handlers\FileHandler' driver.
INFO - 2024-12-08 05:15:12 --> Session: Class initialized using 'CodeIgniter\Session\Handlers\FileHandler' driver.
INFO - 2024-12-08 05:15:18 --> Session: Class initialized using 'CodeIgniter\Session\Handlers\FileHandler' driver.
INFO - 2024-12-08 05:15:39 --> Session: Class initialized using 'CodeIgniter\Session\Handlers\FileHandler' driver.
INFO - 2024-12-08 05:16:02 --> Session: Class initialized using 'CodeIgniter\Session\Handlers\FileHandler' driver.
INFO - 2024-12-08 05:17:17 --> Session: Class initialized using 'CodeIgniter\Session\Handlers\FileHandler' driver.
INFO - 2024-12-08 05:19:36 --> Session: Class initialized using 'CodeIgniter\Session\Handlers\FileHandler' driver.
INFO - 2024-12-08 05:20:29 --> Session: Class initialized using 'CodeIgniter\Session\Handlers\FileHandler' driver.
INFO - 2024-12-08 05:24:16 --> Session: Class initialized using 'CodeIgniter\Session\Handlers\FileHandler' driver.
INFO - 2024-12-08 05:24:41 --> Session: Class initialized using 'CodeIgniter\Session\Handlers\FileHandler' driver.
INFO - 2024-12-08 05:36:13 --> Session: Class initialized using 'CodeIgniter\Session\Handlers\FileHandler' driver.
CRITICAL - 2024-12-08 05:36:42 --> ErrorException: file_get_contents(): Read of 12288 bytes failed with errno=21 Is a directory
[Method: GET, Route: uploads/submissions/5b8c62d5-3df2-4215-9896-9bd2f8eaadef/1733636173_4601ff413f43ad807a31.xlsx]
in APPPATH/Controllers/ImageController.php on line 19.
 1 [internal function]: CodeIgniter\Debug\Exceptions->errorHandler(8, 'file_get_contents(): Read of 12288 bytes failed with errno=21 Is a directory', '/opt/lampp/htdocs/proWebAPI/app/Controllers/ImageController.php', 19)
 2 APPPATH/Controllers/ImageController.php(19): file_get_contents('/opt/lampp/htdocs/proWebAPI/writable/uploads/submissions')
 3 SYSTEMPATH/CodeIgniter.php(933): App\Controllers\ImageController->serveImage('submissions', '5b8c62d5-3df2-4215-9896-9bd2f8eaadef', '1733636173_4601ff413f43ad807a31.xlsx')
 4 SYSTEMPATH/CodeIgniter.php(509): CodeIgniter\CodeIgniter->runController(Object(App\Controllers\ImageController))
 5 SYSTEMPATH/CodeIgniter.php(355): CodeIgniter\CodeIgniter->handleRequest(null, Object(Config\Cache), false)
 6 SYSTEMPATH/Boot.php(325): CodeIgniter\CodeIgniter->run()
 7 SYSTEMPATH/Boot.php(67): CodeIgniter\Boot::runCodeIgniter(Object(CodeIgniter\CodeIgniter))
 8 FCPATH/index.php(63): CodeIgniter\Boot::bootWeb(Object(Config\Paths))
 9 SYSTEMPATH/rewrite.php(44): require_once('/opt/lampp/htdocs/proWebAPI/public/index.php')
CRITICAL - 2024-12-08 05:39:24 --> ErrorException: Undefined variable $filename
[Method: GET, Route: uploads/submissions/5b8c62d5-3df2-4215-9896-9bd2f8eaadef/1733636173_4601ff413f43ad807a31.xlsx]
in APPPATH/Controllers/ImageController.php on line 14.
 1 APPPATH/Controllers/ImageController.php(14): CodeIgniter\Debug\Exceptions->errorHandler(2, 'Undefined variable $filename', '/opt/lampp/htdocs/proWebAPI/app/Controllers/ImageController.php', 14)
 2 SYSTEMPATH/CodeIgniter.php(933): App\Controllers\ImageController->serveImage('submissions', '5b8c62d5-3df2-4215-9896-9bd2f8eaadef', '1733636173_4601ff413f43ad807a31.xlsx')
 3 SYSTEMPATH/CodeIgniter.php(509): CodeIgniter\CodeIgniter->runController(Object(App\Controllers\ImageController))
 4 SYSTEMPATH/CodeIgniter.php(355): CodeIgniter\CodeIgniter->handleRequest(null, Object(Config\Cache), false)
 5 SYSTEMPATH/Boot.php(325): CodeIgniter\CodeIgniter->run()
 6 SYSTEMPATH/Boot.php(67): CodeIgniter\Boot::runCodeIgniter(Object(CodeIgniter\CodeIgniter))
 7 FCPATH/index.php(63): CodeIgniter\Boot::bootWeb(Object(Config\Paths))
 8 SYSTEMPATH/rewrite.php(44): require_once('/opt/lampp/htdocs/proWebAPI/public/index.php')
CRITICAL - 2024-12-08 05:40:35 --> ErrorException: file_get_contents(): Read of 12288 bytes failed with errno=21 Is a directory
[Method: GET, Route: uploads/submissions/5b8c62d5-3df2-4215-9896-9bd2f8eaadef/1733636173_4601ff413f43ad807a31.xlsx]
in APPPATH/Controllers/ImageController.php on line 19.
 1 [internal function]: CodeIgniter\Debug\Exceptions->errorHandler(8, 'file_get_contents(): Read of 12288 bytes failed with errno=21 Is a directory', '/opt/lampp/htdocs/proWebAPI/app/Controllers/ImageController.php', 19)
 2 APPPATH/Controllers/ImageController.php(19): file_get_contents('/opt/lampp/htdocs/proWebAPI/writable/uploads/submissions')
 3 SYSTEMPATH/CodeIgniter.php(933): App\Controllers\ImageController->serveImage('submissions', '5b8c62d5-3df2-4215-9896-9bd2f8eaadef', '1733636173_4601ff413f43ad807a31.xlsx')
 4 SYSTEMPATH/CodeIgniter.php(509): CodeIgniter\CodeIgniter->runController(Object(App\Controllers\ImageController))
 5 SYSTEMPATH/CodeIgniter.php(355): CodeIgniter\CodeIgniter->handleRequest(null, Object(Config\Cache), false)
 6 SYSTEMPATH/Boot.php(325): CodeIgniter\CodeIgniter->run()
 7 SYSTEMPATH/Boot.php(67): CodeIgniter\Boot::runCodeIgniter(Object(CodeIgniter\CodeIgniter))
 8 FCPATH/index.php(63): CodeIgniter\Boot::bootWeb(Object(Config\Paths))
 9 SYSTEMPATH/rewrite.php(44): require_once('/opt/lampp/htdocs/proWebAPI/public/index.php')
CRITICAL - 2024-12-08 05:45:31 --> ErrorException: Undefined variable $uploadStatus
[Method: POST, Route: api/questionnaires/submit]
in APPPATH/Controllers/QuestionnairesController.php on line 196.
 1 APPPATH/Controllers/QuestionnairesController.php(196): CodeIgniter\Debug\Exceptions->errorHandler(2, 'Undefined variable $uploadStatus', '/opt/lampp/htdocs/proWebAPI/app/Controllers/QuestionnairesController.php', 196)
 2 SYSTEMPATH/CodeIgniter.php(933): App\Controllers\QuestionnairesController->submit()
 3 SYSTEMPATH/CodeIgniter.php(509): CodeIgniter\CodeIgniter->runController(Object(App\Controllers\QuestionnairesController))
 4 SYSTEMPATH/CodeIgniter.php(355): CodeIgniter\CodeIgniter->handleRequest(null, Object(Config\Cache), false)
 5 SYSTEMPATH/Boot.php(325): CodeIgniter\CodeIgniter->run()
 6 SYSTEMPATH/Boot.php(67): CodeIgniter\Boot::runCodeIgniter(Object(CodeIgniter\CodeIgniter))
 7 FCPATH/index.php(63): CodeIgniter\Boot::bootWeb(Object(Config\Paths))
 8 SYSTEMPATH/rewrite.php(44): require_once('/opt/lampp/htdocs/proWebAPI/public/index.php')
INFO - 2024-12-08 05:46:18 --> Session: Class initialized using 'CodeIgniter\Session\Handlers\FileHandler' driver.
ERROR - 2024-12-08 06:05:03 --> mysqli_sql_exception: Table 'eprocurement_db.questionnaire_submissions' doesn't exist in /opt/lampp/htdocs/proWebAPI/vendor/codeigniter4/framework/system/Database/MySQLi/Connection.php:312
Stack trace:
#0 /opt/lampp/htdocs/proWebAPI/vendor/codeigniter4/framework/system/Database/MySQLi/Connection.php(312): mysqli->query('INSERT INTO `qu...', 0)
#1 /opt/lampp/htdocs/proWebAPI/vendor/codeigniter4/framework/system/Database/BaseConnection.php(734): CodeIgniter\Database\MySQLi\Connection->execute('INSERT INTO `qu...')
#2 /opt/lampp/htdocs/proWebAPI/vendor/codeigniter4/framework/system/Database/BaseConnection.php(648): CodeIgniter\Database\BaseConnection->simpleQuery('INSERT INTO `qu...')
#3 /opt/lampp/htdocs/proWebAPI/vendor/codeigniter4/framework/system/Database/BaseBuilder.php(2340): CodeIgniter\Database\BaseConnection->query('INSERT INTO `qu...', Array, false)
#4 /opt/lampp/htdocs/proWebAPI/vendor/codeigniter4/framework/system/Model.php(394): CodeIgniter\Database\BaseBuilder->insert()
#5 /opt/lampp/htdocs/proWebAPI/vendor/codeigniter4/framework/system/BaseModel.php(840): CodeIgniter\Model->doInsert(Array)
#6 /opt/lampp/htdocs/proWebAPI/vendor/codeigniter4/framework/system/Model.php(802): CodeIgniter\BaseModel->insert(Array, false)
#7 /opt/lampp/htdocs/proWebAPI/vendor/codeigniter4/framework/system/BaseModel.php(751): CodeIgniter\Model->insert(Array, false)
#8 /opt/lampp/htdocs/proWebAPI/app/Controllers/QuestionnairesController.php(189): CodeIgniter\BaseModel->save(Array)
#9 /opt/lampp/htdocs/proWebAPI/vendor/codeigniter4/framework/system/CodeIgniter.php(933): App\Controllers\QuestionnairesController->submit()
#10 /opt/lampp/htdocs/proWebAPI/vendor/codeigniter4/framework/system/CodeIgniter.php(509): CodeIgniter\CodeIgniter->runController(Object(App\Controllers\QuestionnairesController))
#11 /opt/lampp/htdocs/proWebAPI/vendor/codeigniter4/framework/system/CodeIgniter.php(355): CodeIgniter\CodeIgniter->handleRequest(NULL, Object(Config\Cache), false)
#12 /opt/lampp/htdocs/proWebAPI/vendor/codeigniter4/framework/system/Boot.php(325): CodeIgniter\CodeIgniter->run()
#13 /opt/lampp/htdocs/proWebAPI/vendor/codeigniter4/framework/system/Boot.php(67): CodeIgniter\Boot::runCodeIgniter(Object(CodeIgniter\CodeIgniter))
#14 /opt/lampp/htdocs/proWebAPI/public/index.php(63): CodeIgniter\Boot::bootWeb(Object(Config\Paths))
#15 /opt/lampp/htdocs/proWebAPI/vendor/codeigniter4/framework/system/rewrite.php(44): require_once('/opt/lampp/htdo...')
#16 {main}
CRITICAL - 2024-12-08 06:05:03 --> CodeIgniter\Database\Exceptions\DatabaseException: Table 'eprocurement_db.questionnaire_submissions' doesn't exist
[Method: POST, Route: api/questionnaires/submit]
in SYSTEMPATH/Database/BaseConnection.php on line 688.
 1 SYSTEMPATH/Database/BaseBuilder.php(2340): CodeIgniter\Database\BaseConnection->query('INSERT INTO `questionnaire_submissions` (`company_id`, `questionnaire_id`, `message`, `id`) VALUES (:company_id:, :questionnaire_id:, :message:, :id:)', [...], false)
 2 SYSTEMPATH/Model.php(394): CodeIgniter\Database\BaseBuilder->insert()
 3 SYSTEMPATH/BaseModel.php(840): CodeIgniter\Model->doInsert([...])
 4 SYSTEMPATH/Model.php(802): CodeIgniter\BaseModel->insert([...], false)
 5 SYSTEMPATH/BaseModel.php(751): CodeIgniter\Model->insert([...], false)
 6 APPPATH/Controllers/QuestionnairesController.php(189): CodeIgniter\BaseModel->save([...])
 7 SYSTEMPATH/CodeIgniter.php(933): App\Controllers\QuestionnairesController->submit()
 8 SYSTEMPATH/CodeIgniter.php(509): CodeIgniter\CodeIgniter->runController(Object(App\Controllers\QuestionnairesController))
 9 SYSTEMPATH/CodeIgniter.php(355): CodeIgniter\CodeIgniter->handleRequest(null, Object(Config\Cache), false)
10 SYSTEMPATH/Boot.php(325): CodeIgniter\CodeIgniter->run()
11 SYSTEMPATH/Boot.php(67): CodeIgniter\Boot::runCodeIgniter(Object(CodeIgniter\CodeIgniter))
12 FCPATH/index.php(63): CodeIgniter\Boot::bootWeb(Object(Config\Paths))
13 SYSTEMPATH/rewrite.php(44): require_once('/opt/lampp/htdocs/proWebAPI/public/index.php')
CRITICAL - 2024-12-08 06:05:03 --> [Caused by] CodeIgniter\Database\Exceptions\DatabaseException: Table 'eprocurement_db.questionnaire_submissions' doesn't exist
in SYSTEMPATH/Database/MySQLi/Connection.php on line 317.
 1 SYSTEMPATH/Database/BaseConnection.php(734): CodeIgniter\Database\MySQLi\Connection->execute('INSERT INTO `questionnaire_submissions` (`company_id`, `questionnaire_id`, `message`, `id`) VALUES (\'b35727df-05f4-44ab-82b5-7caa0de05857\', \'71016103-9c89-40d2-8544-25a861181742\', \'this is a test\', \'a123c930-490b-4965-a432-7254099a5f1d\')')
 2 SYSTEMPATH/Database/BaseConnection.php(648): CodeIgniter\Database\BaseConnection->simpleQuery('INSERT INTO `questionnaire_submissions` (`company_id`, `questionnaire_id`, `message`, `id`) VALUES (\'b35727df-05f4-44ab-82b5-7caa0de05857\', \'71016103-9c89-40d2-8544-25a861181742\', \'this is a test\', \'a123c930-490b-4965-a432-7254099a5f1d\')')
 3 SYSTEMPATH/Database/BaseBuilder.php(2340): CodeIgniter\Database\BaseConnection->query('INSERT INTO `questionnaire_submissions` (`company_id`, `questionnaire_id`, `message`, `id`) VALUES (:company_id:, :questionnaire_id:, :message:, :id:)', [...], false)
 4 SYSTEMPATH/Model.php(394): CodeIgniter\Database\BaseBuilder->insert()
 5 SYSTEMPATH/BaseModel.php(840): CodeIgniter\Model->doInsert([...])
 6 SYSTEMPATH/Model.php(802): CodeIgniter\BaseModel->insert([...], false)
 7 SYSTEMPATH/BaseModel.php(751): CodeIgniter\Model->insert([...], false)
 8 APPPATH/Controllers/QuestionnairesController.php(189): CodeIgniter\BaseModel->save([...])
 9 SYSTEMPATH/CodeIgniter.php(933): App\Controllers\QuestionnairesController->submit()
10 SYSTEMPATH/CodeIgniter.php(509): CodeIgniter\CodeIgniter->runController(Object(App\Controllers\QuestionnairesController))
11 SYSTEMPATH/CodeIgniter.php(355): CodeIgniter\CodeIgniter->handleRequest(null, Object(Config\Cache), false)
12 SYSTEMPATH/Boot.php(325): CodeIgniter\CodeIgniter->run()
13 SYSTEMPATH/Boot.php(67): CodeIgniter\Boot::runCodeIgniter(Object(CodeIgniter\CodeIgniter))
14 FCPATH/index.php(63): CodeIgniter\Boot::bootWeb(Object(Config\Paths))
15 SYSTEMPATH/rewrite.php(44): require_once('/opt/lampp/htdocs/proWebAPI/public/index.php')
CRITICAL - 2024-12-08 06:05:03 --> [Caused by] mysqli_sql_exception: Table 'eprocurement_db.questionnaire_submissions' doesn't exist
in SYSTEMPATH/Database/MySQLi/Connection.php on line 312.
 1 SYSTEMPATH/Database/MySQLi/Connection.php(312): mysqli->query('INSERT INTO `questionnaire_submissions` (`company_id`, `questionnaire_id`, `message`, `id`) VALUES (\'b35727df-05f4-44ab-82b5-7caa0de05857\', \'71016103-9c89-40d2-8544-25a861181742\', \'this is a test\', \'a123c930-490b-4965-a432-7254099a5f1d\')', 0)
 2 SYSTEMPATH/Database/BaseConnection.php(734): CodeIgniter\Database\MySQLi\Connection->execute('INSERT INTO `questionnaire_submissions` (`company_id`, `questionnaire_id`, `message`, `id`) VALUES (\'b35727df-05f4-44ab-82b5-7caa0de05857\', \'71016103-9c89-40d2-8544-25a861181742\', \'this is a test\', \'a123c930-490b-4965-a432-7254099a5f1d\')')
 3 SYSTEMPATH/Database/BaseConnection.php(648): CodeIgniter\Database\BaseConnection->simpleQuery('INSERT INTO `questionnaire_submissions` (`company_id`, `questionnaire_id`, `message`, `id`) VALUES (\'b35727df-05f4-44ab-82b5-7caa0de05857\', \'71016103-9c89-40d2-8544-25a861181742\', \'this is a test\', \'a123c930-490b-4965-a432-7254099a5f1d\')')
 4 SYSTEMPATH/Database/BaseBuilder.php(2340): CodeIgniter\Database\BaseConnection->query('INSERT INTO `questionnaire_submissions` (`company_id`, `questionnaire_id`, `message`, `id`) VALUES (:company_id:, :questionnaire_id:, :message:, :id:)', [...], false)
 5 SYSTEMPATH/Model.php(394): CodeIgniter\Database\BaseBuilder->insert()
 6 SYSTEMPATH/BaseModel.php(840): CodeIgniter\Model->doInsert([...])
 7 SYSTEMPATH/Model.php(802): CodeIgniter\BaseModel->insert([...], false)
 8 SYSTEMPATH/BaseModel.php(751): CodeIgniter\Model->insert([...], false)
 9 APPPATH/Controllers/QuestionnairesController.php(189): CodeIgniter\BaseModel->save([...])
10 SYSTEMPATH/CodeIgniter.php(933): App\Controllers\QuestionnairesController->submit()
11 SYSTEMPATH/CodeIgniter.php(509): CodeIgniter\CodeIgniter->runController(Object(App\Controllers\QuestionnairesController))
12 SYSTEMPATH/CodeIgniter.php(355): CodeIgniter\CodeIgniter->handleRequest(null, Object(Config\Cache), false)
13 SYSTEMPATH/Boot.php(325): CodeIgniter\CodeIgniter->run()
14 SYSTEMPATH/Boot.php(67): CodeIgniter\Boot::runCodeIgniter(Object(CodeIgniter\CodeIgniter))
15 FCPATH/index.php(63): CodeIgniter\Boot::bootWeb(Object(Config\Paths))
16 SYSTEMPATH/rewrite.php(44): require_once('/opt/lampp/htdocs/proWebAPI/public/index.php')
ERROR - 2024-12-08 06:05:38 --> mysqli_sql_exception: Table 'eprocurement_db.questionnaire_submissions' doesn't exist in /opt/lampp/htdocs/proWebAPI/vendor/codeigniter4/framework/system/Database/MySQLi/Connection.php:312
Stack trace:
#0 /opt/lampp/htdocs/proWebAPI/vendor/codeigniter4/framework/system/Database/MySQLi/Connection.php(312): mysqli->query('INSERT INTO `qu...', 0)
#1 /opt/lampp/htdocs/proWebAPI/vendor/codeigniter4/framework/system/Database/BaseConnection.php(734): CodeIgniter\Database\MySQLi\Connection->execute('INSERT INTO `qu...')
#2 /opt/lampp/htdocs/proWebAPI/vendor/codeigniter4/framework/system/Database/BaseConnection.php(648): CodeIgniter\Database\BaseConnection->simpleQuery('INSERT INTO `qu...')
#3 /opt/lampp/htdocs/proWebAPI/vendor/codeigniter4/framework/system/Database/BaseBuilder.php(2340): CodeIgniter\Database\BaseConnection->query('INSERT INTO `qu...', Array, false)
#4 /opt/lampp/htdocs/proWebAPI/vendor/codeigniter4/framework/system/Model.php(394): CodeIgniter\Database\BaseBuilder->insert()
#5 /opt/lampp/htdocs/proWebAPI/vendor/codeigniter4/framework/system/BaseModel.php(840): CodeIgniter\Model->doInsert(Array)
#6 /opt/lampp/htdocs/proWebAPI/vendor/codeigniter4/framework/system/Model.php(802): CodeIgniter\BaseModel->insert(Array, false)
#7 /opt/lampp/htdocs/proWebAPI/vendor/codeigniter4/framework/system/BaseModel.php(751): CodeIgniter\Model->insert(Array, false)
#8 /opt/lampp/htdocs/proWebAPI/app/Controllers/QuestionnairesController.php(189): CodeIgniter\BaseModel->save(Array)
#9 /opt/lampp/htdocs/proWebAPI/vendor/codeigniter4/framework/system/CodeIgniter.php(933): App\Controllers\QuestionnairesController->submit()
#10 /opt/lampp/htdocs/proWebAPI/vendor/codeigniter4/framework/system/CodeIgniter.php(509): CodeIgniter\CodeIgniter->runController(Object(App\Controllers\QuestionnairesController))
#11 /opt/lampp/htdocs/proWebAPI/vendor/codeigniter4/framework/system/CodeIgniter.php(355): CodeIgniter\CodeIgniter->handleRequest(NULL, Object(Config\Cache), false)
#12 /opt/lampp/htdocs/proWebAPI/vendor/codeigniter4/framework/system/Boot.php(325): CodeIgniter\CodeIgniter->run()
#13 /opt/lampp/htdocs/proWebAPI/vendor/codeigniter4/framework/system/Boot.php(67): CodeIgniter\Boot::runCodeIgniter(Object(CodeIgniter\CodeIgniter))
#14 /opt/lampp/htdocs/proWebAPI/public/index.php(63): CodeIgniter\Boot::bootWeb(Object(Config\Paths))
#15 /opt/lampp/htdocs/proWebAPI/vendor/codeigniter4/framework/system/rewrite.php(44): require_once('/opt/lampp/htdo...')
#16 {main}
CRITICAL - 2024-12-08 06:05:38 --> CodeIgniter\Database\Exceptions\DatabaseException: Table 'eprocurement_db.questionnaire_submissions' doesn't exist
[Method: POST, Route: api/questionnaires/submit]
in SYSTEMPATH/Database/BaseConnection.php on line 688.
 1 SYSTEMPATH/Database/BaseBuilder.php(2340): CodeIgniter\Database\BaseConnection->query('INSERT INTO `questionnaire_submissions` (`company_id`, `questionnaire_id`, `message`, `id`) VALUES (:company_id:, :questionnaire_id:, :message:, :id:)', [...], false)
 2 SYSTEMPATH/Model.php(394): CodeIgniter\Database\BaseBuilder->insert()
 3 SYSTEMPATH/BaseModel.php(840): CodeIgniter\Model->doInsert([...])
 4 SYSTEMPATH/Model.php(802): CodeIgniter\BaseModel->insert([...], false)
 5 SYSTEMPATH/BaseModel.php(751): CodeIgniter\Model->insert([...], false)
 6 APPPATH/Controllers/QuestionnairesController.php(189): CodeIgniter\BaseModel->save([...])
 7 SYSTEMPATH/CodeIgniter.php(933): App\Controllers\QuestionnairesController->submit()
 8 SYSTEMPATH/CodeIgniter.php(509): CodeIgniter\CodeIgniter->runController(Object(App\Controllers\QuestionnairesController))
 9 SYSTEMPATH/CodeIgniter.php(355): CodeIgniter\CodeIgniter->handleRequest(null, Object(Config\Cache), false)
10 SYSTEMPATH/Boot.php(325): CodeIgniter\CodeIgniter->run()
11 SYSTEMPATH/Boot.php(67): CodeIgniter\Boot::runCodeIgniter(Object(CodeIgniter\CodeIgniter))
12 FCPATH/index.php(63): CodeIgniter\Boot::bootWeb(Object(Config\Paths))
13 SYSTEMPATH/rewrite.php(44): require_once('/opt/lampp/htdocs/proWebAPI/public/index.php')
CRITICAL - 2024-12-08 06:05:38 --> [Caused by] CodeIgniter\Database\Exceptions\DatabaseException: Table 'eprocurement_db.questionnaire_submissions' doesn't exist
in SYSTEMPATH/Database/MySQLi/Connection.php on line 317.
 1 SYSTEMPATH/Database/BaseConnection.php(734): CodeIgniter\Database\MySQLi\Connection->execute('INSERT INTO `questionnaire_submissions` (`company_id`, `questionnaire_id`, `message`, `id`) VALUES (\'b35727df-05f4-44ab-82b5-7caa0de05857\', \'71016103-9c89-40d2-8544-25a861181742\', \'this is a test\', \'511cee74-b046-423e-b1e4-ea8fc445c6d3\')')
 2 SYSTEMPATH/Database/BaseConnection.php(648): CodeIgniter\Database\BaseConnection->simpleQuery('INSERT INTO `questionnaire_submissions` (`company_id`, `questionnaire_id`, `message`, `id`) VALUES (\'b35727df-05f4-44ab-82b5-7caa0de05857\', \'71016103-9c89-40d2-8544-25a861181742\', \'this is a test\', \'511cee74-b046-423e-b1e4-ea8fc445c6d3\')')
 3 SYSTEMPATH/Database/BaseBuilder.php(2340): CodeIgniter\Database\BaseConnection->query('INSERT INTO `questionnaire_submissions` (`company_id`, `questionnaire_id`, `message`, `id`) VALUES (:company_id:, :questionnaire_id:, :message:, :id:)', [...], false)
 4 SYSTEMPATH/Model.php(394): CodeIgniter\Database\BaseBuilder->insert()
 5 SYSTEMPATH/BaseModel.php(840): CodeIgniter\Model->doInsert([...])
 6 SYSTEMPATH/Model.php(802): CodeIgniter\BaseModel->insert([...], false)
 7 SYSTEMPATH/BaseModel.php(751): CodeIgniter\Model->insert([...], false)
 8 APPPATH/Controllers/QuestionnairesController.php(189): CodeIgniter\BaseModel->save([...])
 9 SYSTEMPATH/CodeIgniter.php(933): App\Controllers\QuestionnairesController->submit()
10 SYSTEMPATH/CodeIgniter.php(509): CodeIgniter\CodeIgniter->runController(Object(App\Controllers\QuestionnairesController))
11 SYSTEMPATH/CodeIgniter.php(355): CodeIgniter\CodeIgniter->handleRequest(null, Object(Config\Cache), false)
12 SYSTEMPATH/Boot.php(325): CodeIgniter\CodeIgniter->run()
13 SYSTEMPATH/Boot.php(67): CodeIgniter\Boot::runCodeIgniter(Object(CodeIgniter\CodeIgniter))
14 FCPATH/index.php(63): CodeIgniter\Boot::bootWeb(Object(Config\Paths))
15 SYSTEMPATH/rewrite.php(44): require_once('/opt/lampp/htdocs/proWebAPI/public/index.php')
CRITICAL - 2024-12-08 06:05:38 --> [Caused by] mysqli_sql_exception: Table 'eprocurement_db.questionnaire_submissions' doesn't exist
in SYSTEMPATH/Database/MySQLi/Connection.php on line 312.
 1 SYSTEMPATH/Database/MySQLi/Connection.php(312): mysqli->query('INSERT INTO `questionnaire_submissions` (`company_id`, `questionnaire_id`, `message`, `id`) VALUES (\'b35727df-05f4-44ab-82b5-7caa0de05857\', \'71016103-9c89-40d2-8544-25a861181742\', \'this is a test\', \'511cee74-b046-423e-b1e4-ea8fc445c6d3\')', 0)
 2 SYSTEMPATH/Database/BaseConnection.php(734): CodeIgniter\Database\MySQLi\Connection->execute('INSERT INTO `questionnaire_submissions` (`company_id`, `questionnaire_id`, `message`, `id`) VALUES (\'b35727df-05f4-44ab-82b5-7caa0de05857\', \'71016103-9c89-40d2-8544-25a861181742\', \'this is a test\', \'511cee74-b046-423e-b1e4-ea8fc445c6d3\')')
 3 SYSTEMPATH/Database/BaseConnection.php(648): CodeIgniter\Database\BaseConnection->simpleQuery('INSERT INTO `questionnaire_submissions` (`company_id`, `questionnaire_id`, `message`, `id`) VALUES (\'b35727df-05f4-44ab-82b5-7caa0de05857\', \'71016103-9c89-40d2-8544-25a861181742\', \'this is a test\', \'511cee74-b046-423e-b1e4-ea8fc445c6d3\')')
 4 SYSTEMPATH/Database/BaseBuilder.php(2340): CodeIgniter\Database\BaseConnection->query('INSERT INTO `questionnaire_submissions` (`company_id`, `questionnaire_id`, `message`, `id`) VALUES (:company_id:, :questionnaire_id:, :message:, :id:)', [...], false)
 5 SYSTEMPATH/Model.php(394): CodeIgniter\Database\BaseBuilder->insert()
 6 SYSTEMPATH/BaseModel.php(840): CodeIgniter\Model->doInsert([...])
 7 SYSTEMPATH/Model.php(802): CodeIgniter\BaseModel->insert([...], false)
 8 SYSTEMPATH/BaseModel.php(751): CodeIgniter\Model->insert([...], false)
 9 APPPATH/Controllers/QuestionnairesController.php(189): CodeIgniter\BaseModel->save([...])
10 SYSTEMPATH/CodeIgniter.php(933): App\Controllers\QuestionnairesController->submit()
11 SYSTEMPATH/CodeIgniter.php(509): CodeIgniter\CodeIgniter->runController(Object(App\Controllers\QuestionnairesController))
12 SYSTEMPATH/CodeIgniter.php(355): CodeIgniter\CodeIgniter->handleRequest(null, Object(Config\Cache), false)
13 SYSTEMPATH/Boot.php(325): CodeIgniter\CodeIgniter->run()
14 SYSTEMPATH/Boot.php(67): CodeIgniter\Boot::runCodeIgniter(Object(CodeIgniter\CodeIgniter))
15 FCPATH/index.php(63): CodeIgniter\Boot::bootWeb(Object(Config\Paths))
16 SYSTEMPATH/rewrite.php(44): require_once('/opt/lampp/htdocs/proWebAPI/public/index.php')
INFO - 2024-12-08 06:06:30 --> Session: Class initialized using 'CodeIgniter\Session\Handlers\FileHandler' driver.
INFO - 2024-12-08 06:07:38 --> Session: Class initialized using 'CodeIgniter\Session\Handlers\FileHandler' driver.
INFO - 2024-12-08 06:08:05 --> Session: Class initialized using 'CodeIgniter\Session\Handlers\FileHandler' driver.
INFO - 2024-12-08 06:08:59 --> Session: Class initialized using 'CodeIgniter\Session\Handlers\FileHandler' driver.
CRITICAL - 2024-12-08 06:27:11 --> Error: Call to a member function isValid() on array
[Method: POST, Route: api/questionnaires/submit]
in APPPATH/Controllers/QuestionnairesController.php on line 307.
 1 APPPATH/Controllers/QuestionnairesController.php(195): App\Controllers\QuestionnairesController->addAttachments('f9d1de24-ebd1-4f97-ad28-f916fae2b4c2')
 2 SYSTEMPATH/CodeIgniter.php(933): App\Controllers\QuestionnairesController->submit()
 3 SYSTEMPATH/CodeIgniter.php(509): CodeIgniter\CodeIgniter->runController(Object(App\Controllers\QuestionnairesController))
 4 SYSTEMPATH/CodeIgniter.php(355): CodeIgniter\CodeIgniter->handleRequest(null, Object(Config\Cache), false)
 5 SYSTEMPATH/Boot.php(325): CodeIgniter\CodeIgniter->run()
 6 SYSTEMPATH/Boot.php(67): CodeIgniter\Boot::runCodeIgniter(Object(CodeIgniter\CodeIgniter))
 7 FCPATH/index.php(63): CodeIgniter\Boot::bootWeb(Object(Config\Paths))
 8 SYSTEMPATH/rewrite.php(44): require_once('/opt/lampp/htdocs/proWebAPI/public/index.php')
CRITICAL - 2024-12-08 06:30:38 --> Error: Call to a member function isValid() on array
[Method: POST, Route: api/questionnaires/submit]
in APPPATH/Controllers/QuestionnairesController.php on line 307.
 1 APPPATH/Controllers/QuestionnairesController.php(195): App\Controllers\QuestionnairesController->addAttachments('8d7312da-5ddb-4c68-9434-6eac19433f68')
 2 SYSTEMPATH/CodeIgniter.php(933): App\Controllers\QuestionnairesController->submit()
 3 SYSTEMPATH/CodeIgniter.php(509): CodeIgniter\CodeIgniter->runController(Object(App\Controllers\QuestionnairesController))
 4 SYSTEMPATH/CodeIgniter.php(355): CodeIgniter\CodeIgniter->handleRequest(null, Object(Config\Cache), false)
 5 SYSTEMPATH/Boot.php(325): CodeIgniter\CodeIgniter->run()
 6 SYSTEMPATH/Boot.php(67): CodeIgniter\Boot::runCodeIgniter(Object(CodeIgniter\CodeIgniter))
 7 FCPATH/index.php(63): CodeIgniter\Boot::bootWeb(Object(Config\Paths))
 8 SYSTEMPATH/rewrite.php(44): require_once('/opt/lampp/htdocs/proWebAPI/public/index.php')
INFO - 2024-12-08 06:32:34 --> Session: Class initialized using 'CodeIgniter\Session\Handlers\FileHandler' driver.
INFO - 2024-12-08 06:33:57 --> Session: Class initialized using 'CodeIgniter\Session\Handlers\FileHandler' driver.
INFO - 2024-12-08 06:36:04 --> Session: Class initialized using 'CodeIgniter\Session\Handlers\FileHandler' driver.
INFO - 2024-12-08 06:36:48 --> Session: Class initialized using 'CodeIgniter\Session\Handlers\FileHandler' driver.
INFO - 2024-12-08 06:38:52 --> Session: Class initialized using 'CodeIgniter\Session\Handlers\FileHandler' driver.
INFO - 2024-12-08 18:36:31 --> Session: Class initialized using 'CodeIgniter\Session\Handlers\FileHandler' driver.
INFO - 2024-12-08 18:37:04 --> Session: Class initialized using 'CodeIgniter\Session\Handlers\FileHandler' driver.
INFO - 2024-12-08 18:37:11 --> Session: Class initialized using 'CodeIgniter\Session\Handlers\FileHandler' driver.
