INFO - 2024-10-13 17:10:02 --> Session: Class initialized using 'CodeIgniter\Session\Handlers\FileHandler' driver.
ERROR - 2024-10-13 22:00:45 --> mysqli_sql_exception: Table 'eprocurement_db.questionnaire_products' doesn't exist in /opt/lampp/htdocs/proWebAPI/vendor/codeigniter4/framework/system/Database/MySQLi/Connection.php:312
Stack trace:
#0 /opt/lampp/htdocs/proWebAPI/vendor/codeigniter4/framework/system/Database/MySQLi/Connection.php(312): mysqli->query('SELECT *\nFROM `...', 0)
#1 /opt/lampp/htdocs/proWebAPI/vendor/codeigniter4/framework/system/Database/BaseConnection.php(734): CodeIgniter\Database\MySQLi\Connection->execute('SELECT *\nFROM `...')
#2 /opt/lampp/htdocs/proWebAPI/vendor/codeigniter4/framework/system/Database/BaseConnection.php(648): CodeIgniter\Database\BaseConnection->simpleQuery('SELECT *\nFROM `...')
#3 /opt/lampp/htdocs/proWebAPI/vendor/codeigniter4/framework/system/Database/BaseBuilder.php(1644): CodeIgniter\Database\BaseConnection->query('SELECT *\nFROM `...', Array, false)
#4 /opt/lampp/htdocs/proWebAPI/app/Models/QuestionnaireModel.php(166): CodeIgniter\Database\BaseBuilder->get()
#5 /opt/lampp/htdocs/proWebAPI/app/Models/QuestionnaireModel.php(133): App\Models\QuestionnaireModel->getProductsByQuestionnaireId('11fa0e4a-b656-4...')
#6 /opt/lampp/htdocs/proWebAPI/app/Controllers/QuestionnairesController.php(76): App\Models\QuestionnaireModel->getQuestionnairesWithDetails('1', '10', Array)
#7 /opt/lampp/htdocs/proWebAPI/vendor/codeigniter4/framework/system/CodeIgniter.php(933): App\Controllers\QuestionnairesController->index()
#8 /opt/lampp/htdocs/proWebAPI/vendor/codeigniter4/framework/system/CodeIgniter.php(509): CodeIgniter\CodeIgniter->runController(Object(App\Controllers\QuestionnairesController))
#9 /opt/lampp/htdocs/proWebAPI/vendor/codeigniter4/framework/system/CodeIgniter.php(355): CodeIgniter\CodeIgniter->handleRequest(NULL, Object(Config\Cache), false)
#10 /opt/lampp/htdocs/proWebAPI/vendor/codeigniter4/framework/system/Boot.php(325): CodeIgniter\CodeIgniter->run()
#11 /opt/lampp/htdocs/proWebAPI/vendor/codeigniter4/framework/system/Boot.php(67): CodeIgniter\Boot::runCodeIgniter(Object(CodeIgniter\CodeIgniter))
#12 /opt/lampp/htdocs/proWebAPI/public/index.php(63): CodeIgniter\Boot::bootWeb(Object(Config\Paths))
#13 /opt/lampp/htdocs/proWebAPI/vendor/codeigniter4/framework/system/rewrite.php(44): require_once('/opt/lampp/htdo...')
#14 {main}
CRITICAL - 2024-10-13 22:00:45 --> CodeIgniter\Database\Exceptions\DatabaseException: Table 'eprocurement_db.questionnaire_products' doesn't exist
[Method: GET, Route: api/questionnaires]
in SYSTEMPATH/Database/BaseConnection.php on line 688.
 1 SYSTEMPATH/Database/BaseBuilder.php(1644): CodeIgniter\Database\BaseConnection->query('SELECT *
FROM `questionnaire_products`
WHERE `questionnaire_id` = :questionnaire_id:', [...], false)
 2 APPPATH/Models/QuestionnaireModel.php(166): CodeIgniter\Database\BaseBuilder->get()
 3 APPPATH/Models/QuestionnaireModel.php(133): App\Models\QuestionnaireModel->getProductsByQuestionnaireId('11fa0e4a-b656-47f4-a11b-c266a07221a5')
 4 APPPATH/Controllers/QuestionnairesController.php(76): App\Models\QuestionnaireModel->getQuestionnairesWithDetails('1', '10', [...])
 5 SYSTEMPATH/CodeIgniter.php(933): App\Controllers\QuestionnairesController->index()
 6 SYSTEMPATH/CodeIgniter.php(509): CodeIgniter\CodeIgniter->runController(Object(App\Controllers\QuestionnairesController))
 7 SYSTEMPATH/CodeIgniter.php(355): CodeIgniter\CodeIgniter->handleRequest(null, Object(Config\Cache), false)
 8 SYSTEMPATH/Boot.php(325): CodeIgniter\CodeIgniter->run()
 9 SYSTEMPATH/Boot.php(67): CodeIgniter\Boot::runCodeIgniter(Object(CodeIgniter\CodeIgniter))
10 FCPATH/index.php(63): CodeIgniter\Boot::bootWeb(Object(Config\Paths))
11 SYSTEMPATH/rewrite.php(44): require_once('/opt/lampp/htdocs/proWebAPI/public/index.php')
CRITICAL - 2024-10-13 22:00:45 --> [Caused by] CodeIgniter\Database\Exceptions\DatabaseException: Table 'eprocurement_db.questionnaire_products' doesn't exist
in SYSTEMPATH/Database/MySQLi/Connection.php on line 317.
 1 SYSTEMPATH/Database/BaseConnection.php(734): CodeIgniter\Database\MySQLi\Connection->execute('SELECT *
FROM `questionnaire_products`
WHERE `questionnaire_id` = \'11fa0e4a-b656-47f4-a11b-c266a07221a5\'')
 2 SYSTEMPATH/Database/BaseConnection.php(648): CodeIgniter\Database\BaseConnection->simpleQuery('SELECT *
FROM `questionnaire_products`
WHERE `questionnaire_id` = \'11fa0e4a-b656-47f4-a11b-c266a07221a5\'')
 3 SYSTEMPATH/Database/BaseBuilder.php(1644): CodeIgniter\Database\BaseConnection->query('SELECT *
FROM `questionnaire_products`
WHERE `questionnaire_id` = :questionnaire_id:', [...], false)
 4 APPPATH/Models/QuestionnaireModel.php(166): CodeIgniter\Database\BaseBuilder->get()
 5 APPPATH/Models/QuestionnaireModel.php(133): App\Models\QuestionnaireModel->getProductsByQuestionnaireId('11fa0e4a-b656-47f4-a11b-c266a07221a5')
 6 APPPATH/Controllers/QuestionnairesController.php(76): App\Models\QuestionnaireModel->getQuestionnairesWithDetails('1', '10', [...])
 7 SYSTEMPATH/CodeIgniter.php(933): App\Controllers\QuestionnairesController->index()
 8 SYSTEMPATH/CodeIgniter.php(509): CodeIgniter\CodeIgniter->runController(Object(App\Controllers\QuestionnairesController))
 9 SYSTEMPATH/CodeIgniter.php(355): CodeIgniter\CodeIgniter->handleRequest(null, Object(Config\Cache), false)
10 SYSTEMPATH/Boot.php(325): CodeIgniter\CodeIgniter->run()
11 SYSTEMPATH/Boot.php(67): CodeIgniter\Boot::runCodeIgniter(Object(CodeIgniter\CodeIgniter))
12 FCPATH/index.php(63): CodeIgniter\Boot::bootWeb(Object(Config\Paths))
13 SYSTEMPATH/rewrite.php(44): require_once('/opt/lampp/htdocs/proWebAPI/public/index.php')
CRITICAL - 2024-10-13 22:00:45 --> [Caused by] mysqli_sql_exception: Table 'eprocurement_db.questionnaire_products' doesn't exist
in SYSTEMPATH/Database/MySQLi/Connection.php on line 312.
 1 SYSTEMPATH/Database/MySQLi/Connection.php(312): mysqli->query('SELECT *
FROM `questionnaire_products`
WHERE `questionnaire_id` = \'11fa0e4a-b656-47f4-a11b-c266a07221a5\'', 0)
 2 SYSTEMPATH/Database/BaseConnection.php(734): CodeIgniter\Database\MySQLi\Connection->execute('SELECT *
FROM `questionnaire_products`
WHERE `questionnaire_id` = \'11fa0e4a-b656-47f4-a11b-c266a07221a5\'')
 3 SYSTEMPATH/Database/BaseConnection.php(648): CodeIgniter\Database\BaseConnection->simpleQuery('SELECT *
FROM `questionnaire_products`
WHERE `questionnaire_id` = \'11fa0e4a-b656-47f4-a11b-c266a07221a5\'')
 4 SYSTEMPATH/Database/BaseBuilder.php(1644): CodeIgniter\Database\BaseConnection->query('SELECT *
FROM `questionnaire_products`
WHERE `questionnaire_id` = :questionnaire_id:', [...], false)
 5 APPPATH/Models/QuestionnaireModel.php(166): CodeIgniter\Database\BaseBuilder->get()
 6 APPPATH/Models/QuestionnaireModel.php(133): App\Models\QuestionnaireModel->getProductsByQuestionnaireId('11fa0e4a-b656-47f4-a11b-c266a07221a5')
 7 APPPATH/Controllers/QuestionnairesController.php(76): App\Models\QuestionnaireModel->getQuestionnairesWithDetails('1', '10', [...])
 8 SYSTEMPATH/CodeIgniter.php(933): App\Controllers\QuestionnairesController->index()
 9 SYSTEMPATH/CodeIgniter.php(509): CodeIgniter\CodeIgniter->runController(Object(App\Controllers\QuestionnairesController))
10 SYSTEMPATH/CodeIgniter.php(355): CodeIgniter\CodeIgniter->handleRequest(null, Object(Config\Cache), false)
11 SYSTEMPATH/Boot.php(325): CodeIgniter\CodeIgniter->run()
12 SYSTEMPATH/Boot.php(67): CodeIgniter\Boot::runCodeIgniter(Object(CodeIgniter\CodeIgniter))
13 FCPATH/index.php(63): CodeIgniter\Boot::bootWeb(Object(Config\Paths))
14 SYSTEMPATH/rewrite.php(44): require_once('/opt/lampp/htdocs/proWebAPI/public/index.php')
ERROR - 2024-10-13 22:00:49 --> mysqli_sql_exception: Table 'eprocurement_db.questionnaire_products' doesn't exist in /opt/lampp/htdocs/proWebAPI/vendor/codeigniter4/framework/system/Database/MySQLi/Connection.php:312
Stack trace:
#0 /opt/lampp/htdocs/proWebAPI/vendor/codeigniter4/framework/system/Database/MySQLi/Connection.php(312): mysqli->query('SELECT *\nFROM `...', 0)
#1 /opt/lampp/htdocs/proWebAPI/vendor/codeigniter4/framework/system/Database/BaseConnection.php(734): CodeIgniter\Database\MySQLi\Connection->execute('SELECT *\nFROM `...')
#2 /opt/lampp/htdocs/proWebAPI/vendor/codeigniter4/framework/system/Database/BaseConnection.php(648): CodeIgniter\Database\BaseConnection->simpleQuery('SELECT *\nFROM `...')
#3 /opt/lampp/htdocs/proWebAPI/vendor/codeigniter4/framework/system/Database/BaseBuilder.php(1644): CodeIgniter\Database\BaseConnection->query('SELECT *\nFROM `...', Array, false)
#4 /opt/lampp/htdocs/proWebAPI/app/Models/QuestionnaireModel.php(166): CodeIgniter\Database\BaseBuilder->get()
#5 /opt/lampp/htdocs/proWebAPI/app/Models/QuestionnaireModel.php(133): App\Models\QuestionnaireModel->getProductsByQuestionnaireId('11fa0e4a-b656-4...')
#6 /opt/lampp/htdocs/proWebAPI/app/Controllers/QuestionnairesController.php(76): App\Models\QuestionnaireModel->getQuestionnairesWithDetails('1', '10', Array)
#7 /opt/lampp/htdocs/proWebAPI/vendor/codeigniter4/framework/system/CodeIgniter.php(933): App\Controllers\QuestionnairesController->index()
#8 /opt/lampp/htdocs/proWebAPI/vendor/codeigniter4/framework/system/CodeIgniter.php(509): CodeIgniter\CodeIgniter->runController(Object(App\Controllers\QuestionnairesController))
#9 /opt/lampp/htdocs/proWebAPI/vendor/codeigniter4/framework/system/CodeIgniter.php(355): CodeIgniter\CodeIgniter->handleRequest(NULL, Object(Config\Cache), false)
#10 /opt/lampp/htdocs/proWebAPI/vendor/codeigniter4/framework/system/Boot.php(325): CodeIgniter\CodeIgniter->run()
#11 /opt/lampp/htdocs/proWebAPI/vendor/codeigniter4/framework/system/Boot.php(67): CodeIgniter\Boot::runCodeIgniter(Object(CodeIgniter\CodeIgniter))
#12 /opt/lampp/htdocs/proWebAPI/public/index.php(63): CodeIgniter\Boot::bootWeb(Object(Config\Paths))
#13 /opt/lampp/htdocs/proWebAPI/vendor/codeigniter4/framework/system/rewrite.php(44): require_once('/opt/lampp/htdo...')
#14 {main}
CRITICAL - 2024-10-13 22:00:49 --> CodeIgniter\Database\Exceptions\DatabaseException: Table 'eprocurement_db.questionnaire_products' doesn't exist
[Method: GET, Route: api/questionnaires]
in SYSTEMPATH/Database/BaseConnection.php on line 688.
 1 SYSTEMPATH/Database/BaseBuilder.php(1644): CodeIgniter\Database\BaseConnection->query('SELECT *
FROM `questionnaire_products`
WHERE `questionnaire_id` = :questionnaire_id:', [...], false)
 2 APPPATH/Models/QuestionnaireModel.php(166): CodeIgniter\Database\BaseBuilder->get()
 3 APPPATH/Models/QuestionnaireModel.php(133): App\Models\QuestionnaireModel->getProductsByQuestionnaireId('11fa0e4a-b656-47f4-a11b-c266a07221a5')
 4 APPPATH/Controllers/QuestionnairesController.php(76): App\Models\QuestionnaireModel->getQuestionnairesWithDetails('1', '10', [...])
 5 SYSTEMPATH/CodeIgniter.php(933): App\Controllers\QuestionnairesController->index()
 6 SYSTEMPATH/CodeIgniter.php(509): CodeIgniter\CodeIgniter->runController(Object(App\Controllers\QuestionnairesController))
 7 SYSTEMPATH/CodeIgniter.php(355): CodeIgniter\CodeIgniter->handleRequest(null, Object(Config\Cache), false)
 8 SYSTEMPATH/Boot.php(325): CodeIgniter\CodeIgniter->run()
 9 SYSTEMPATH/Boot.php(67): CodeIgniter\Boot::runCodeIgniter(Object(CodeIgniter\CodeIgniter))
10 FCPATH/index.php(63): CodeIgniter\Boot::bootWeb(Object(Config\Paths))
11 SYSTEMPATH/rewrite.php(44): require_once('/opt/lampp/htdocs/proWebAPI/public/index.php')
CRITICAL - 2024-10-13 22:00:49 --> [Caused by] CodeIgniter\Database\Exceptions\DatabaseException: Table 'eprocurement_db.questionnaire_products' doesn't exist
in SYSTEMPATH/Database/MySQLi/Connection.php on line 317.
 1 SYSTEMPATH/Database/BaseConnection.php(734): CodeIgniter\Database\MySQLi\Connection->execute('SELECT *
FROM `questionnaire_products`
WHERE `questionnaire_id` = \'11fa0e4a-b656-47f4-a11b-c266a07221a5\'')
 2 SYSTEMPATH/Database/BaseConnection.php(648): CodeIgniter\Database\BaseConnection->simpleQuery('SELECT *
FROM `questionnaire_products`
WHERE `questionnaire_id` = \'11fa0e4a-b656-47f4-a11b-c266a07221a5\'')
 3 SYSTEMPATH/Database/BaseBuilder.php(1644): CodeIgniter\Database\BaseConnection->query('SELECT *
FROM `questionnaire_products`
WHERE `questionnaire_id` = :questionnaire_id:', [...], false)
 4 APPPATH/Models/QuestionnaireModel.php(166): CodeIgniter\Database\BaseBuilder->get()
 5 APPPATH/Models/QuestionnaireModel.php(133): App\Models\QuestionnaireModel->getProductsByQuestionnaireId('11fa0e4a-b656-47f4-a11b-c266a07221a5')
 6 APPPATH/Controllers/QuestionnairesController.php(76): App\Models\QuestionnaireModel->getQuestionnairesWithDetails('1', '10', [...])
 7 SYSTEMPATH/CodeIgniter.php(933): App\Controllers\QuestionnairesController->index()
 8 SYSTEMPATH/CodeIgniter.php(509): CodeIgniter\CodeIgniter->runController(Object(App\Controllers\QuestionnairesController))
 9 SYSTEMPATH/CodeIgniter.php(355): CodeIgniter\CodeIgniter->handleRequest(null, Object(Config\Cache), false)
10 SYSTEMPATH/Boot.php(325): CodeIgniter\CodeIgniter->run()
11 SYSTEMPATH/Boot.php(67): CodeIgniter\Boot::runCodeIgniter(Object(CodeIgniter\CodeIgniter))
12 FCPATH/index.php(63): CodeIgniter\Boot::bootWeb(Object(Config\Paths))
13 SYSTEMPATH/rewrite.php(44): require_once('/opt/lampp/htdocs/proWebAPI/public/index.php')
CRITICAL - 2024-10-13 22:00:49 --> [Caused by] mysqli_sql_exception: Table 'eprocurement_db.questionnaire_products' doesn't exist
in SYSTEMPATH/Database/MySQLi/Connection.php on line 312.
 1 SYSTEMPATH/Database/MySQLi/Connection.php(312): mysqli->query('SELECT *
FROM `questionnaire_products`
WHERE `questionnaire_id` = \'11fa0e4a-b656-47f4-a11b-c266a07221a5\'', 0)
 2 SYSTEMPATH/Database/BaseConnection.php(734): CodeIgniter\Database\MySQLi\Connection->execute('SELECT *
FROM `questionnaire_products`
WHERE `questionnaire_id` = \'11fa0e4a-b656-47f4-a11b-c266a07221a5\'')
 3 SYSTEMPATH/Database/BaseConnection.php(648): CodeIgniter\Database\BaseConnection->simpleQuery('SELECT *
FROM `questionnaire_products`
WHERE `questionnaire_id` = \'11fa0e4a-b656-47f4-a11b-c266a07221a5\'')
 4 SYSTEMPATH/Database/BaseBuilder.php(1644): CodeIgniter\Database\BaseConnection->query('SELECT *
FROM `questionnaire_products`
WHERE `questionnaire_id` = :questionnaire_id:', [...], false)
 5 APPPATH/Models/QuestionnaireModel.php(166): CodeIgniter\Database\BaseBuilder->get()
 6 APPPATH/Models/QuestionnaireModel.php(133): App\Models\QuestionnaireModel->getProductsByQuestionnaireId('11fa0e4a-b656-47f4-a11b-c266a07221a5')
 7 APPPATH/Controllers/QuestionnairesController.php(76): App\Models\QuestionnaireModel->getQuestionnairesWithDetails('1', '10', [...])
 8 SYSTEMPATH/CodeIgniter.php(933): App\Controllers\QuestionnairesController->index()
 9 SYSTEMPATH/CodeIgniter.php(509): CodeIgniter\CodeIgniter->runController(Object(App\Controllers\QuestionnairesController))
10 SYSTEMPATH/CodeIgniter.php(355): CodeIgniter\CodeIgniter->handleRequest(null, Object(Config\Cache), false)
11 SYSTEMPATH/Boot.php(325): CodeIgniter\CodeIgniter->run()
12 SYSTEMPATH/Boot.php(67): CodeIgniter\Boot::runCodeIgniter(Object(CodeIgniter\CodeIgniter))
13 FCPATH/index.php(63): CodeIgniter\Boot::bootWeb(Object(Config\Paths))
14 SYSTEMPATH/rewrite.php(44): require_once('/opt/lampp/htdocs/proWebAPI/public/index.php')
ERROR - 2024-10-13 22:00:52 --> mysqli_sql_exception: Table 'eprocurement_db.questionnaire_products' doesn't exist in /opt/lampp/htdocs/proWebAPI/vendor/codeigniter4/framework/system/Database/MySQLi/Connection.php:312
Stack trace:
#0 /opt/lampp/htdocs/proWebAPI/vendor/codeigniter4/framework/system/Database/MySQLi/Connection.php(312): mysqli->query('SELECT *\nFROM `...', 0)
#1 /opt/lampp/htdocs/proWebAPI/vendor/codeigniter4/framework/system/Database/BaseConnection.php(734): CodeIgniter\Database\MySQLi\Connection->execute('SELECT *\nFROM `...')
#2 /opt/lampp/htdocs/proWebAPI/vendor/codeigniter4/framework/system/Database/BaseConnection.php(648): CodeIgniter\Database\BaseConnection->simpleQuery('SELECT *\nFROM `...')
#3 /opt/lampp/htdocs/proWebAPI/vendor/codeigniter4/framework/system/Database/BaseBuilder.php(1644): CodeIgniter\Database\BaseConnection->query('SELECT *\nFROM `...', Array, false)
#4 /opt/lampp/htdocs/proWebAPI/app/Models/QuestionnaireModel.php(166): CodeIgniter\Database\BaseBuilder->get()
#5 /opt/lampp/htdocs/proWebAPI/app/Models/QuestionnaireModel.php(133): App\Models\QuestionnaireModel->getProductsByQuestionnaireId('11fa0e4a-b656-4...')
#6 /opt/lampp/htdocs/proWebAPI/app/Controllers/QuestionnairesController.php(76): App\Models\QuestionnaireModel->getQuestionnairesWithDetails('1', '10', Array)
#7 /opt/lampp/htdocs/proWebAPI/vendor/codeigniter4/framework/system/CodeIgniter.php(933): App\Controllers\QuestionnairesController->index()
#8 /opt/lampp/htdocs/proWebAPI/vendor/codeigniter4/framework/system/CodeIgniter.php(509): CodeIgniter\CodeIgniter->runController(Object(App\Controllers\QuestionnairesController))
#9 /opt/lampp/htdocs/proWebAPI/vendor/codeigniter4/framework/system/CodeIgniter.php(355): CodeIgniter\CodeIgniter->handleRequest(NULL, Object(Config\Cache), false)
#10 /opt/lampp/htdocs/proWebAPI/vendor/codeigniter4/framework/system/Boot.php(325): CodeIgniter\CodeIgniter->run()
#11 /opt/lampp/htdocs/proWebAPI/vendor/codeigniter4/framework/system/Boot.php(67): CodeIgniter\Boot::runCodeIgniter(Object(CodeIgniter\CodeIgniter))
#12 /opt/lampp/htdocs/proWebAPI/public/index.php(63): CodeIgniter\Boot::bootWeb(Object(Config\Paths))
#13 /opt/lampp/htdocs/proWebAPI/vendor/codeigniter4/framework/system/rewrite.php(44): require_once('/opt/lampp/htdo...')
#14 {main}
CRITICAL - 2024-10-13 22:00:52 --> CodeIgniter\Database\Exceptions\DatabaseException: Table 'eprocurement_db.questionnaire_products' doesn't exist
[Method: GET, Route: api/questionnaires]
in SYSTEMPATH/Database/BaseConnection.php on line 688.
 1 SYSTEMPATH/Database/BaseBuilder.php(1644): CodeIgniter\Database\BaseConnection->query('SELECT *
FROM `questionnaire_products`
WHERE `questionnaire_id` = :questionnaire_id:', [...], false)
 2 APPPATH/Models/QuestionnaireModel.php(166): CodeIgniter\Database\BaseBuilder->get()
 3 APPPATH/Models/QuestionnaireModel.php(133): App\Models\QuestionnaireModel->getProductsByQuestionnaireId('11fa0e4a-b656-47f4-a11b-c266a07221a5')
 4 APPPATH/Controllers/QuestionnairesController.php(76): App\Models\QuestionnaireModel->getQuestionnairesWithDetails('1', '10', [...])
 5 SYSTEMPATH/CodeIgniter.php(933): App\Controllers\QuestionnairesController->index()
 6 SYSTEMPATH/CodeIgniter.php(509): CodeIgniter\CodeIgniter->runController(Object(App\Controllers\QuestionnairesController))
 7 SYSTEMPATH/CodeIgniter.php(355): CodeIgniter\CodeIgniter->handleRequest(null, Object(Config\Cache), false)
 8 SYSTEMPATH/Boot.php(325): CodeIgniter\CodeIgniter->run()
 9 SYSTEMPATH/Boot.php(67): CodeIgniter\Boot::runCodeIgniter(Object(CodeIgniter\CodeIgniter))
10 FCPATH/index.php(63): CodeIgniter\Boot::bootWeb(Object(Config\Paths))
11 SYSTEMPATH/rewrite.php(44): require_once('/opt/lampp/htdocs/proWebAPI/public/index.php')
CRITICAL - 2024-10-13 22:00:52 --> [Caused by] CodeIgniter\Database\Exceptions\DatabaseException: Table 'eprocurement_db.questionnaire_products' doesn't exist
in SYSTEMPATH/Database/MySQLi/Connection.php on line 317.
 1 SYSTEMPATH/Database/BaseConnection.php(734): CodeIgniter\Database\MySQLi\Connection->execute('SELECT *
FROM `questionnaire_products`
WHERE `questionnaire_id` = \'11fa0e4a-b656-47f4-a11b-c266a07221a5\'')
 2 SYSTEMPATH/Database/BaseConnection.php(648): CodeIgniter\Database\BaseConnection->simpleQuery('SELECT *
FROM `questionnaire_products`
WHERE `questionnaire_id` = \'11fa0e4a-b656-47f4-a11b-c266a07221a5\'')
 3 SYSTEMPATH/Database/BaseBuilder.php(1644): CodeIgniter\Database\BaseConnection->query('SELECT *
FROM `questionnaire_products`
WHERE `questionnaire_id` = :questionnaire_id:', [...], false)
 4 APPPATH/Models/QuestionnaireModel.php(166): CodeIgniter\Database\BaseBuilder->get()
 5 APPPATH/Models/QuestionnaireModel.php(133): App\Models\QuestionnaireModel->getProductsByQuestionnaireId('11fa0e4a-b656-47f4-a11b-c266a07221a5')
 6 APPPATH/Controllers/QuestionnairesController.php(76): App\Models\QuestionnaireModel->getQuestionnairesWithDetails('1', '10', [...])
 7 SYSTEMPATH/CodeIgniter.php(933): App\Controllers\QuestionnairesController->index()
 8 SYSTEMPATH/CodeIgniter.php(509): CodeIgniter\CodeIgniter->runController(Object(App\Controllers\QuestionnairesController))
 9 SYSTEMPATH/CodeIgniter.php(355): CodeIgniter\CodeIgniter->handleRequest(null, Object(Config\Cache), false)
10 SYSTEMPATH/Boot.php(325): CodeIgniter\CodeIgniter->run()
11 SYSTEMPATH/Boot.php(67): CodeIgniter\Boot::runCodeIgniter(Object(CodeIgniter\CodeIgniter))
12 FCPATH/index.php(63): CodeIgniter\Boot::bootWeb(Object(Config\Paths))
13 SYSTEMPATH/rewrite.php(44): require_once('/opt/lampp/htdocs/proWebAPI/public/index.php')
CRITICAL - 2024-10-13 22:00:52 --> [Caused by] mysqli_sql_exception: Table 'eprocurement_db.questionnaire_products' doesn't exist
in SYSTEMPATH/Database/MySQLi/Connection.php on line 312.
 1 SYSTEMPATH/Database/MySQLi/Connection.php(312): mysqli->query('SELECT *
FROM `questionnaire_products`
WHERE `questionnaire_id` = \'11fa0e4a-b656-47f4-a11b-c266a07221a5\'', 0)
 2 SYSTEMPATH/Database/BaseConnection.php(734): CodeIgniter\Database\MySQLi\Connection->execute('SELECT *
FROM `questionnaire_products`
WHERE `questionnaire_id` = \'11fa0e4a-b656-47f4-a11b-c266a07221a5\'')
 3 SYSTEMPATH/Database/BaseConnection.php(648): CodeIgniter\Database\BaseConnection->simpleQuery('SELECT *
FROM `questionnaire_products`
WHERE `questionnaire_id` = \'11fa0e4a-b656-47f4-a11b-c266a07221a5\'')
 4 SYSTEMPATH/Database/BaseBuilder.php(1644): CodeIgniter\Database\BaseConnection->query('SELECT *
FROM `questionnaire_products`
WHERE `questionnaire_id` = :questionnaire_id:', [...], false)
 5 APPPATH/Models/QuestionnaireModel.php(166): CodeIgniter\Database\BaseBuilder->get()
 6 APPPATH/Models/QuestionnaireModel.php(133): App\Models\QuestionnaireModel->getProductsByQuestionnaireId('11fa0e4a-b656-47f4-a11b-c266a07221a5')
 7 APPPATH/Controllers/QuestionnairesController.php(76): App\Models\QuestionnaireModel->getQuestionnairesWithDetails('1', '10', [...])
 8 SYSTEMPATH/CodeIgniter.php(933): App\Controllers\QuestionnairesController->index()
 9 SYSTEMPATH/CodeIgniter.php(509): CodeIgniter\CodeIgniter->runController(Object(App\Controllers\QuestionnairesController))
10 SYSTEMPATH/CodeIgniter.php(355): CodeIgniter\CodeIgniter->handleRequest(null, Object(Config\Cache), false)
11 SYSTEMPATH/Boot.php(325): CodeIgniter\CodeIgniter->run()
12 SYSTEMPATH/Boot.php(67): CodeIgniter\Boot::runCodeIgniter(Object(CodeIgniter\CodeIgniter))
13 FCPATH/index.php(63): CodeIgniter\Boot::bootWeb(Object(Config\Paths))
14 SYSTEMPATH/rewrite.php(44): require_once('/opt/lampp/htdocs/proWebAPI/public/index.php')
ERROR - 2024-10-13 22:07:14 --> mysqli_sql_exception: Unknown column 'product.code' in 'field list' in /opt/lampp/htdocs/proWebAPI/vendor/codeigniter4/framework/system/Database/MySQLi/Connection.php:312
Stack trace:
#0 /opt/lampp/htdocs/proWebAPI/vendor/codeigniter4/framework/system/Database/MySQLi/Connection.php(312): mysqli->query('SELECT `questio...', 0)
#1 /opt/lampp/htdocs/proWebAPI/vendor/codeigniter4/framework/system/Database/BaseConnection.php(734): CodeIgniter\Database\MySQLi\Connection->execute('SELECT `questio...')
#2 /opt/lampp/htdocs/proWebAPI/vendor/codeigniter4/framework/system/Database/BaseConnection.php(648): CodeIgniter\Database\BaseConnection->simpleQuery('SELECT `questio...')
#3 /opt/lampp/htdocs/proWebAPI/vendor/codeigniter4/framework/system/Database/BaseBuilder.php(1644): CodeIgniter\Database\BaseConnection->query('SELECT `questio...', Array, false)
#4 /opt/lampp/htdocs/proWebAPI/app/Models/QuestionnaireModel.php(167): CodeIgniter\Database\BaseBuilder->get()
#5 /opt/lampp/htdocs/proWebAPI/app/Models/QuestionnaireModel.php(133): App\Models\QuestionnaireModel->getProductsByQuestionnaireId('11fa0e4a-b656-4...')
#6 /opt/lampp/htdocs/proWebAPI/app/Controllers/QuestionnairesController.php(76): App\Models\QuestionnaireModel->getQuestionnairesWithDetails('1', '10', Array)
#7 /opt/lampp/htdocs/proWebAPI/vendor/codeigniter4/framework/system/CodeIgniter.php(933): App\Controllers\QuestionnairesController->index()
#8 /opt/lampp/htdocs/proWebAPI/vendor/codeigniter4/framework/system/CodeIgniter.php(509): CodeIgniter\CodeIgniter->runController(Object(App\Controllers\QuestionnairesController))
#9 /opt/lampp/htdocs/proWebAPI/vendor/codeigniter4/framework/system/CodeIgniter.php(355): CodeIgniter\CodeIgniter->handleRequest(NULL, Object(Config\Cache), false)
#10 /opt/lampp/htdocs/proWebAPI/vendor/codeigniter4/framework/system/Boot.php(325): CodeIgniter\CodeIgniter->run()
#11 /opt/lampp/htdocs/proWebAPI/vendor/codeigniter4/framework/system/Boot.php(67): CodeIgniter\Boot::runCodeIgniter(Object(CodeIgniter\CodeIgniter))
#12 /opt/lampp/htdocs/proWebAPI/public/index.php(63): CodeIgniter\Boot::bootWeb(Object(Config\Paths))
#13 /opt/lampp/htdocs/proWebAPI/vendor/codeigniter4/framework/system/rewrite.php(44): require_once('/opt/lampp/htdo...')
#14 {main}
CRITICAL - 2024-10-13 22:07:14 --> CodeIgniter\Database\Exceptions\DatabaseException: Unknown column 'product.code' in 'field list'
[Method: GET, Route: api/questionnaires]
in SYSTEMPATH/Database/BaseConnection.php on line 688.
 1 SYSTEMPATH/Database/BaseBuilder.php(1644): CodeIgniter\Database\BaseConnection->query('SELECT `questionnaire_products`.*, `product`.`code` as `code`, `product`.`title` as `title`
FROM `questionnaire_products`
JOIN `products` ON `products`.`id` = `questionnaire_products`.`product_id`
WHERE `questionnaire_products`.`questionnaire_id` = :questionnaire_products.questionnaire_id:', [...], false)
 2 APPPATH/Models/QuestionnaireModel.php(167): CodeIgniter\Database\BaseBuilder->get()
 3 APPPATH/Models/QuestionnaireModel.php(133): App\Models\QuestionnaireModel->getProductsByQuestionnaireId('11fa0e4a-b656-47f4-a11b-c266a07221a5')
 4 APPPATH/Controllers/QuestionnairesController.php(76): App\Models\QuestionnaireModel->getQuestionnairesWithDetails('1', '10', [...])
 5 SYSTEMPATH/CodeIgniter.php(933): App\Controllers\QuestionnairesController->index()
 6 SYSTEMPATH/CodeIgniter.php(509): CodeIgniter\CodeIgniter->runController(Object(App\Controllers\QuestionnairesController))
 7 SYSTEMPATH/CodeIgniter.php(355): CodeIgniter\CodeIgniter->handleRequest(null, Object(Config\Cache), false)
 8 SYSTEMPATH/Boot.php(325): CodeIgniter\CodeIgniter->run()
 9 SYSTEMPATH/Boot.php(67): CodeIgniter\Boot::runCodeIgniter(Object(CodeIgniter\CodeIgniter))
10 FCPATH/index.php(63): CodeIgniter\Boot::bootWeb(Object(Config\Paths))
11 SYSTEMPATH/rewrite.php(44): require_once('/opt/lampp/htdocs/proWebAPI/public/index.php')
CRITICAL - 2024-10-13 22:07:14 --> [Caused by] CodeIgniter\Database\Exceptions\DatabaseException: Unknown column 'product.code' in 'field list'
in SYSTEMPATH/Database/MySQLi/Connection.php on line 317.
 1 SYSTEMPATH/Database/BaseConnection.php(734): CodeIgniter\Database\MySQLi\Connection->execute('SELECT `questionnaire_products`.*, `product`.`code` as `code`, `product`.`title` as `title`
FROM `questionnaire_products`
JOIN `products` ON `products`.`id` = `questionnaire_products`.`product_id`
WHERE `questionnaire_products`.`questionnaire_id` = \'11fa0e4a-b656-47f4-a11b-c266a07221a5\'')
 2 SYSTEMPATH/Database/BaseConnection.php(648): CodeIgniter\Database\BaseConnection->simpleQuery('SELECT `questionnaire_products`.*, `product`.`code` as `code`, `product`.`title` as `title`
FROM `questionnaire_products`
JOIN `products` ON `products`.`id` = `questionnaire_products`.`product_id`
WHERE `questionnaire_products`.`questionnaire_id` = \'11fa0e4a-b656-47f4-a11b-c266a07221a5\'')
 3 SYSTEMPATH/Database/BaseBuilder.php(1644): CodeIgniter\Database\BaseConnection->query('SELECT `questionnaire_products`.*, `product`.`code` as `code`, `product`.`title` as `title`
FROM `questionnaire_products`
JOIN `products` ON `products`.`id` = `questionnaire_products`.`product_id`
WHERE `questionnaire_products`.`questionnaire_id` = :questionnaire_products.questionnaire_id:', [...], false)
 4 APPPATH/Models/QuestionnaireModel.php(167): CodeIgniter\Database\BaseBuilder->get()
 5 APPPATH/Models/QuestionnaireModel.php(133): App\Models\QuestionnaireModel->getProductsByQuestionnaireId('11fa0e4a-b656-47f4-a11b-c266a07221a5')
 6 APPPATH/Controllers/QuestionnairesController.php(76): App\Models\QuestionnaireModel->getQuestionnairesWithDetails('1', '10', [...])
 7 SYSTEMPATH/CodeIgniter.php(933): App\Controllers\QuestionnairesController->index()
 8 SYSTEMPATH/CodeIgniter.php(509): CodeIgniter\CodeIgniter->runController(Object(App\Controllers\QuestionnairesController))
 9 SYSTEMPATH/CodeIgniter.php(355): CodeIgniter\CodeIgniter->handleRequest(null, Object(Config\Cache), false)
10 SYSTEMPATH/Boot.php(325): CodeIgniter\CodeIgniter->run()
11 SYSTEMPATH/Boot.php(67): CodeIgniter\Boot::runCodeIgniter(Object(CodeIgniter\CodeIgniter))
12 FCPATH/index.php(63): CodeIgniter\Boot::bootWeb(Object(Config\Paths))
13 SYSTEMPATH/rewrite.php(44): require_once('/opt/lampp/htdocs/proWebAPI/public/index.php')
CRITICAL - 2024-10-13 22:07:14 --> [Caused by] mysqli_sql_exception: Unknown column 'product.code' in 'field list'
in SYSTEMPATH/Database/MySQLi/Connection.php on line 312.
 1 SYSTEMPATH/Database/MySQLi/Connection.php(312): mysqli->query('SELECT `questionnaire_products`.*, `product`.`code` as `code`, `product`.`title` as `title`
FROM `questionnaire_products`
JOIN `products` ON `products`.`id` = `questionnaire_products`.`product_id`
WHERE `questionnaire_products`.`questionnaire_id` = \'11fa0e4a-b656-47f4-a11b-c266a07221a5\'', 0)
 2 SYSTEMPATH/Database/BaseConnection.php(734): CodeIgniter\Database\MySQLi\Connection->execute('SELECT `questionnaire_products`.*, `product`.`code` as `code`, `product`.`title` as `title`
FROM `questionnaire_products`
JOIN `products` ON `products`.`id` = `questionnaire_products`.`product_id`
WHERE `questionnaire_products`.`questionnaire_id` = \'11fa0e4a-b656-47f4-a11b-c266a07221a5\'')
 3 SYSTEMPATH/Database/BaseConnection.php(648): CodeIgniter\Database\BaseConnection->simpleQuery('SELECT `questionnaire_products`.*, `product`.`code` as `code`, `product`.`title` as `title`
FROM `questionnaire_products`
JOIN `products` ON `products`.`id` = `questionnaire_products`.`product_id`
WHERE `questionnaire_products`.`questionnaire_id` = \'11fa0e4a-b656-47f4-a11b-c266a07221a5\'')
 4 SYSTEMPATH/Database/BaseBuilder.php(1644): CodeIgniter\Database\BaseConnection->query('SELECT `questionnaire_products`.*, `product`.`code` as `code`, `product`.`title` as `title`
FROM `questionnaire_products`
JOIN `products` ON `products`.`id` = `questionnaire_products`.`product_id`
WHERE `questionnaire_products`.`questionnaire_id` = :questionnaire_products.questionnaire_id:', [...], false)
 5 APPPATH/Models/QuestionnaireModel.php(167): CodeIgniter\Database\BaseBuilder->get()
 6 APPPATH/Models/QuestionnaireModel.php(133): App\Models\QuestionnaireModel->getProductsByQuestionnaireId('11fa0e4a-b656-47f4-a11b-c266a07221a5')
 7 APPPATH/Controllers/QuestionnairesController.php(76): App\Models\QuestionnaireModel->getQuestionnairesWithDetails('1', '10', [...])
 8 SYSTEMPATH/CodeIgniter.php(933): App\Controllers\QuestionnairesController->index()
 9 SYSTEMPATH/CodeIgniter.php(509): CodeIgniter\CodeIgniter->runController(Object(App\Controllers\QuestionnairesController))
10 SYSTEMPATH/CodeIgniter.php(355): CodeIgniter\CodeIgniter->handleRequest(null, Object(Config\Cache), false)
11 SYSTEMPATH/Boot.php(325): CodeIgniter\CodeIgniter->run()
12 SYSTEMPATH/Boot.php(67): CodeIgniter\Boot::runCodeIgniter(Object(CodeIgniter\CodeIgniter))
13 FCPATH/index.php(63): CodeIgniter\Boot::bootWeb(Object(Config\Paths))
14 SYSTEMPATH/rewrite.php(44): require_once('/opt/lampp/htdocs/proWebAPI/public/index.php')
ERROR - 2024-10-13 22:07:17 --> mysqli_sql_exception: Unknown column 'product.code' in 'field list' in /opt/lampp/htdocs/proWebAPI/vendor/codeigniter4/framework/system/Database/MySQLi/Connection.php:312
Stack trace:
#0 /opt/lampp/htdocs/proWebAPI/vendor/codeigniter4/framework/system/Database/MySQLi/Connection.php(312): mysqli->query('SELECT `questio...', 0)
#1 /opt/lampp/htdocs/proWebAPI/vendor/codeigniter4/framework/system/Database/BaseConnection.php(734): CodeIgniter\Database\MySQLi\Connection->execute('SELECT `questio...')
#2 /opt/lampp/htdocs/proWebAPI/vendor/codeigniter4/framework/system/Database/BaseConnection.php(648): CodeIgniter\Database\BaseConnection->simpleQuery('SELECT `questio...')
#3 /opt/lampp/htdocs/proWebAPI/vendor/codeigniter4/framework/system/Database/BaseBuilder.php(1644): CodeIgniter\Database\BaseConnection->query('SELECT `questio...', Array, false)
#4 /opt/lampp/htdocs/proWebAPI/app/Models/QuestionnaireModel.php(167): CodeIgniter\Database\BaseBuilder->get()
#5 /opt/lampp/htdocs/proWebAPI/app/Models/QuestionnaireModel.php(133): App\Models\QuestionnaireModel->getProductsByQuestionnaireId('11fa0e4a-b656-4...')
#6 /opt/lampp/htdocs/proWebAPI/app/Controllers/QuestionnairesController.php(76): App\Models\QuestionnaireModel->getQuestionnairesWithDetails('1', '10', Array)
#7 /opt/lampp/htdocs/proWebAPI/vendor/codeigniter4/framework/system/CodeIgniter.php(933): App\Controllers\QuestionnairesController->index()
#8 /opt/lampp/htdocs/proWebAPI/vendor/codeigniter4/framework/system/CodeIgniter.php(509): CodeIgniter\CodeIgniter->runController(Object(App\Controllers\QuestionnairesController))
#9 /opt/lampp/htdocs/proWebAPI/vendor/codeigniter4/framework/system/CodeIgniter.php(355): CodeIgniter\CodeIgniter->handleRequest(NULL, Object(Config\Cache), false)
#10 /opt/lampp/htdocs/proWebAPI/vendor/codeigniter4/framework/system/Boot.php(325): CodeIgniter\CodeIgniter->run()
#11 /opt/lampp/htdocs/proWebAPI/vendor/codeigniter4/framework/system/Boot.php(67): CodeIgniter\Boot::runCodeIgniter(Object(CodeIgniter\CodeIgniter))
#12 /opt/lampp/htdocs/proWebAPI/public/index.php(63): CodeIgniter\Boot::bootWeb(Object(Config\Paths))
#13 /opt/lampp/htdocs/proWebAPI/vendor/codeigniter4/framework/system/rewrite.php(44): require_once('/opt/lampp/htdo...')
#14 {main}
CRITICAL - 2024-10-13 22:07:17 --> CodeIgniter\Database\Exceptions\DatabaseException: Unknown column 'product.code' in 'field list'
[Method: GET, Route: api/questionnaires]
in SYSTEMPATH/Database/BaseConnection.php on line 688.
 1 SYSTEMPATH/Database/BaseBuilder.php(1644): CodeIgniter\Database\BaseConnection->query('SELECT `questionnaire_products`.*, `product`.`code` as `code`, `product`.`title` as `title`
FROM `questionnaire_products`
JOIN `products` ON `products`.`id` = `questionnaire_products`.`product_id`
WHERE `questionnaire_products`.`questionnaire_id` = :questionnaire_products.questionnaire_id:', [...], false)
 2 APPPATH/Models/QuestionnaireModel.php(167): CodeIgniter\Database\BaseBuilder->get()
 3 APPPATH/Models/QuestionnaireModel.php(133): App\Models\QuestionnaireModel->getProductsByQuestionnaireId('11fa0e4a-b656-47f4-a11b-c266a07221a5')
 4 APPPATH/Controllers/QuestionnairesController.php(76): App\Models\QuestionnaireModel->getQuestionnairesWithDetails('1', '10', [...])
 5 SYSTEMPATH/CodeIgniter.php(933): App\Controllers\QuestionnairesController->index()
 6 SYSTEMPATH/CodeIgniter.php(509): CodeIgniter\CodeIgniter->runController(Object(App\Controllers\QuestionnairesController))
 7 SYSTEMPATH/CodeIgniter.php(355): CodeIgniter\CodeIgniter->handleRequest(null, Object(Config\Cache), false)
 8 SYSTEMPATH/Boot.php(325): CodeIgniter\CodeIgniter->run()
 9 SYSTEMPATH/Boot.php(67): CodeIgniter\Boot::runCodeIgniter(Object(CodeIgniter\CodeIgniter))
10 FCPATH/index.php(63): CodeIgniter\Boot::bootWeb(Object(Config\Paths))
11 SYSTEMPATH/rewrite.php(44): require_once('/opt/lampp/htdocs/proWebAPI/public/index.php')
CRITICAL - 2024-10-13 22:07:17 --> [Caused by] CodeIgniter\Database\Exceptions\DatabaseException: Unknown column 'product.code' in 'field list'
in SYSTEMPATH/Database/MySQLi/Connection.php on line 317.
 1 SYSTEMPATH/Database/BaseConnection.php(734): CodeIgniter\Database\MySQLi\Connection->execute('SELECT `questionnaire_products`.*, `product`.`code` as `code`, `product`.`title` as `title`
FROM `questionnaire_products`
JOIN `products` ON `products`.`id` = `questionnaire_products`.`product_id`
WHERE `questionnaire_products`.`questionnaire_id` = \'11fa0e4a-b656-47f4-a11b-c266a07221a5\'')
 2 SYSTEMPATH/Database/BaseConnection.php(648): CodeIgniter\Database\BaseConnection->simpleQuery('SELECT `questionnaire_products`.*, `product`.`code` as `code`, `product`.`title` as `title`
FROM `questionnaire_products`
JOIN `products` ON `products`.`id` = `questionnaire_products`.`product_id`
WHERE `questionnaire_products`.`questionnaire_id` = \'11fa0e4a-b656-47f4-a11b-c266a07221a5\'')
 3 SYSTEMPATH/Database/BaseBuilder.php(1644): CodeIgniter\Database\BaseConnection->query('SELECT `questionnaire_products`.*, `product`.`code` as `code`, `product`.`title` as `title`
FROM `questionnaire_products`
JOIN `products` ON `products`.`id` = `questionnaire_products`.`product_id`
WHERE `questionnaire_products`.`questionnaire_id` = :questionnaire_products.questionnaire_id:', [...], false)
 4 APPPATH/Models/QuestionnaireModel.php(167): CodeIgniter\Database\BaseBuilder->get()
 5 APPPATH/Models/QuestionnaireModel.php(133): App\Models\QuestionnaireModel->getProductsByQuestionnaireId('11fa0e4a-b656-47f4-a11b-c266a07221a5')
 6 APPPATH/Controllers/QuestionnairesController.php(76): App\Models\QuestionnaireModel->getQuestionnairesWithDetails('1', '10', [...])
 7 SYSTEMPATH/CodeIgniter.php(933): App\Controllers\QuestionnairesController->index()
 8 SYSTEMPATH/CodeIgniter.php(509): CodeIgniter\CodeIgniter->runController(Object(App\Controllers\QuestionnairesController))
 9 SYSTEMPATH/CodeIgniter.php(355): CodeIgniter\CodeIgniter->handleRequest(null, Object(Config\Cache), false)
10 SYSTEMPATH/Boot.php(325): CodeIgniter\CodeIgniter->run()
11 SYSTEMPATH/Boot.php(67): CodeIgniter\Boot::runCodeIgniter(Object(CodeIgniter\CodeIgniter))
12 FCPATH/index.php(63): CodeIgniter\Boot::bootWeb(Object(Config\Paths))
13 SYSTEMPATH/rewrite.php(44): require_once('/opt/lampp/htdocs/proWebAPI/public/index.php')
CRITICAL - 2024-10-13 22:07:17 --> [Caused by] mysqli_sql_exception: Unknown column 'product.code' in 'field list'
in SYSTEMPATH/Database/MySQLi/Connection.php on line 312.
 1 SYSTEMPATH/Database/MySQLi/Connection.php(312): mysqli->query('SELECT `questionnaire_products`.*, `product`.`code` as `code`, `product`.`title` as `title`
FROM `questionnaire_products`
JOIN `products` ON `products`.`id` = `questionnaire_products`.`product_id`
WHERE `questionnaire_products`.`questionnaire_id` = \'11fa0e4a-b656-47f4-a11b-c266a07221a5\'', 0)
 2 SYSTEMPATH/Database/BaseConnection.php(734): CodeIgniter\Database\MySQLi\Connection->execute('SELECT `questionnaire_products`.*, `product`.`code` as `code`, `product`.`title` as `title`
FROM `questionnaire_products`
JOIN `products` ON `products`.`id` = `questionnaire_products`.`product_id`
WHERE `questionnaire_products`.`questionnaire_id` = \'11fa0e4a-b656-47f4-a11b-c266a07221a5\'')
 3 SYSTEMPATH/Database/BaseConnection.php(648): CodeIgniter\Database\BaseConnection->simpleQuery('SELECT `questionnaire_products`.*, `product`.`code` as `code`, `product`.`title` as `title`
FROM `questionnaire_products`
JOIN `products` ON `products`.`id` = `questionnaire_products`.`product_id`
WHERE `questionnaire_products`.`questionnaire_id` = \'11fa0e4a-b656-47f4-a11b-c266a07221a5\'')
 4 SYSTEMPATH/Database/BaseBuilder.php(1644): CodeIgniter\Database\BaseConnection->query('SELECT `questionnaire_products`.*, `product`.`code` as `code`, `product`.`title` as `title`
FROM `questionnaire_products`
JOIN `products` ON `products`.`id` = `questionnaire_products`.`product_id`
WHERE `questionnaire_products`.`questionnaire_id` = :questionnaire_products.questionnaire_id:', [...], false)
 5 APPPATH/Models/QuestionnaireModel.php(167): CodeIgniter\Database\BaseBuilder->get()
 6 APPPATH/Models/QuestionnaireModel.php(133): App\Models\QuestionnaireModel->getProductsByQuestionnaireId('11fa0e4a-b656-47f4-a11b-c266a07221a5')
 7 APPPATH/Controllers/QuestionnairesController.php(76): App\Models\QuestionnaireModel->getQuestionnairesWithDetails('1', '10', [...])
 8 SYSTEMPATH/CodeIgniter.php(933): App\Controllers\QuestionnairesController->index()
 9 SYSTEMPATH/CodeIgniter.php(509): CodeIgniter\CodeIgniter->runController(Object(App\Controllers\QuestionnairesController))
10 SYSTEMPATH/CodeIgniter.php(355): CodeIgniter\CodeIgniter->handleRequest(null, Object(Config\Cache), false)
11 SYSTEMPATH/Boot.php(325): CodeIgniter\CodeIgniter->run()
12 SYSTEMPATH/Boot.php(67): CodeIgniter\Boot::runCodeIgniter(Object(CodeIgniter\CodeIgniter))
13 FCPATH/index.php(63): CodeIgniter\Boot::bootWeb(Object(Config\Paths))
14 SYSTEMPATH/rewrite.php(44): require_once('/opt/lampp/htdocs/proWebAPI/public/index.php')
