WARNING - 2024-09-20 19:13:19 --> [DEPRECATED] Creation of dynamic property App\Database\Migrations\AddMoreAttributesToUsers::$attributes is deprecated in APPPATH/Database/Migrations/2024-09-20-105456_AddMoreAttributesToUsers.php on line 22.
 1 SYSTEMPATH/Database/MigrationRunner.php(838): App\Database\Migrations\AddMoreAttributesToUsers->__construct(Object(CodeIgniter\Database\MySQLi\Forge))
 2 SYSTEMPATH/Database/MigrationRunner.php(183): CodeIgniter\Database\MigrationRunner->migrate('up', Object(stdClass))
 3 SYSTEMPATH/Commands/Database/Migrate.php(85): CodeIgniter\Database\MigrationRunner->latest(null)
 4 SYSTEMPATH/CLI/Commands.php(70): CodeIgniter\Commands\Database\Migrate->run([...])
 5 SYSTEMPATH/CLI/Console.php(48): CodeIgniter\CLI\Commands->run('migrate', [...])
 6 SYSTEMPATH/Boot.php(351): CodeIgniter\CLI\Console->run()
 7 SYSTEMPATH/Boot.php(104): CodeIgniter\Boot::runCommand(Object(CodeIgniter\CLI\Console))
 8 ROOTPATH/spark(84): CodeIgniter\Boot::bootSpark(Object(Config\Paths))
CRITICAL - 2024-09-20 21:58:25 --> TypeError: CodeIgniter\Controller::validateData(): Argument #1 ($data) must be of type array, null given, called in /opt/lampp/htdocs/proWebAPI/app/Controllers/AuthController.php on line 187
[Method: POST, Route: api/signin]
in SYSTEMPATH/Controller.php on line 148.
 1 APPPATH/Controllers/AuthController.php(187): CodeIgniter\Controller->validateData(null, [...], [], null)
 2 SYSTEMPATH/CodeIgniter.php(933): App\Controllers\AuthController->jwtLogin()
 3 SYSTEMPATH/CodeIgniter.php(509): CodeIgniter\CodeIgniter->runController(Object(App\Controllers\AuthController))
 4 SYSTEMPATH/CodeIgniter.php(355): CodeIgniter\CodeIgniter->handleRequest(null, Object(Config\Cache), false)
 5 SYSTEMPATH/Boot.php(325): CodeIgniter\CodeIgniter->run()
 6 SYSTEMPATH/Boot.php(67): CodeIgniter\Boot::runCodeIgniter(Object(CodeIgniter\CodeIgniter))
 7 FCPATH/index.php(56): CodeIgniter\Boot::bootWeb(Object(Config\Paths))
 8 SYSTEMPATH/rewrite.php(44): require_once('/opt/lampp/htdocs/proWebAPI/public/index.php')
INFO - 2024-09-20 22:00:34 --> Session: Class initialized using 'CodeIgniter\Session\Handlers\FileHandler' driver.
ERROR - 2024-09-20 22:02:09 --> mysqli_sql_exception: Table 'eprocurement_db.questionnaires' doesn't exist in /opt/lampp/htdocs/proWebAPI/vendor/codeigniter4/framework/system/Database/MySQLi/Connection.php:312
Stack trace:
#0 /opt/lampp/htdocs/proWebAPI/vendor/codeigniter4/framework/system/Database/MySQLi/Connection.php(312): mysqli->query('SELECT *\nFROM `...', 0)
#1 /opt/lampp/htdocs/proWebAPI/vendor/codeigniter4/framework/system/Database/BaseConnection.php(734): CodeIgniter\Database\MySQLi\Connection->execute('SELECT *\nFROM `...')
#2 /opt/lampp/htdocs/proWebAPI/vendor/codeigniter4/framework/system/Database/BaseConnection.php(648): CodeIgniter\Database\BaseConnection->simpleQuery('SELECT *\nFROM `...')
#3 /opt/lampp/htdocs/proWebAPI/vendor/codeigniter4/framework/system/Database/BaseBuilder.php(1644): CodeIgniter\Database\BaseConnection->query('SELECT *\nFROM `...', Array, false)
#4 /opt/lampp/htdocs/proWebAPI/vendor/codeigniter4/framework/system/Model.php(286): CodeIgniter\Database\BaseBuilder->get()
#5 /opt/lampp/htdocs/proWebAPI/vendor/codeigniter4/framework/system/BaseModel.php(676): CodeIgniter\Model->doFindAll(0, 0)
#6 /opt/lampp/htdocs/proWebAPI/app/Controllers/QuestionnairesController.php(19): CodeIgniter\BaseModel->findAll()
#7 /opt/lampp/htdocs/proWebAPI/vendor/codeigniter4/framework/system/CodeIgniter.php(933): App\Controllers\QuestionnairesController->index()
#8 /opt/lampp/htdocs/proWebAPI/vendor/codeigniter4/framework/system/CodeIgniter.php(509): CodeIgniter\CodeIgniter->runController(Object(App\Controllers\QuestionnairesController))
#9 /opt/lampp/htdocs/proWebAPI/vendor/codeigniter4/framework/system/CodeIgniter.php(355): CodeIgniter\CodeIgniter->handleRequest(NULL, Object(Config\Cache), false)
#10 /opt/lampp/htdocs/proWebAPI/vendor/codeigniter4/framework/system/Boot.php(325): CodeIgniter\CodeIgniter->run()
#11 /opt/lampp/htdocs/proWebAPI/vendor/codeigniter4/framework/system/Boot.php(67): CodeIgniter\Boot::runCodeIgniter(Object(CodeIgniter\CodeIgniter))
#12 /opt/lampp/htdocs/proWebAPI/public/index.php(56): CodeIgniter\Boot::bootWeb(Object(Config\Paths))
#13 /opt/lampp/htdocs/proWebAPI/vendor/codeigniter4/framework/system/rewrite.php(44): require_once('/opt/lampp/htdo...')
#14 {main}
CRITICAL - 2024-09-20 22:02:09 --> CodeIgniter\Database\Exceptions\DatabaseException: Table 'eprocurement_db.questionnaires' doesn't exist
[Method: GET, Route: api/questionnaires]
in SYSTEMPATH/Database/BaseConnection.php on line 688.
 1 SYSTEMPATH/Database/BaseBuilder.php(1644): CodeIgniter\Database\BaseConnection->query('SELECT *
FROM `questionnaires`', [], false)
 2 SYSTEMPATH/Model.php(286): CodeIgniter\Database\BaseBuilder->get()
 3 SYSTEMPATH/BaseModel.php(676): CodeIgniter\Model->doFindAll(0, 0)
 4 APPPATH/Controllers/QuestionnairesController.php(19): CodeIgniter\BaseModel->findAll()
 5 SYSTEMPATH/CodeIgniter.php(933): App\Controllers\QuestionnairesController->index()
 6 SYSTEMPATH/CodeIgniter.php(509): CodeIgniter\CodeIgniter->runController(Object(App\Controllers\QuestionnairesController))
 7 SYSTEMPATH/CodeIgniter.php(355): CodeIgniter\CodeIgniter->handleRequest(null, Object(Config\Cache), false)
 8 SYSTEMPATH/Boot.php(325): CodeIgniter\CodeIgniter->run()
 9 SYSTEMPATH/Boot.php(67): CodeIgniter\Boot::runCodeIgniter(Object(CodeIgniter\CodeIgniter))
10 FCPATH/index.php(56): CodeIgniter\Boot::bootWeb(Object(Config\Paths))
11 SYSTEMPATH/rewrite.php(44): require_once('/opt/lampp/htdocs/proWebAPI/public/index.php')
CRITICAL - 2024-09-20 22:02:09 --> [Caused by] CodeIgniter\Database\Exceptions\DatabaseException: Table 'eprocurement_db.questionnaires' doesn't exist
in SYSTEMPATH/Database/MySQLi/Connection.php on line 317.
 1 SYSTEMPATH/Database/BaseConnection.php(734): CodeIgniter\Database\MySQLi\Connection->execute('SELECT *
FROM `questionnaires`')
 2 SYSTEMPATH/Database/BaseConnection.php(648): CodeIgniter\Database\BaseConnection->simpleQuery('SELECT *
FROM `questionnaires`')
 3 SYSTEMPATH/Database/BaseBuilder.php(1644): CodeIgniter\Database\BaseConnection->query('SELECT *
FROM `questionnaires`', [], false)
 4 SYSTEMPATH/Model.php(286): CodeIgniter\Database\BaseBuilder->get()
 5 SYSTEMPATH/BaseModel.php(676): CodeIgniter\Model->doFindAll(0, 0)
 6 APPPATH/Controllers/QuestionnairesController.php(19): CodeIgniter\BaseModel->findAll()
 7 SYSTEMPATH/CodeIgniter.php(933): App\Controllers\QuestionnairesController->index()
 8 SYSTEMPATH/CodeIgniter.php(509): CodeIgniter\CodeIgniter->runController(Object(App\Controllers\QuestionnairesController))
 9 SYSTEMPATH/CodeIgniter.php(355): CodeIgniter\CodeIgniter->handleRequest(null, Object(Config\Cache), false)
10 SYSTEMPATH/Boot.php(325): CodeIgniter\CodeIgniter->run()
11 SYSTEMPATH/Boot.php(67): CodeIgniter\Boot::runCodeIgniter(Object(CodeIgniter\CodeIgniter))
12 FCPATH/index.php(56): CodeIgniter\Boot::bootWeb(Object(Config\Paths))
13 SYSTEMPATH/rewrite.php(44): require_once('/opt/lampp/htdocs/proWebAPI/public/index.php')
CRITICAL - 2024-09-20 22:02:09 --> [Caused by] mysqli_sql_exception: Table 'eprocurement_db.questionnaires' doesn't exist
in SYSTEMPATH/Database/MySQLi/Connection.php on line 312.
 1 SYSTEMPATH/Database/MySQLi/Connection.php(312): mysqli->query('SELECT *
FROM `questionnaires`', 0)
 2 SYSTEMPATH/Database/BaseConnection.php(734): CodeIgniter\Database\MySQLi\Connection->execute('SELECT *
FROM `questionnaires`')
 3 SYSTEMPATH/Database/BaseConnection.php(648): CodeIgniter\Database\BaseConnection->simpleQuery('SELECT *
FROM `questionnaires`')
 4 SYSTEMPATH/Database/BaseBuilder.php(1644): CodeIgniter\Database\BaseConnection->query('SELECT *
FROM `questionnaires`', [], false)
 5 SYSTEMPATH/Model.php(286): CodeIgniter\Database\BaseBuilder->get()
 6 SYSTEMPATH/BaseModel.php(676): CodeIgniter\Model->doFindAll(0, 0)
 7 APPPATH/Controllers/QuestionnairesController.php(19): CodeIgniter\BaseModel->findAll()
 8 SYSTEMPATH/CodeIgniter.php(933): App\Controllers\QuestionnairesController->index()
 9 SYSTEMPATH/CodeIgniter.php(509): CodeIgniter\CodeIgniter->runController(Object(App\Controllers\QuestionnairesController))
10 SYSTEMPATH/CodeIgniter.php(355): CodeIgniter\CodeIgniter->handleRequest(null, Object(Config\Cache), false)
11 SYSTEMPATH/Boot.php(325): CodeIgniter\CodeIgniter->run()
12 SYSTEMPATH/Boot.php(67): CodeIgniter\Boot::runCodeIgniter(Object(CodeIgniter\CodeIgniter))
13 FCPATH/index.php(56): CodeIgniter\Boot::bootWeb(Object(Config\Paths))
14 SYSTEMPATH/rewrite.php(44): require_once('/opt/lampp/htdocs/proWebAPI/public/index.php')
CRITICAL - 2024-09-20 22:22:42 --> Error: Call to undefined method App\Controllers\QuestionnairesController::response()
[Method: POST, Route: api/questionnaires]
in APPPATH/Controllers/QuestionnairesController.php on line 48.
 1 SYSTEMPATH/CodeIgniter.php(933): App\Controllers\QuestionnairesController->create()
 2 SYSTEMPATH/CodeIgniter.php(509): CodeIgniter\CodeIgniter->runController(Object(App\Controllers\QuestionnairesController))
 3 SYSTEMPATH/CodeIgniter.php(355): CodeIgniter\CodeIgniter->handleRequest(null, Object(Config\Cache), false)
 4 SYSTEMPATH/Boot.php(325): CodeIgniter\CodeIgniter->run()
 5 SYSTEMPATH/Boot.php(67): CodeIgniter\Boot::runCodeIgniter(Object(CodeIgniter\CodeIgniter))
 6 FCPATH/index.php(56): CodeIgniter\Boot::bootWeb(Object(Config\Paths))
 7 SYSTEMPATH/rewrite.php(44): require_once('/opt/lampp/htdocs/proWebAPI/public/index.php')
ERROR - 2024-09-20 22:26:26 --> mysqli_sql_exception: Duplicate entry 'qo1o1o1' for key 'PRIMARY' in /opt/lampp/htdocs/proWebAPI/vendor/codeigniter4/framework/system/Database/MySQLi/Connection.php:312
Stack trace:
#0 /opt/lampp/htdocs/proWebAPI/vendor/codeigniter4/framework/system/Database/MySQLi/Connection.php(312): mysqli->query('INSERT INTO `qu...', 0)
#1 /opt/lampp/htdocs/proWebAPI/vendor/codeigniter4/framework/system/Database/BaseConnection.php(734): CodeIgniter\Database\MySQLi\Connection->execute('INSERT INTO `qu...')
#2 /opt/lampp/htdocs/proWebAPI/vendor/codeigniter4/framework/system/Database/BaseConnection.php(648): CodeIgniter\Database\BaseConnection->simpleQuery('INSERT INTO `qu...')
#3 /opt/lampp/htdocs/proWebAPI/vendor/codeigniter4/framework/system/Database/BaseBuilder.php(2340): CodeIgniter\Database\BaseConnection->query('INSERT INTO `qu...', Array, false)
#4 /opt/lampp/htdocs/proWebAPI/vendor/codeigniter4/framework/system/Model.php(394): CodeIgniter\Database\BaseBuilder->insert()
#5 /opt/lampp/htdocs/proWebAPI/vendor/codeigniter4/framework/system/BaseModel.php(840): CodeIgniter\Model->doInsert(Array)
#6 /opt/lampp/htdocs/proWebAPI/vendor/codeigniter4/framework/system/Model.php(802): CodeIgniter\BaseModel->insert(Array, true)
#7 /opt/lampp/htdocs/proWebAPI/app/Controllers/QuestionnairesController.php(52): CodeIgniter\Model->insert(Array)
#8 /opt/lampp/htdocs/proWebAPI/vendor/codeigniter4/framework/system/CodeIgniter.php(933): App\Controllers\QuestionnairesController->create()
#9 /opt/lampp/htdocs/proWebAPI/vendor/codeigniter4/framework/system/CodeIgniter.php(509): CodeIgniter\CodeIgniter->runController(Object(App\Controllers\QuestionnairesController))
#10 /opt/lampp/htdocs/proWebAPI/vendor/codeigniter4/framework/system/CodeIgniter.php(355): CodeIgniter\CodeIgniter->handleRequest(NULL, Object(Config\Cache), false)
#11 /opt/lampp/htdocs/proWebAPI/vendor/codeigniter4/framework/system/Boot.php(325): CodeIgniter\CodeIgniter->run()
#12 /opt/lampp/htdocs/proWebAPI/vendor/codeigniter4/framework/system/Boot.php(67): CodeIgniter\Boot::runCodeIgniter(Object(CodeIgniter\CodeIgniter))
#13 /opt/lampp/htdocs/proWebAPI/public/index.php(56): CodeIgniter\Boot::bootWeb(Object(Config\Paths))
#14 /opt/lampp/htdocs/proWebAPI/vendor/codeigniter4/framework/system/rewrite.php(44): require_once('/opt/lampp/htdo...')
#15 {main}
CRITICAL - 2024-09-20 22:26:26 --> CodeIgniter\Database\Exceptions\DatabaseException: Duplicate entry 'qo1o1o1' for key 'PRIMARY'
[Method: POST, Route: api/questionnaires]
in SYSTEMPATH/Database/BaseConnection.php on line 688.
 1 SYSTEMPATH/Database/BaseBuilder.php(2340): CodeIgniter\Database\BaseConnection->query('INSERT INTO `questionnaires` (`title`, `created_at`, `updated_at`, `id`) VALUES (:title:, :created_at:, :updated_at:, :id:)', [...], false)
 2 SYSTEMPATH/Model.php(394): CodeIgniter\Database\BaseBuilder->insert()
 3 SYSTEMPATH/BaseModel.php(840): CodeIgniter\Model->doInsert([...])
 4 SYSTEMPATH/Model.php(802): CodeIgniter\BaseModel->insert([...], true)
 5 APPPATH/Controllers/QuestionnairesController.php(52): CodeIgniter\Model->insert([...])
 6 SYSTEMPATH/CodeIgniter.php(933): App\Controllers\QuestionnairesController->create()
 7 SYSTEMPATH/CodeIgniter.php(509): CodeIgniter\CodeIgniter->runController(Object(App\Controllers\QuestionnairesController))
 8 SYSTEMPATH/CodeIgniter.php(355): CodeIgniter\CodeIgniter->handleRequest(null, Object(Config\Cache), false)
 9 SYSTEMPATH/Boot.php(325): CodeIgniter\CodeIgniter->run()
10 SYSTEMPATH/Boot.php(67): CodeIgniter\Boot::runCodeIgniter(Object(CodeIgniter\CodeIgniter))
11 FCPATH/index.php(56): CodeIgniter\Boot::bootWeb(Object(Config\Paths))
12 SYSTEMPATH/rewrite.php(44): require_once('/opt/lampp/htdocs/proWebAPI/public/index.php')
CRITICAL - 2024-09-20 22:26:26 --> [Caused by] CodeIgniter\Database\Exceptions\DatabaseException: Duplicate entry 'qo1o1o1' for key 'PRIMARY'
in SYSTEMPATH/Database/MySQLi/Connection.php on line 317.
 1 SYSTEMPATH/Database/BaseConnection.php(734): CodeIgniter\Database\MySQLi\Connection->execute('INSERT INTO `questionnaires` (`title`, `created_at`, `updated_at`, `id`) VALUES (\'Test2\', \'2024-09-20 22:26:26\', \'2024-09-20 22:26:26\', \'qo1o1o1\')')
 2 SYSTEMPATH/Database/BaseConnection.php(648): CodeIgniter\Database\BaseConnection->simpleQuery('INSERT INTO `questionnaires` (`title`, `created_at`, `updated_at`, `id`) VALUES (\'Test2\', \'2024-09-20 22:26:26\', \'2024-09-20 22:26:26\', \'qo1o1o1\')')
 3 SYSTEMPATH/Database/BaseBuilder.php(2340): CodeIgniter\Database\BaseConnection->query('INSERT INTO `questionnaires` (`title`, `created_at`, `updated_at`, `id`) VALUES (:title:, :created_at:, :updated_at:, :id:)', [...], false)
 4 SYSTEMPATH/Model.php(394): CodeIgniter\Database\BaseBuilder->insert()
 5 SYSTEMPATH/BaseModel.php(840): CodeIgniter\Model->doInsert([...])
 6 SYSTEMPATH/Model.php(802): CodeIgniter\BaseModel->insert([...], true)
 7 APPPATH/Controllers/QuestionnairesController.php(52): CodeIgniter\Model->insert([...])
 8 SYSTEMPATH/CodeIgniter.php(933): App\Controllers\QuestionnairesController->create()
 9 SYSTEMPATH/CodeIgniter.php(509): CodeIgniter\CodeIgniter->runController(Object(App\Controllers\QuestionnairesController))
10 SYSTEMPATH/CodeIgniter.php(355): CodeIgniter\CodeIgniter->handleRequest(null, Object(Config\Cache), false)
11 SYSTEMPATH/Boot.php(325): CodeIgniter\CodeIgniter->run()
12 SYSTEMPATH/Boot.php(67): CodeIgniter\Boot::runCodeIgniter(Object(CodeIgniter\CodeIgniter))
13 FCPATH/index.php(56): CodeIgniter\Boot::bootWeb(Object(Config\Paths))
14 SYSTEMPATH/rewrite.php(44): require_once('/opt/lampp/htdocs/proWebAPI/public/index.php')
CRITICAL - 2024-09-20 22:26:26 --> [Caused by] mysqli_sql_exception: Duplicate entry 'qo1o1o1' for key 'PRIMARY'
in SYSTEMPATH/Database/MySQLi/Connection.php on line 312.
 1 SYSTEMPATH/Database/MySQLi/Connection.php(312): mysqli->query('INSERT INTO `questionnaires` (`title`, `created_at`, `updated_at`, `id`) VALUES (\'Test2\', \'2024-09-20 22:26:26\', \'2024-09-20 22:26:26\', \'qo1o1o1\')', 0)
 2 SYSTEMPATH/Database/BaseConnection.php(734): CodeIgniter\Database\MySQLi\Connection->execute('INSERT INTO `questionnaires` (`title`, `created_at`, `updated_at`, `id`) VALUES (\'Test2\', \'2024-09-20 22:26:26\', \'2024-09-20 22:26:26\', \'qo1o1o1\')')
 3 SYSTEMPATH/Database/BaseConnection.php(648): CodeIgniter\Database\BaseConnection->simpleQuery('INSERT INTO `questionnaires` (`title`, `created_at`, `updated_at`, `id`) VALUES (\'Test2\', \'2024-09-20 22:26:26\', \'2024-09-20 22:26:26\', \'qo1o1o1\')')
 4 SYSTEMPATH/Database/BaseBuilder.php(2340): CodeIgniter\Database\BaseConnection->query('INSERT INTO `questionnaires` (`title`, `created_at`, `updated_at`, `id`) VALUES (:title:, :created_at:, :updated_at:, :id:)', [...], false)
 5 SYSTEMPATH/Model.php(394): CodeIgniter\Database\BaseBuilder->insert()
 6 SYSTEMPATH/BaseModel.php(840): CodeIgniter\Model->doInsert([...])
 7 SYSTEMPATH/Model.php(802): CodeIgniter\BaseModel->insert([...], true)
 8 APPPATH/Controllers/QuestionnairesController.php(52): CodeIgniter\Model->insert([...])
 9 SYSTEMPATH/CodeIgniter.php(933): App\Controllers\QuestionnairesController->create()
10 SYSTEMPATH/CodeIgniter.php(509): CodeIgniter\CodeIgniter->runController(Object(App\Controllers\QuestionnairesController))
11 SYSTEMPATH/CodeIgniter.php(355): CodeIgniter\CodeIgniter->handleRequest(null, Object(Config\Cache), false)
12 SYSTEMPATH/Boot.php(325): CodeIgniter\CodeIgniter->run()
13 SYSTEMPATH/Boot.php(67): CodeIgniter\Boot::runCodeIgniter(Object(CodeIgniter\CodeIgniter))
14 FCPATH/index.php(56): CodeIgniter\Boot::bootWeb(Object(Config\Paths))
15 SYSTEMPATH/rewrite.php(44): require_once('/opt/lampp/htdocs/proWebAPI/public/index.php')
DEBUG - 2024-09-20 22:32:04 --> Insert operation result: 0
DEBUG - 2024-09-20 22:32:50 --> Insert operation result: 0
CRITICAL - 2024-09-20 23:15:37 --> ErrorException: Undefined variable $title
[Method: GET, Route: api/questionnaire-documents]
in APPPATH/Controllers/QuestionnaireDocumentsController.php on line 27.
 1 APPPATH/Controllers/QuestionnaireDocumentsController.php(27): CodeIgniter\Debug\Exceptions->errorHandler(2, 'Undefined variable $title', '/opt/lampp/htdocs/proWebAPI/app/Controllers/QuestionnaireDocumentsController.php', 27)
 2 SYSTEMPATH/CodeIgniter.php(933): App\Controllers\QuestionnaireDocumentsController->index()
 3 SYSTEMPATH/CodeIgniter.php(509): CodeIgniter\CodeIgniter->runController(Object(App\Controllers\QuestionnaireDocumentsController))
 4 SYSTEMPATH/CodeIgniter.php(355): CodeIgniter\CodeIgniter->handleRequest(null, Object(Config\Cache), false)
 5 SYSTEMPATH/Boot.php(325): CodeIgniter\CodeIgniter->run()
 6 SYSTEMPATH/Boot.php(67): CodeIgniter\Boot::runCodeIgniter(Object(CodeIgniter\CodeIgniter))
 7 FCPATH/index.php(56): CodeIgniter\Boot::bootWeb(Object(Config\Paths))
 8 SYSTEMPATH/rewrite.php(44): require_once('/opt/lampp/htdocs/proWebAPI/public/index.php')
CRITICAL - 2024-09-20 23:16:32 --> Error: Call to a member function selectCount() on null
[Method: GET, Route: api/questionnaire-documents]
in APPPATH/Controllers/QuestionnaireDocumentsController.php on line 33.
 1 SYSTEMPATH/CodeIgniter.php(933): App\Controllers\QuestionnaireDocumentsController->index()
 2 SYSTEMPATH/CodeIgniter.php(509): CodeIgniter\CodeIgniter->runController(Object(App\Controllers\QuestionnaireDocumentsController))
 3 SYSTEMPATH/CodeIgniter.php(355): CodeIgniter\CodeIgniter->handleRequest(null, Object(Config\Cache), false)
 4 SYSTEMPATH/Boot.php(325): CodeIgniter\CodeIgniter->run()
 5 SYSTEMPATH/Boot.php(67): CodeIgniter\Boot::runCodeIgniter(Object(CodeIgniter\CodeIgniter))
 6 FCPATH/index.php(56): CodeIgniter\Boot::bootWeb(Object(Config\Paths))
 7 SYSTEMPATH/rewrite.php(44): require_once('/opt/lampp/htdocs/proWebAPI/public/index.php')
ERROR - 2024-09-20 23:20:11 --> mysqli_sql_exception: Cannot add or update a child row: a foreign key constraint fails (`eprocurement_db`.`questionnaire_documents`, CONSTRAINT `questionnaire_documents_questionnaire_id_foreign` FOREIGN KEY (`questionnaire_id`) REFERENCES `questionnaires` (`id`) ON DELETE CASCADE) in /opt/lampp/htdocs/proWebAPI/vendor/codeigniter4/framework/system/Database/MySQLi/Connection.php:312
Stack trace:
#0 /opt/lampp/htdocs/proWebAPI/vendor/codeigniter4/framework/system/Database/MySQLi/Connection.php(312): mysqli->query('INSERT INTO `qu...', 0)
#1 /opt/lampp/htdocs/proWebAPI/vendor/codeigniter4/framework/system/Database/BaseConnection.php(734): CodeIgniter\Database\MySQLi\Connection->execute('INSERT INTO `qu...')
#2 /opt/lampp/htdocs/proWebAPI/vendor/codeigniter4/framework/system/Database/BaseConnection.php(648): CodeIgniter\Database\BaseConnection->simpleQuery('INSERT INTO `qu...')
#3 /opt/lampp/htdocs/proWebAPI/vendor/codeigniter4/framework/system/Database/BaseBuilder.php(2340): CodeIgniter\Database\BaseConnection->query('INSERT INTO `qu...', Array, false)
#4 /opt/lampp/htdocs/proWebAPI/vendor/codeigniter4/framework/system/Model.php(394): CodeIgniter\Database\BaseBuilder->insert()
#5 /opt/lampp/htdocs/proWebAPI/vendor/codeigniter4/framework/system/BaseModel.php(840): CodeIgniter\Model->doInsert(Array)
#6 /opt/lampp/htdocs/proWebAPI/vendor/codeigniter4/framework/system/Model.php(802): CodeIgniter\BaseModel->insert(Array, false)
#7 /opt/lampp/htdocs/proWebAPI/vendor/codeigniter4/framework/system/BaseModel.php(751): CodeIgniter\Model->insert(Array, false)
#8 /opt/lampp/htdocs/proWebAPI/app/Controllers/QuestionnaireDocumentsController.php(76): CodeIgniter\BaseModel->save(Array)
#9 /opt/lampp/htdocs/proWebAPI/vendor/codeigniter4/framework/system/CodeIgniter.php(933): App\Controllers\QuestionnaireDocumentsController->create()
#10 /opt/lampp/htdocs/proWebAPI/vendor/codeigniter4/framework/system/CodeIgniter.php(509): CodeIgniter\CodeIgniter->runController(Object(App\Controllers\QuestionnaireDocumentsController))
#11 /opt/lampp/htdocs/proWebAPI/vendor/codeigniter4/framework/system/CodeIgniter.php(355): CodeIgniter\CodeIgniter->handleRequest(NULL, Object(Config\Cache), false)
#12 /opt/lampp/htdocs/proWebAPI/vendor/codeigniter4/framework/system/Boot.php(325): CodeIgniter\CodeIgniter->run()
#13 /opt/lampp/htdocs/proWebAPI/vendor/codeigniter4/framework/system/Boot.php(67): CodeIgniter\Boot::runCodeIgniter(Object(CodeIgniter\CodeIgniter))
#14 /opt/lampp/htdocs/proWebAPI/public/index.php(56): CodeIgniter\Boot::bootWeb(Object(Config\Paths))
#15 /opt/lampp/htdocs/proWebAPI/vendor/codeigniter4/framework/system/rewrite.php(44): require_once('/opt/lampp/htdo...')
#16 {main}
CRITICAL - 2024-09-20 23:20:11 --> CodeIgniter\Database\Exceptions\DatabaseException: Cannot add or update a child row: a foreign key constraint fails (`eprocurement_db`.`questionnaire_documents`, CONSTRAINT `questionnaire_documents_questionnaire_id_foreign` FOREIGN KEY (`questionnaire_id`) REFERENCES `questionnaires` (`id`) ON DELETE CASCADE)
[Method: POST, Route: api/questionnaire-documents]
in SYSTEMPATH/Database/BaseConnection.php on line 688.
 1 SYSTEMPATH/Database/BaseBuilder.php(2340): CodeIgniter\Database\BaseConnection->query('INSERT INTO `questionnaire_documents` (`questionnaire_id`, `file_name`, `created_at`, `updated_at`, `id`) VALUES (:questionnaire_id:, :file_name:, :created_at:, :updated_at:, :id:)', [...], false)
 2 SYSTEMPATH/Model.php(394): CodeIgniter\Database\BaseBuilder->insert()
 3 SYSTEMPATH/BaseModel.php(840): CodeIgniter\Model->doInsert([...])
 4 SYSTEMPATH/Model.php(802): CodeIgniter\BaseModel->insert([...], false)
 5 SYSTEMPATH/BaseModel.php(751): CodeIgniter\Model->insert([...], false)
 6 APPPATH/Controllers/QuestionnaireDocumentsController.php(76): CodeIgniter\BaseModel->save([...])
 7 SYSTEMPATH/CodeIgniter.php(933): App\Controllers\QuestionnaireDocumentsController->create()
 8 SYSTEMPATH/CodeIgniter.php(509): CodeIgniter\CodeIgniter->runController(Object(App\Controllers\QuestionnaireDocumentsController))
 9 SYSTEMPATH/CodeIgniter.php(355): CodeIgniter\CodeIgniter->handleRequest(null, Object(Config\Cache), false)
10 SYSTEMPATH/Boot.php(325): CodeIgniter\CodeIgniter->run()
11 SYSTEMPATH/Boot.php(67): CodeIgniter\Boot::runCodeIgniter(Object(CodeIgniter\CodeIgniter))
12 FCPATH/index.php(56): CodeIgniter\Boot::bootWeb(Object(Config\Paths))
13 SYSTEMPATH/rewrite.php(44): require_once('/opt/lampp/htdocs/proWebAPI/public/index.php')
CRITICAL - 2024-09-20 23:20:11 --> [Caused by] CodeIgniter\Database\Exceptions\DatabaseException: Cannot add or update a child row: a foreign key constraint fails (`eprocurement_db`.`questionnaire_documents`, CONSTRAINT `questionnaire_documents_questionnaire_id_foreign` FOREIGN KEY (`questionnaire_id`) REFERENCES `questionnaires` (`id`) ON DELETE CASCADE)
in SYSTEMPATH/Database/MySQLi/Connection.php on line 317.
 1 SYSTEMPATH/Database/BaseConnection.php(734): CodeIgniter\Database\MySQLi\Connection->execute('INSERT INTO `questionnaire_documents` (`questionnaire_id`, `file_name`, `created_at`, `updated_at`, `id`) VALUES (\'12\', \'12\', \'2024-09-20 23:20:11\', \'2024-09-20 23:20:11\', \'c8bdcd1e-3d6c-4e67-a037-7763836ed506\')')
 2 SYSTEMPATH/Database/BaseConnection.php(648): CodeIgniter\Database\BaseConnection->simpleQuery('INSERT INTO `questionnaire_documents` (`questionnaire_id`, `file_name`, `created_at`, `updated_at`, `id`) VALUES (\'12\', \'12\', \'2024-09-20 23:20:11\', \'2024-09-20 23:20:11\', \'c8bdcd1e-3d6c-4e67-a037-7763836ed506\')')
 3 SYSTEMPATH/Database/BaseBuilder.php(2340): CodeIgniter\Database\BaseConnection->query('INSERT INTO `questionnaire_documents` (`questionnaire_id`, `file_name`, `created_at`, `updated_at`, `id`) VALUES (:questionnaire_id:, :file_name:, :created_at:, :updated_at:, :id:)', [...], false)
 4 SYSTEMPATH/Model.php(394): CodeIgniter\Database\BaseBuilder->insert()
 5 SYSTEMPATH/BaseModel.php(840): CodeIgniter\Model->doInsert([...])
 6 SYSTEMPATH/Model.php(802): CodeIgniter\BaseModel->insert([...], false)
 7 SYSTEMPATH/BaseModel.php(751): CodeIgniter\Model->insert([...], false)
 8 APPPATH/Controllers/QuestionnaireDocumentsController.php(76): CodeIgniter\BaseModel->save([...])
 9 SYSTEMPATH/CodeIgniter.php(933): App\Controllers\QuestionnaireDocumentsController->create()
10 SYSTEMPATH/CodeIgniter.php(509): CodeIgniter\CodeIgniter->runController(Object(App\Controllers\QuestionnaireDocumentsController))
11 SYSTEMPATH/CodeIgniter.php(355): CodeIgniter\CodeIgniter->handleRequest(null, Object(Config\Cache), false)
12 SYSTEMPATH/Boot.php(325): CodeIgniter\CodeIgniter->run()
13 SYSTEMPATH/Boot.php(67): CodeIgniter\Boot::runCodeIgniter(Object(CodeIgniter\CodeIgniter))
14 FCPATH/index.php(56): CodeIgniter\Boot::bootWeb(Object(Config\Paths))
15 SYSTEMPATH/rewrite.php(44): require_once('/opt/lampp/htdocs/proWebAPI/public/index.php')
CRITICAL - 2024-09-20 23:20:11 --> [Caused by] mysqli_sql_exception: Cannot add or update a child row: a foreign key constraint fails (`eprocurement_db`.`questionnaire_documents`, CONSTRAINT `questionnaire_documents_questionnaire_id_foreign` FOREIGN KEY (`questionnaire_id`) REFERENCES `questionnaires` (`id`) ON DELETE CASCADE)
in SYSTEMPATH/Database/MySQLi/Connection.php on line 312.
 1 SYSTEMPATH/Database/MySQLi/Connection.php(312): mysqli->query('INSERT INTO `questionnaire_documents` (`questionnaire_id`, `file_name`, `created_at`, `updated_at`, `id`) VALUES (\'12\', \'12\', \'2024-09-20 23:20:11\', \'2024-09-20 23:20:11\', \'c8bdcd1e-3d6c-4e67-a037-7763836ed506\')', 0)
 2 SYSTEMPATH/Database/BaseConnection.php(734): CodeIgniter\Database\MySQLi\Connection->execute('INSERT INTO `questionnaire_documents` (`questionnaire_id`, `file_name`, `created_at`, `updated_at`, `id`) VALUES (\'12\', \'12\', \'2024-09-20 23:20:11\', \'2024-09-20 23:20:11\', \'c8bdcd1e-3d6c-4e67-a037-7763836ed506\')')
 3 SYSTEMPATH/Database/BaseConnection.php(648): CodeIgniter\Database\BaseConnection->simpleQuery('INSERT INTO `questionnaire_documents` (`questionnaire_id`, `file_name`, `created_at`, `updated_at`, `id`) VALUES (\'12\', \'12\', \'2024-09-20 23:20:11\', \'2024-09-20 23:20:11\', \'c8bdcd1e-3d6c-4e67-a037-7763836ed506\')')
 4 SYSTEMPATH/Database/BaseBuilder.php(2340): CodeIgniter\Database\BaseConnection->query('INSERT INTO `questionnaire_documents` (`questionnaire_id`, `file_name`, `created_at`, `updated_at`, `id`) VALUES (:questionnaire_id:, :file_name:, :created_at:, :updated_at:, :id:)', [...], false)
 5 SYSTEMPATH/Model.php(394): CodeIgniter\Database\BaseBuilder->insert()
 6 SYSTEMPATH/BaseModel.php(840): CodeIgniter\Model->doInsert([...])
 7 SYSTEMPATH/Model.php(802): CodeIgniter\BaseModel->insert([...], false)
 8 SYSTEMPATH/BaseModel.php(751): CodeIgniter\Model->insert([...], false)
 9 APPPATH/Controllers/QuestionnaireDocumentsController.php(76): CodeIgniter\BaseModel->save([...])
10 SYSTEMPATH/CodeIgniter.php(933): App\Controllers\QuestionnaireDocumentsController->create()
11 SYSTEMPATH/CodeIgniter.php(509): CodeIgniter\CodeIgniter->runController(Object(App\Controllers\QuestionnaireDocumentsController))
12 SYSTEMPATH/CodeIgniter.php(355): CodeIgniter\CodeIgniter->handleRequest(null, Object(Config\Cache), false)
13 SYSTEMPATH/Boot.php(325): CodeIgniter\CodeIgniter->run()
14 SYSTEMPATH/Boot.php(67): CodeIgniter\Boot::runCodeIgniter(Object(CodeIgniter\CodeIgniter))
15 FCPATH/index.php(56): CodeIgniter\Boot::bootWeb(Object(Config\Paths))
16 SYSTEMPATH/rewrite.php(44): require_once('/opt/lampp/htdocs/proWebAPI/public/index.php')
CRITICAL - 2024-09-20 23:34:35 --> CodeIgniter\HTTP\Exceptions\HTTPException: Failed to parse JSON string. Error: Syntax error
[Method: POST, Route: api/questionnaire-documents]
in SYSTEMPATH/HTTP/IncomingRequest.php on line 537.
 1 SYSTEMPATH/HTTP/IncomingRequest.php(537): CodeIgniter\HTTP\Exceptions\HTTPException::forInvalidJSON('Syntax error')
 2 APPPATH/Controllers/QuestionnaireDocumentsController.php(69): CodeIgniter\HTTP\IncomingRequest->getJSON(true)
 3 SYSTEMPATH/CodeIgniter.php(933): App\Controllers\QuestionnaireDocumentsController->create()
 4 SYSTEMPATH/CodeIgniter.php(509): CodeIgniter\CodeIgniter->runController(Object(App\Controllers\QuestionnaireDocumentsController))
 5 SYSTEMPATH/CodeIgniter.php(355): CodeIgniter\CodeIgniter->handleRequest(null, Object(Config\Cache), false)
 6 SYSTEMPATH/Boot.php(325): CodeIgniter\CodeIgniter->run()
 7 SYSTEMPATH/Boot.php(67): CodeIgniter\Boot::runCodeIgniter(Object(CodeIgniter\CodeIgniter))
 8 FCPATH/index.php(56): CodeIgniter\Boot::bootWeb(Object(Config\Paths))
 9 SYSTEMPATH/rewrite.php(44): require_once('/opt/lampp/htdocs/proWebAPI/public/index.php')
CRITICAL - 2024-09-20 23:35:38 --> CodeIgniter\HTTP\Exceptions\HTTPException: Failed to parse JSON string. Error: Syntax error
[Method: POST, Route: api/questionnaire-documents]
in SYSTEMPATH/HTTP/IncomingRequest.php on line 537.
 1 SYSTEMPATH/HTTP/IncomingRequest.php(537): CodeIgniter\HTTP\Exceptions\HTTPException::forInvalidJSON('Syntax error')
 2 APPPATH/Controllers/QuestionnaireDocumentsController.php(69): CodeIgniter\HTTP\IncomingRequest->getJSON(true)
 3 SYSTEMPATH/CodeIgniter.php(933): App\Controllers\QuestionnaireDocumentsController->create()
 4 SYSTEMPATH/CodeIgniter.php(509): CodeIgniter\CodeIgniter->runController(Object(App\Controllers\QuestionnaireDocumentsController))
 5 SYSTEMPATH/CodeIgniter.php(355): CodeIgniter\CodeIgniter->handleRequest(null, Object(Config\Cache), false)
 6 SYSTEMPATH/Boot.php(325): CodeIgniter\CodeIgniter->run()
 7 SYSTEMPATH/Boot.php(67): CodeIgniter\Boot::runCodeIgniter(Object(CodeIgniter\CodeIgniter))
 8 FCPATH/index.php(56): CodeIgniter\Boot::bootWeb(Object(Config\Paths))
 9 SYSTEMPATH/rewrite.php(44): require_once('/opt/lampp/htdocs/proWebAPI/public/index.php')
CRITICAL - 2024-09-20 23:56:14 --> CodeIgniter\Database\Exceptions\DataException: There is no data to update.
[Method: PUT, Route: api/questionnaire-documents/e7234e3a-f7c0-4ccb-b515-5d85cbb1c70d]
in SYSTEMPATH/BaseModel.php on line 1833.
 1 SYSTEMPATH/BaseModel.php(1833): CodeIgniter\Database\Exceptions\DataException::forEmptyDataset('update')
 2 SYSTEMPATH/BaseModel.php(997): CodeIgniter\BaseModel->transformDataToArray(null, 'update')
 3 SYSTEMPATH/Model.php(865): CodeIgniter\BaseModel->update([...], null)
 4 APPPATH/Controllers/QuestionnaireDocumentsController.php(121): CodeIgniter\Model->update('e7234e3a-f7c0-4ccb-b515-5d85cbb1c70d', null)
 5 SYSTEMPATH/CodeIgniter.php(933): App\Controllers\QuestionnaireDocumentsController->update('e7234e3a-f7c0-4ccb-b515-5d85cbb1c70d')
 6 SYSTEMPATH/CodeIgniter.php(509): CodeIgniter\CodeIgniter->runController(Object(App\Controllers\QuestionnaireDocumentsController))
 7 SYSTEMPATH/CodeIgniter.php(355): CodeIgniter\CodeIgniter->handleRequest(null, Object(Config\Cache), false)
 8 SYSTEMPATH/Boot.php(325): CodeIgniter\CodeIgniter->run()
 9 SYSTEMPATH/Boot.php(67): CodeIgniter\Boot::runCodeIgniter(Object(CodeIgniter\CodeIgniter))
10 FCPATH/index.php(56): CodeIgniter\Boot::bootWeb(Object(Config\Paths))
11 SYSTEMPATH/rewrite.php(44): require_once('/opt/lampp/htdocs/proWebAPI/public/index.php')
CRITICAL - 2024-09-20 23:58:36 --> CodeIgniter\Database\Exceptions\DataException: There is no data to update.
[Method: PUT, Route: api/questionnaires/a5fbe2f1-fa17-46eb-9727-1a73513a9f2e]
in SYSTEMPATH/BaseModel.php on line 1833.
 1 SYSTEMPATH/BaseModel.php(1833): CodeIgniter\Database\Exceptions\DataException::forEmptyDataset('update')
 2 SYSTEMPATH/BaseModel.php(997): CodeIgniter\BaseModel->transformDataToArray(null, 'update')
 3 SYSTEMPATH/Model.php(865): CodeIgniter\BaseModel->update([...], null)
 4 APPPATH/Controllers/QuestionnairesController.php(101): CodeIgniter\Model->update('a5fbe2f1-fa17-46eb-9727-1a73513a9f2e', null)
 5 SYSTEMPATH/CodeIgniter.php(933): App\Controllers\QuestionnairesController->update('a5fbe2f1-fa17-46eb-9727-1a73513a9f2e')
 6 SYSTEMPATH/CodeIgniter.php(509): CodeIgniter\CodeIgniter->runController(Object(App\Controllers\QuestionnairesController))
 7 SYSTEMPATH/CodeIgniter.php(355): CodeIgniter\CodeIgniter->handleRequest(null, Object(Config\Cache), false)
 8 SYSTEMPATH/Boot.php(325): CodeIgniter\CodeIgniter->run()
 9 SYSTEMPATH/Boot.php(67): CodeIgniter\Boot::runCodeIgniter(Object(CodeIgniter\CodeIgniter))
10 FCPATH/index.php(56): CodeIgniter\Boot::bootWeb(Object(Config\Paths))
11 SYSTEMPATH/rewrite.php(44): require_once('/opt/lampp/htdocs/proWebAPI/public/index.php')
