INFO - 2024-12-09 02:24:23 --> Session: Class initialized using 'CodeIgniter\Session\Handlers\FileHandler' driver.
INFO - 2024-12-09 02:28:07 --> Session: Class initialized using 'CodeIgniter\Session\Handlers\FileHandler' driver.
INFO - 2024-12-09 02:29:45 --> Session: Class initialized using 'CodeIgniter\Session\Handlers\FileHandler' driver.
INFO - 2024-12-09 02:33:28 --> Session: Class initialized using 'CodeIgniter\Session\Handlers\FileHandler' driver.
ERROR - 2024-12-09 02:53:34 --> mysqli_sql_exception: Can't create table `eprocurement_db`.`questionnaire_submissions` (errno: 150 "Foreign key constraint is incorrectly formed") in /opt/lampp/htdocs/proWebAPI/vendor/codeigniter4/framework/system/Database/MySQLi/Connection.php:312
Stack trace:
#0 /opt/lampp/htdocs/proWebAPI/vendor/codeigniter4/framework/system/Database/MySQLi/Connection.php(312): mysqli->query('CREATE TABLE `q...', 0)
#1 /opt/lampp/htdocs/proWebAPI/vendor/codeigniter4/framework/system/Database/BaseConnection.php(734): CodeIgniter\Database\MySQLi\Connection->execute('CREATE TABLE `q...')
#2 /opt/lampp/htdocs/proWebAPI/vendor/codeigniter4/framework/system/Database/BaseConnection.php(648): CodeIgniter\Database\BaseConnection->simpleQuery('CREATE TABLE `q...')
#3 /opt/lampp/htdocs/proWebAPI/vendor/codeigniter4/framework/system/Database/Forge.php(570): CodeIgniter\Database\BaseConnection->query('CREATE TABLE `q...')
#4 /opt/lampp/htdocs/proWebAPI/app/Database/Migrations/2024-12-07-130444_CreateQuestionnaireSubmissionsTable.php(54): CodeIgniter\Database\Forge->createTable('questionnaire_s...')
#5 /opt/lampp/htdocs/proWebAPI/vendor/codeigniter4/framework/system/Database/MigrationRunner.php(867): App\Database\Migrations\CreateQuestionnaireSubmissionsTable->up()
#6 /opt/lampp/htdocs/proWebAPI/vendor/codeigniter4/framework/system/Database/MigrationRunner.php(183): CodeIgniter\Database\MigrationRunner->migrate('up', Object(stdClass))
#7 /opt/lampp/htdocs/proWebAPI/vendor/codeigniter4/framework/system/Commands/Database/Migrate.php(85): CodeIgniter\Database\MigrationRunner->latest(NULL)
#8 /opt/lampp/htdocs/proWebAPI/vendor/codeigniter4/framework/system/CLI/Commands.php(70): CodeIgniter\Commands\Database\Migrate->run(Array)
#9 /opt/lampp/htdocs/proWebAPI/vendor/codeigniter4/framework/system/CLI/Console.php(48): CodeIgniter\CLI\Commands->run('migrate', Array)
#10 /opt/lampp/htdocs/proWebAPI/vendor/codeigniter4/framework/system/Boot.php(351): CodeIgniter\CLI\Console->run()
#11 /opt/lampp/htdocs/proWebAPI/vendor/codeigniter4/framework/system/Boot.php(104): CodeIgniter\Boot::runCommand(Object(CodeIgniter\CLI\Console))
#12 /opt/lampp/htdocs/proWebAPI/spark(84): CodeIgniter\Boot::bootSpark(Object(Config\Paths))
#13 {main}
CRITICAL - 2024-12-09 03:27:05 --> Error: Class "App\Controllers\StatusModel" not found
[Method: GET, Route: api/questionnaires]
in APPPATH/Controllers/QuestionnairesController.php on line 24.
 1 SYSTEMPATH/CodeIgniter.php(903): App\Controllers\QuestionnairesController->__construct()
 2 SYSTEMPATH/CodeIgniter.php(500): CodeIgniter\CodeIgniter->createController()
 3 SYSTEMPATH/CodeIgniter.php(355): CodeIgniter\CodeIgniter->handleRequest(null, Object(Config\Cache), false)
 4 SYSTEMPATH/Boot.php(325): CodeIgniter\CodeIgniter->run()
 5 SYSTEMPATH/Boot.php(67): CodeIgniter\Boot::runCodeIgniter(Object(CodeIgniter\CodeIgniter))
 6 FCPATH/index.php(63): CodeIgniter\Boot::bootWeb(Object(Config\Paths))
 7 SYSTEMPATH/rewrite.php(44): require_once('/opt/lampp/htdocs/proWebAPI/public/index.php')
CRITICAL - 2024-12-09 03:27:16 --> Error: Class "App\Controllers\StatusModel" not found
[Method: GET, Route: api/questionnaires]
in APPPATH/Controllers/QuestionnairesController.php on line 24.
 1 SYSTEMPATH/CodeIgniter.php(903): App\Controllers\QuestionnairesController->__construct()
 2 SYSTEMPATH/CodeIgniter.php(500): CodeIgniter\CodeIgniter->createController()
 3 SYSTEMPATH/CodeIgniter.php(355): CodeIgniter\CodeIgniter->handleRequest(null, Object(Config\Cache), false)
 4 SYSTEMPATH/Boot.php(325): CodeIgniter\CodeIgniter->run()
 5 SYSTEMPATH/Boot.php(67): CodeIgniter\Boot::runCodeIgniter(Object(CodeIgniter\CodeIgniter))
 6 FCPATH/index.php(63): CodeIgniter\Boot::bootWeb(Object(Config\Paths))
 7 SYSTEMPATH/rewrite.php(44): require_once('/opt/lampp/htdocs/proWebAPI/public/index.php')
INFO - 2024-12-09 03:29:14 --> Session: Class initialized using 'CodeIgniter\Session\Handlers\FileHandler' driver.
INFO - 2024-12-09 03:30:24 --> Session: Class initialized using 'CodeIgniter\Session\Handlers\FileHandler' driver.
INFO - 2024-12-09 03:31:54 --> Session: Class initialized using 'CodeIgniter\Session\Handlers\FileHandler' driver.
INFO - 2024-12-09 03:33:44 --> Session: Class initialized using 'CodeIgniter\Session\Handlers\FileHandler' driver.
INFO - 2024-12-09 03:34:37 --> Session: Class initialized using 'CodeIgniter\Session\Handlers\FileHandler' driver.
INFO - 2024-12-09 03:35:06 --> Session: Class initialized using 'CodeIgniter\Session\Handlers\FileHandler' driver.
INFO - 2024-12-09 03:36:16 --> Session: Class initialized using 'CodeIgniter\Session\Handlers\FileHandler' driver.
INFO - 2024-12-09 03:38:09 --> Session: Class initialized using 'CodeIgniter\Session\Handlers\FileHandler' driver.
INFO - 2024-12-09 03:39:55 --> Session: Class initialized using 'CodeIgniter\Session\Handlers\FileHandler' driver.
INFO - 2024-12-09 03:41:42 --> Session: Class initialized using 'CodeIgniter\Session\Handlers\FileHandler' driver.
INFO - 2024-12-09 03:42:18 --> Session: Class initialized using 'CodeIgniter\Session\Handlers\FileHandler' driver.
INFO - 2024-12-09 03:42:41 --> Session: Class initialized using 'CodeIgniter\Session\Handlers\FileHandler' driver.
INFO - 2024-12-09 03:46:41 --> Session: Class initialized using 'CodeIgniter\Session\Handlers\FileHandler' driver.
CRITICAL - 2024-12-09 03:47:28 --> TypeError: CodeIgniter\Router\RouteCollection::processArrayCallableSyntax(): Return value must be of type string, array returned
[Method: POST, Route: api/questionnaires/submit]
in SYSTEMPATH/Router/RouteCollection.php on line 1598.
 1 SYSTEMPATH/Router/RouteCollection.php(1456): CodeIgniter\Router\RouteCollection->processArrayCallableSyntax('api/questionnaires/submit', [...])
 2 SYSTEMPATH/Router/RouteCollection.php(1065): CodeIgniter\Router\RouteCollection->create('POST', 'api/questionnaires/submit', [...], null)
 3 APPPATH/Config/Routes.php(146): CodeIgniter\Router\RouteCollection->post('questionnaires/submit', [...])
 4 SYSTEMPATH/Router/RouteCollection.php(800): CodeIgniter\Router\RouteCollection->{closure}(Object(CodeIgniter\Router\RouteCollection))
 5 APPPATH/Config/Routes.php(11): CodeIgniter\Router\RouteCollection->group('api', [...], Object(Closure))
 6 SYSTEMPATH/Router/RouteCollection.php(340): require('/opt/lampp/htdocs/proWebAPI/app/Config/Routes.php')
 7 SYSTEMPATH/CodeIgniter.php(823): CodeIgniter\Router\RouteCollection->loadRoutes()
 8 SYSTEMPATH/CodeIgniter.php(457): CodeIgniter\CodeIgniter->tryToRouteIt(null)
 9 SYSTEMPATH/CodeIgniter.php(355): CodeIgniter\CodeIgniter->handleRequest(null, Object(Config\Cache), false)
10 SYSTEMPATH/Boot.php(325): CodeIgniter\CodeIgniter->run()
11 SYSTEMPATH/Boot.php(67): CodeIgniter\Boot::runCodeIgniter(Object(CodeIgniter\CodeIgniter))
12 FCPATH/index.php(63): CodeIgniter\Boot::bootWeb(Object(Config\Paths))
13 SYSTEMPATH/rewrite.php(44): require_once('/opt/lampp/htdocs/proWebAPI/public/index.php')
CRITICAL - 2024-12-09 03:47:28 --> TypeError: CodeIgniter\Router\RouteCollection::processArrayCallableSyntax(): Return value must be of type string, array returned
[Method: GET, Route: api/companies/b35727df-05f4-44ab-82b5-7caa0de05857]
in SYSTEMPATH/Router/RouteCollection.php on line 1598.
 1 SYSTEMPATH/Router/RouteCollection.php(1456): CodeIgniter\Router\RouteCollection->processArrayCallableSyntax('api/questionnaires/submit', [...])
 2 SYSTEMPATH/Router/RouteCollection.php(1065): CodeIgniter\Router\RouteCollection->create('POST', 'api/questionnaires/submit', [...], null)
 3 APPPATH/Config/Routes.php(146): CodeIgniter\Router\RouteCollection->post('questionnaires/submit', [...])
 4 SYSTEMPATH/Router/RouteCollection.php(800): CodeIgniter\Router\RouteCollection->{closure}(Object(CodeIgniter\Router\RouteCollection))
 5 APPPATH/Config/Routes.php(11): CodeIgniter\Router\RouteCollection->group('api', [...], Object(Closure))
 6 SYSTEMPATH/Router/RouteCollection.php(340): require('/opt/lampp/htdocs/proWebAPI/app/Config/Routes.php')
 7 SYSTEMPATH/CodeIgniter.php(823): CodeIgniter\Router\RouteCollection->loadRoutes()
 8 SYSTEMPATH/CodeIgniter.php(457): CodeIgniter\CodeIgniter->tryToRouteIt(null)
 9 SYSTEMPATH/CodeIgniter.php(355): CodeIgniter\CodeIgniter->handleRequest(null, Object(Config\Cache), false)
10 SYSTEMPATH/Boot.php(325): CodeIgniter\CodeIgniter->run()
11 SYSTEMPATH/Boot.php(67): CodeIgniter\Boot::runCodeIgniter(Object(CodeIgniter\CodeIgniter))
12 FCPATH/index.php(63): CodeIgniter\Boot::bootWeb(Object(Config\Paths))
13 SYSTEMPATH/rewrite.php(44): require_once('/opt/lampp/htdocs/proWebAPI/public/index.php')
INFO - 2024-12-09 04:53:24 --> Session: Class initialized using 'CodeIgniter\Session\Handlers\FileHandler' driver.
INFO - 2024-12-09 18:29:29 --> Session: Class initialized using 'CodeIgniter\Session\Handlers\FileHandler' driver.
CRITICAL - 2024-12-09 18:46:15 --> BadMethodCallException: Call to undefined method App\Models\StatusModel::findById
[Method: GET, Route: api/questionnaire-submissions]
in SYSTEMPATH/Model.php on line 932.
 1 APPPATH/Controllers/QuestionnairesController.php(483): CodeIgniter\Model->__call('findById', [...])
 2 SYSTEMPATH/CodeIgniter.php(933): App\Controllers\QuestionnairesController->listSubmissions()
 3 SYSTEMPATH/CodeIgniter.php(509): CodeIgniter\CodeIgniter->runController(Object(App\Controllers\QuestionnairesController))
 4 SYSTEMPATH/CodeIgniter.php(355): CodeIgniter\CodeIgniter->handleRequest(null, Object(Config\Cache), false)
 5 SYSTEMPATH/Boot.php(325): CodeIgniter\CodeIgniter->run()
 6 SYSTEMPATH/Boot.php(67): CodeIgniter\Boot::runCodeIgniter(Object(CodeIgniter\CodeIgniter))
 7 FCPATH/index.php(63): CodeIgniter\Boot::bootWeb(Object(Config\Paths))
 8 SYSTEMPATH/rewrite.php(44): require_once('/opt/lampp/htdocs/proWebAPI/public/index.php')
