CRITICAL - 2025-03-11 08:44:05 --> DivisionByZeroError: Division by zero
[Method: GET, Route: api/products]
in SYSTEMPATH/Pager/Pager.php on line 152.
 1 SYSTEMPATH/BaseModel.php(1284): CodeIgniter\Pager\Pager->store('products', 1, 0, 8, 0)
 2 APPPATH/Controllers/ProductsController.php(99): CodeIgniter\BaseModel->paginate(0, 'products', 1)
 3 SYSTEMPATH/CodeIgniter.php(933): App\Controllers\ProductsController->index()
 4 SYSTEMPATH/CodeIgniter.php(509): CodeIgniter\CodeIgniter->runController(Object(App\Controllers\ProductsController))
 5 SYSTEMPATH/CodeIgniter.php(355): CodeIgniter\CodeIgniter->handleRequest(null, Object(Config\Cache), false)
 6 SYSTEMPATH/Boot.php(325): CodeIgniter\CodeIgniter->run()
 7 SYSTEMPATH/Boot.php(67): CodeIgniter\Boot::runCodeIgniter(Object(CodeIgniter\CodeIgniter))
 8 FCPATH/index.php(63): CodeIgniter\Boot::bootWeb(Object(Config\Paths))
 9 SYSTEMPATH/rewrite.php(44): require_once('/opt/lampp/htdocs/proWebAPI/public/index.php')
CRITICAL - 2025-03-11 08:44:09 --> DivisionByZeroError: Division by zero
[Method: GET, Route: api/products]
in SYSTEMPATH/Pager/Pager.php on line 152.
 1 SYSTEMPATH/BaseModel.php(1284): CodeIgniter\Pager\Pager->store('products', 1, 0, 8, 0)
 2 APPPATH/Controllers/ProductsController.php(99): CodeIgniter\BaseModel->paginate(0, 'products', 1)
 3 SYSTEMPATH/CodeIgniter.php(933): App\Controllers\ProductsController->index()
 4 SYSTEMPATH/CodeIgniter.php(509): CodeIgniter\CodeIgniter->runController(Object(App\Controllers\ProductsController))
 5 SYSTEMPATH/CodeIgniter.php(355): CodeIgniter\CodeIgniter->handleRequest(null, Object(Config\Cache), false)
 6 SYSTEMPATH/Boot.php(325): CodeIgniter\CodeIgniter->run()
 7 SYSTEMPATH/Boot.php(67): CodeIgniter\Boot::runCodeIgniter(Object(CodeIgniter\CodeIgniter))
 8 FCPATH/index.php(63): CodeIgniter\Boot::bootWeb(Object(Config\Paths))
 9 SYSTEMPATH/rewrite.php(44): require_once('/opt/lampp/htdocs/proWebAPI/public/index.php')
CRITICAL - 2025-03-11 08:44:37 --> DivisionByZeroError: Division by zero
[Method: GET, Route: api/products]
in SYSTEMPATH/Pager/Pager.php on line 152.
 1 SYSTEMPATH/BaseModel.php(1284): CodeIgniter\Pager\Pager->store('products', 1, 0, 8, 0)
 2 APPPATH/Controllers/ProductsController.php(99): CodeIgniter\BaseModel->paginate(0, 'products', 1)
 3 SYSTEMPATH/CodeIgniter.php(933): App\Controllers\ProductsController->index()
 4 SYSTEMPATH/CodeIgniter.php(509): CodeIgniter\CodeIgniter->runController(Object(App\Controllers\ProductsController))
 5 SYSTEMPATH/CodeIgniter.php(355): CodeIgniter\CodeIgniter->handleRequest(null, Object(Config\Cache), false)
 6 SYSTEMPATH/Boot.php(325): CodeIgniter\CodeIgniter->run()
 7 SYSTEMPATH/Boot.php(67): CodeIgniter\Boot::runCodeIgniter(Object(CodeIgniter\CodeIgniter))
 8 FCPATH/index.php(63): CodeIgniter\Boot::bootWeb(Object(Config\Paths))
 9 SYSTEMPATH/rewrite.php(44): require_once('/opt/lampp/htdocs/proWebAPI/public/index.php')
INFO - 2025-03-11 10:26:54 --> Session: Class initialized using 'CodeIgniter\Session\Handlers\FileHandler' driver.
CRITICAL - 2025-03-11 10:28:20 --> DivisionByZeroError: Division by zero
[Method: GET, Route: api/products]
in SYSTEMPATH/Pager/Pager.php on line 152.
 1 SYSTEMPATH/BaseModel.php(1284): CodeIgniter\Pager\Pager->store('products', 1, 0, 8, 0)
 2 APPPATH/Controllers/ProductsController.php(99): CodeIgniter\BaseModel->paginate(0, 'products', 1)
 3 SYSTEMPATH/CodeIgniter.php(933): App\Controllers\ProductsController->index()
 4 SYSTEMPATH/CodeIgniter.php(509): CodeIgniter\CodeIgniter->runController(Object(App\Controllers\ProductsController))
 5 SYSTEMPATH/CodeIgniter.php(355): CodeIgniter\CodeIgniter->handleRequest(null, Object(Config\Cache), false)
 6 SYSTEMPATH/Boot.php(325): CodeIgniter\CodeIgniter->run()
 7 SYSTEMPATH/Boot.php(67): CodeIgniter\Boot::runCodeIgniter(Object(CodeIgniter\CodeIgniter))
 8 FCPATH/index.php(63): CodeIgniter\Boot::bootWeb(Object(Config\Paths))
 9 SYSTEMPATH/rewrite.php(44): require_once('/opt/lampp/htdocs/proWebAPI/public/index.php')
CRITICAL - 2025-03-11 10:29:38 --> DivisionByZeroError: Division by zero
[Method: GET, Route: api/products]
in SYSTEMPATH/Pager/Pager.php on line 152.
 1 SYSTEMPATH/BaseModel.php(1284): CodeIgniter\Pager\Pager->store('products', 1, 0, 8, 0)
 2 APPPATH/Controllers/ProductsController.php(99): CodeIgniter\BaseModel->paginate(0, 'products', 1)
 3 SYSTEMPATH/CodeIgniter.php(933): App\Controllers\ProductsController->index()
 4 SYSTEMPATH/CodeIgniter.php(509): CodeIgniter\CodeIgniter->runController(Object(App\Controllers\ProductsController))
 5 SYSTEMPATH/CodeIgniter.php(355): CodeIgniter\CodeIgniter->handleRequest(null, Object(Config\Cache), false)
 6 SYSTEMPATH/Boot.php(325): CodeIgniter\CodeIgniter->run()
 7 SYSTEMPATH/Boot.php(67): CodeIgniter\Boot::runCodeIgniter(Object(CodeIgniter\CodeIgniter))
 8 FCPATH/index.php(63): CodeIgniter\Boot::bootWeb(Object(Config\Paths))
 9 SYSTEMPATH/rewrite.php(44): require_once('/opt/lampp/htdocs/proWebAPI/public/index.php')
CRITICAL - 2025-03-11 10:29:53 --> DivisionByZeroError: Division by zero
[Method: GET, Route: api/products]
in SYSTEMPATH/Pager/Pager.php on line 152.
 1 SYSTEMPATH/BaseModel.php(1284): CodeIgniter\Pager\Pager->store('products', 1, 0, 8, 0)
 2 APPPATH/Controllers/ProductsController.php(99): CodeIgniter\BaseModel->paginate(0, 'products', 1)
 3 SYSTEMPATH/CodeIgniter.php(933): App\Controllers\ProductsController->index()
 4 SYSTEMPATH/CodeIgniter.php(509): CodeIgniter\CodeIgniter->runController(Object(App\Controllers\ProductsController))
 5 SYSTEMPATH/CodeIgniter.php(355): CodeIgniter\CodeIgniter->handleRequest(null, Object(Config\Cache), false)
 6 SYSTEMPATH/Boot.php(325): CodeIgniter\CodeIgniter->run()
 7 SYSTEMPATH/Boot.php(67): CodeIgniter\Boot::runCodeIgniter(Object(CodeIgniter\CodeIgniter))
 8 FCPATH/index.php(63): CodeIgniter\Boot::bootWeb(Object(Config\Paths))
 9 SYSTEMPATH/rewrite.php(44): require_once('/opt/lampp/htdocs/proWebAPI/public/index.php')
CRITICAL - 2025-03-11 10:30:44 --> DivisionByZeroError: Division by zero
[Method: GET, Route: api/products]
in SYSTEMPATH/Pager/Pager.php on line 152.
 1 SYSTEMPATH/BaseModel.php(1284): CodeIgniter\Pager\Pager->store('products', 1, 0, 8, 0)
 2 APPPATH/Controllers/ProductsController.php(99): CodeIgniter\BaseModel->paginate(0, 'products', 1)
 3 SYSTEMPATH/CodeIgniter.php(933): App\Controllers\ProductsController->index()
 4 SYSTEMPATH/CodeIgniter.php(509): CodeIgniter\CodeIgniter->runController(Object(App\Controllers\ProductsController))
 5 SYSTEMPATH/CodeIgniter.php(355): CodeIgniter\CodeIgniter->handleRequest(null, Object(Config\Cache), false)
 6 SYSTEMPATH/Boot.php(325): CodeIgniter\CodeIgniter->run()
 7 SYSTEMPATH/Boot.php(67): CodeIgniter\Boot::runCodeIgniter(Object(CodeIgniter\CodeIgniter))
 8 FCPATH/index.php(63): CodeIgniter\Boot::bootWeb(Object(Config\Paths))
 9 SYSTEMPATH/rewrite.php(44): require_once('/opt/lampp/htdocs/proWebAPI/public/index.php')
CRITICAL - 2025-03-11 10:31:23 --> DivisionByZeroError: Division by zero
[Method: GET, Route: api/products]
in SYSTEMPATH/Pager/Pager.php on line 152.
 1 SYSTEMPATH/BaseModel.php(1284): CodeIgniter\Pager\Pager->store('products', 1, 0, 8, 0)
 2 APPPATH/Controllers/ProductsController.php(99): CodeIgniter\BaseModel->paginate(0, 'products', 1)
 3 SYSTEMPATH/CodeIgniter.php(933): App\Controllers\ProductsController->index()
 4 SYSTEMPATH/CodeIgniter.php(509): CodeIgniter\CodeIgniter->runController(Object(App\Controllers\ProductsController))
 5 SYSTEMPATH/CodeIgniter.php(355): CodeIgniter\CodeIgniter->handleRequest(null, Object(Config\Cache), false)
 6 SYSTEMPATH/Boot.php(325): CodeIgniter\CodeIgniter->run()
 7 SYSTEMPATH/Boot.php(67): CodeIgniter\Boot::runCodeIgniter(Object(CodeIgniter\CodeIgniter))
 8 FCPATH/index.php(63): CodeIgniter\Boot::bootWeb(Object(Config\Paths))
 9 SYSTEMPATH/rewrite.php(44): require_once('/opt/lampp/htdocs/proWebAPI/public/index.php')
CRITICAL - 2025-03-11 13:41:02 --> DivisionByZeroError: Division by zero
[Method: GET, Route: api/products]
in SYSTEMPATH/Pager/Pager.php on line 152.
 1 SYSTEMPATH/BaseModel.php(1284): CodeIgniter\Pager\Pager->store('products', 1, 0, 8, 0)
 2 APPPATH/Controllers/ProductsController.php(99): CodeIgniter\BaseModel->paginate(0, 'products', 1)
 3 SYSTEMPATH/CodeIgniter.php(933): App\Controllers\ProductsController->index()
 4 SYSTEMPATH/CodeIgniter.php(509): CodeIgniter\CodeIgniter->runController(Object(App\Controllers\ProductsController))
 5 SYSTEMPATH/CodeIgniter.php(355): CodeIgniter\CodeIgniter->handleRequest(null, Object(Config\Cache), false)
 6 SYSTEMPATH/Boot.php(325): CodeIgniter\CodeIgniter->run()
 7 SYSTEMPATH/Boot.php(67): CodeIgniter\Boot::runCodeIgniter(Object(CodeIgniter\CodeIgniter))
 8 FCPATH/index.php(63): CodeIgniter\Boot::bootWeb(Object(Config\Paths))
 9 SYSTEMPATH/rewrite.php(44): require_once('/opt/lampp/htdocs/proWebAPI/public/index.php')
CRITICAL - 2025-03-11 13:41:06 --> DivisionByZeroError: Division by zero
[Method: GET, Route: api/products]
in SYSTEMPATH/Pager/Pager.php on line 152.
 1 SYSTEMPATH/BaseModel.php(1284): CodeIgniter\Pager\Pager->store('products', 1, 0, 8, 0)
 2 APPPATH/Controllers/ProductsController.php(99): CodeIgniter\BaseModel->paginate(0, 'products', 1)
 3 SYSTEMPATH/CodeIgniter.php(933): App\Controllers\ProductsController->index()
 4 SYSTEMPATH/CodeIgniter.php(509): CodeIgniter\CodeIgniter->runController(Object(App\Controllers\ProductsController))
 5 SYSTEMPATH/CodeIgniter.php(355): CodeIgniter\CodeIgniter->handleRequest(null, Object(Config\Cache), false)
 6 SYSTEMPATH/Boot.php(325): CodeIgniter\CodeIgniter->run()
 7 SYSTEMPATH/Boot.php(67): CodeIgniter\Boot::runCodeIgniter(Object(CodeIgniter\CodeIgniter))
 8 FCPATH/index.php(63): CodeIgniter\Boot::bootWeb(Object(Config\Paths))
 9 SYSTEMPATH/rewrite.php(44): require_once('/opt/lampp/htdocs/proWebAPI/public/index.php')
CRITICAL - 2025-03-11 13:41:16 --> DivisionByZeroError: Division by zero
[Method: GET, Route: api/products]
in SYSTEMPATH/Pager/Pager.php on line 152.
 1 SYSTEMPATH/BaseModel.php(1284): CodeIgniter\Pager\Pager->store('products', 1, 0, 8, 0)
 2 APPPATH/Controllers/ProductsController.php(99): CodeIgniter\BaseModel->paginate(0, 'products', 1)
 3 SYSTEMPATH/CodeIgniter.php(933): App\Controllers\ProductsController->index()
 4 SYSTEMPATH/CodeIgniter.php(509): CodeIgniter\CodeIgniter->runController(Object(App\Controllers\ProductsController))
 5 SYSTEMPATH/CodeIgniter.php(355): CodeIgniter\CodeIgniter->handleRequest(null, Object(Config\Cache), false)
 6 SYSTEMPATH/Boot.php(325): CodeIgniter\CodeIgniter->run()
 7 SYSTEMPATH/Boot.php(67): CodeIgniter\Boot::runCodeIgniter(Object(CodeIgniter\CodeIgniter))
 8 FCPATH/index.php(63): CodeIgniter\Boot::bootWeb(Object(Config\Paths))
 9 SYSTEMPATH/rewrite.php(44): require_once('/opt/lampp/htdocs/proWebAPI/public/index.php')
