INFO - 2024-10-15 02:25:51 --> Session: Class initialized using 'CodeIgniter\Session\Handlers\FileHandler' driver.
ERROR - 2024-10-15 02:35:01 --> mysqli_sql_exception: Unknown column 'created_by' in 'field list' in /opt/lampp/htdocs/proWebAPI/vendor/codeigniter4/framework/system/Database/MySQLi/Connection.php:312
Stack trace:
#0 /opt/lampp/htdocs/proWebAPI/vendor/codeigniter4/framework/system/Database/MySQLi/Connection.php(312): mysqli->query('INSERT INTO `pr...', 0)
#1 /opt/lampp/htdocs/proWebAPI/vendor/codeigniter4/framework/system/Database/BaseConnection.php(734): CodeIgniter\Database\MySQLi\Connection->execute('INSERT INTO `pr...')
#2 /opt/lampp/htdocs/proWebAPI/vendor/codeigniter4/framework/system/Database/BaseConnection.php(648): CodeIgniter\Database\BaseConnection->simpleQuery('INSERT INTO `pr...')
#3 /opt/lampp/htdocs/proWebAPI/vendor/codeigniter4/framework/system/Database/BaseBuilder.php(2340): CodeIgniter\Database\BaseConnection->query('INSERT INTO `pr...', Array, false)
#4 /opt/lampp/htdocs/proWebAPI/vendor/codeigniter4/framework/system/Model.php(394): CodeIgniter\Database\BaseBuilder->insert()
#5 /opt/lampp/htdocs/proWebAPI/vendor/codeigniter4/framework/system/BaseModel.php(840): CodeIgniter\Model->doInsert(Array)
#6 /opt/lampp/htdocs/proWebAPI/vendor/codeigniter4/framework/system/Model.php(802): CodeIgniter\BaseModel->insert(Array, false)
#7 /opt/lampp/htdocs/proWebAPI/vendor/codeigniter4/framework/system/BaseModel.php(751): CodeIgniter\Model->insert(Array, false)
#8 /opt/lampp/htdocs/proWebAPI/app/Models/PrequalificationModel.php(93): CodeIgniter\BaseModel->save(Array)
#9 /opt/lampp/htdocs/proWebAPI/app/Controllers/PrequalificationsController.php(74): App\Models\PrequalificationModel->savePrequalification(Array)
#10 /opt/lampp/htdocs/proWebAPI/vendor/codeigniter4/framework/system/CodeIgniter.php(933): App\Controllers\PrequalificationsController->create()
#11 /opt/lampp/htdocs/proWebAPI/vendor/codeigniter4/framework/system/CodeIgniter.php(509): CodeIgniter\CodeIgniter->runController(Object(App\Controllers\PrequalificationsController))
#12 /opt/lampp/htdocs/proWebAPI/vendor/codeigniter4/framework/system/CodeIgniter.php(355): CodeIgniter\CodeIgniter->handleRequest(NULL, Object(Config\Cache), false)
#13 /opt/lampp/htdocs/proWebAPI/vendor/codeigniter4/framework/system/Boot.php(325): CodeIgniter\CodeIgniter->run()
#14 /opt/lampp/htdocs/proWebAPI/vendor/codeigniter4/framework/system/Boot.php(67): CodeIgniter\Boot::runCodeIgniter(Object(CodeIgniter\CodeIgniter))
#15 /opt/lampp/htdocs/proWebAPI/public/index.php(63): CodeIgniter\Boot::bootWeb(Object(Config\Paths))
#16 /opt/lampp/htdocs/proWebAPI/vendor/codeigniter4/framework/system/rewrite.php(44): require_once('/opt/lampp/htdo...')
#17 {main}
ERROR - 2024-10-15 02:37:17 --> mysqli_sql_exception: Unknown column 'created_by' in 'field list' in /opt/lampp/htdocs/proWebAPI/vendor/codeigniter4/framework/system/Database/MySQLi/Connection.php:312
Stack trace:
#0 /opt/lampp/htdocs/proWebAPI/vendor/codeigniter4/framework/system/Database/MySQLi/Connection.php(312): mysqli->query('INSERT INTO `pr...', 0)
#1 /opt/lampp/htdocs/proWebAPI/vendor/codeigniter4/framework/system/Database/BaseConnection.php(734): CodeIgniter\Database\MySQLi\Connection->execute('INSERT INTO `pr...')
#2 /opt/lampp/htdocs/proWebAPI/vendor/codeigniter4/framework/system/Database/BaseConnection.php(648): CodeIgniter\Database\BaseConnection->simpleQuery('INSERT INTO `pr...')
#3 /opt/lampp/htdocs/proWebAPI/vendor/codeigniter4/framework/system/Database/BaseBuilder.php(2340): CodeIgniter\Database\BaseConnection->query('INSERT INTO `pr...', Array, false)
#4 /opt/lampp/htdocs/proWebAPI/vendor/codeigniter4/framework/system/Model.php(394): CodeIgniter\Database\BaseBuilder->insert()
#5 /opt/lampp/htdocs/proWebAPI/vendor/codeigniter4/framework/system/BaseModel.php(840): CodeIgniter\Model->doInsert(Array)
#6 /opt/lampp/htdocs/proWebAPI/vendor/codeigniter4/framework/system/Model.php(802): CodeIgniter\BaseModel->insert(Array, false)
#7 /opt/lampp/htdocs/proWebAPI/vendor/codeigniter4/framework/system/BaseModel.php(751): CodeIgniter\Model->insert(Array, false)
#8 /opt/lampp/htdocs/proWebAPI/app/Models/PrequalificationModel.php(93): CodeIgniter\BaseModel->save(Array)
#9 /opt/lampp/htdocs/proWebAPI/app/Controllers/PrequalificationsController.php(74): App\Models\PrequalificationModel->savePrequalification(Array)
#10 /opt/lampp/htdocs/proWebAPI/vendor/codeigniter4/framework/system/CodeIgniter.php(933): App\Controllers\PrequalificationsController->create()
#11 /opt/lampp/htdocs/proWebAPI/vendor/codeigniter4/framework/system/CodeIgniter.php(509): CodeIgniter\CodeIgniter->runController(Object(App\Controllers\PrequalificationsController))
#12 /opt/lampp/htdocs/proWebAPI/vendor/codeigniter4/framework/system/CodeIgniter.php(355): CodeIgniter\CodeIgniter->handleRequest(NULL, Object(Config\Cache), false)
#13 /opt/lampp/htdocs/proWebAPI/vendor/codeigniter4/framework/system/Boot.php(325): CodeIgniter\CodeIgniter->run()
#14 /opt/lampp/htdocs/proWebAPI/vendor/codeigniter4/framework/system/Boot.php(67): CodeIgniter\Boot::runCodeIgniter(Object(CodeIgniter\CodeIgniter))
#15 /opt/lampp/htdocs/proWebAPI/public/index.php(63): CodeIgniter\Boot::bootWeb(Object(Config\Paths))
#16 /opt/lampp/htdocs/proWebAPI/vendor/codeigniter4/framework/system/rewrite.php(44): require_once('/opt/lampp/htdo...')
#17 {main}
ERROR - 2024-10-15 02:37:20 --> mysqli_sql_exception: Unknown column 'created_by' in 'field list' in /opt/lampp/htdocs/proWebAPI/vendor/codeigniter4/framework/system/Database/MySQLi/Connection.php:312
Stack trace:
#0 /opt/lampp/htdocs/proWebAPI/vendor/codeigniter4/framework/system/Database/MySQLi/Connection.php(312): mysqli->query('INSERT INTO `pr...', 0)
#1 /opt/lampp/htdocs/proWebAPI/vendor/codeigniter4/framework/system/Database/BaseConnection.php(734): CodeIgniter\Database\MySQLi\Connection->execute('INSERT INTO `pr...')
#2 /opt/lampp/htdocs/proWebAPI/vendor/codeigniter4/framework/system/Database/BaseConnection.php(648): CodeIgniter\Database\BaseConnection->simpleQuery('INSERT INTO `pr...')
#3 /opt/lampp/htdocs/proWebAPI/vendor/codeigniter4/framework/system/Database/BaseBuilder.php(2340): CodeIgniter\Database\BaseConnection->query('INSERT INTO `pr...', Array, false)
#4 /opt/lampp/htdocs/proWebAPI/vendor/codeigniter4/framework/system/Model.php(394): CodeIgniter\Database\BaseBuilder->insert()
#5 /opt/lampp/htdocs/proWebAPI/vendor/codeigniter4/framework/system/BaseModel.php(840): CodeIgniter\Model->doInsert(Array)
#6 /opt/lampp/htdocs/proWebAPI/vendor/codeigniter4/framework/system/Model.php(802): CodeIgniter\BaseModel->insert(Array, false)
#7 /opt/lampp/htdocs/proWebAPI/vendor/codeigniter4/framework/system/BaseModel.php(751): CodeIgniter\Model->insert(Array, false)
#8 /opt/lampp/htdocs/proWebAPI/app/Models/PrequalificationModel.php(93): CodeIgniter\BaseModel->save(Array)
#9 /opt/lampp/htdocs/proWebAPI/app/Controllers/PrequalificationsController.php(74): App\Models\PrequalificationModel->savePrequalification(Array)
#10 /opt/lampp/htdocs/proWebAPI/vendor/codeigniter4/framework/system/CodeIgniter.php(933): App\Controllers\PrequalificationsController->create()
#11 /opt/lampp/htdocs/proWebAPI/vendor/codeigniter4/framework/system/CodeIgniter.php(509): CodeIgniter\CodeIgniter->runController(Object(App\Controllers\PrequalificationsController))
#12 /opt/lampp/htdocs/proWebAPI/vendor/codeigniter4/framework/system/CodeIgniter.php(355): CodeIgniter\CodeIgniter->handleRequest(NULL, Object(Config\Cache), false)
#13 /opt/lampp/htdocs/proWebAPI/vendor/codeigniter4/framework/system/Boot.php(325): CodeIgniter\CodeIgniter->run()
#14 /opt/lampp/htdocs/proWebAPI/vendor/codeigniter4/framework/system/Boot.php(67): CodeIgniter\Boot::runCodeIgniter(Object(CodeIgniter\CodeIgniter))
#15 /opt/lampp/htdocs/proWebAPI/public/index.php(63): CodeIgniter\Boot::bootWeb(Object(Config\Paths))
#16 /opt/lampp/htdocs/proWebAPI/vendor/codeigniter4/framework/system/rewrite.php(44): require_once('/opt/lampp/htdo...')
#17 {main}
ERROR - 2024-10-15 02:40:31 --> mysqli_sql_exception: Unknown column 'created_by' in 'field list' in /opt/lampp/htdocs/proWebAPI/vendor/codeigniter4/framework/system/Database/MySQLi/Connection.php:312
Stack trace:
#0 /opt/lampp/htdocs/proWebAPI/vendor/codeigniter4/framework/system/Database/MySQLi/Connection.php(312): mysqli->query('INSERT INTO `pr...', 0)
#1 /opt/lampp/htdocs/proWebAPI/vendor/codeigniter4/framework/system/Database/BaseConnection.php(734): CodeIgniter\Database\MySQLi\Connection->execute('INSERT INTO `pr...')
#2 /opt/lampp/htdocs/proWebAPI/vendor/codeigniter4/framework/system/Database/BaseConnection.php(648): CodeIgniter\Database\BaseConnection->simpleQuery('INSERT INTO `pr...')
#3 /opt/lampp/htdocs/proWebAPI/vendor/codeigniter4/framework/system/Database/BaseBuilder.php(2340): CodeIgniter\Database\BaseConnection->query('INSERT INTO `pr...', Array, false)
#4 /opt/lampp/htdocs/proWebAPI/vendor/codeigniter4/framework/system/Model.php(394): CodeIgniter\Database\BaseBuilder->insert()
#5 /opt/lampp/htdocs/proWebAPI/vendor/codeigniter4/framework/system/BaseModel.php(840): CodeIgniter\Model->doInsert(Array)
#6 /opt/lampp/htdocs/proWebAPI/vendor/codeigniter4/framework/system/Model.php(802): CodeIgniter\BaseModel->insert(Array, false)
#7 /opt/lampp/htdocs/proWebAPI/vendor/codeigniter4/framework/system/BaseModel.php(751): CodeIgniter\Model->insert(Array, false)
#8 /opt/lampp/htdocs/proWebAPI/app/Models/PrequalificationModel.php(93): CodeIgniter\BaseModel->save(Array)
#9 /opt/lampp/htdocs/proWebAPI/app/Controllers/PrequalificationsController.php(77): App\Models\PrequalificationModel->savePrequalification(Array)
#10 /opt/lampp/htdocs/proWebAPI/vendor/codeigniter4/framework/system/CodeIgniter.php(933): App\Controllers\PrequalificationsController->create()
#11 /opt/lampp/htdocs/proWebAPI/vendor/codeigniter4/framework/system/CodeIgniter.php(509): CodeIgniter\CodeIgniter->runController(Object(App\Controllers\PrequalificationsController))
#12 /opt/lampp/htdocs/proWebAPI/vendor/codeigniter4/framework/system/CodeIgniter.php(355): CodeIgniter\CodeIgniter->handleRequest(NULL, Object(Config\Cache), false)
#13 /opt/lampp/htdocs/proWebAPI/vendor/codeigniter4/framework/system/Boot.php(325): CodeIgniter\CodeIgniter->run()
#14 /opt/lampp/htdocs/proWebAPI/vendor/codeigniter4/framework/system/Boot.php(67): CodeIgniter\Boot::runCodeIgniter(Object(CodeIgniter\CodeIgniter))
#15 /opt/lampp/htdocs/proWebAPI/public/index.php(63): CodeIgniter\Boot::bootWeb(Object(Config\Paths))
#16 /opt/lampp/htdocs/proWebAPI/vendor/codeigniter4/framework/system/rewrite.php(44): require_once('/opt/lampp/htdo...')
#17 {main}
ERROR - 2024-10-15 02:41:07 --> mysqli_sql_exception: Unknown column 'created_by' in 'field list' in /opt/lampp/htdocs/proWebAPI/vendor/codeigniter4/framework/system/Database/MySQLi/Connection.php:312
Stack trace:
#0 /opt/lampp/htdocs/proWebAPI/vendor/codeigniter4/framework/system/Database/MySQLi/Connection.php(312): mysqli->query('INSERT INTO `pr...', 0)
#1 /opt/lampp/htdocs/proWebAPI/vendor/codeigniter4/framework/system/Database/BaseConnection.php(734): CodeIgniter\Database\MySQLi\Connection->execute('INSERT INTO `pr...')
#2 /opt/lampp/htdocs/proWebAPI/vendor/codeigniter4/framework/system/Database/BaseConnection.php(648): CodeIgniter\Database\BaseConnection->simpleQuery('INSERT INTO `pr...')
#3 /opt/lampp/htdocs/proWebAPI/vendor/codeigniter4/framework/system/Database/BaseBuilder.php(2340): CodeIgniter\Database\BaseConnection->query('INSERT INTO `pr...', Array, false)
#4 /opt/lampp/htdocs/proWebAPI/vendor/codeigniter4/framework/system/Model.php(394): CodeIgniter\Database\BaseBuilder->insert()
#5 /opt/lampp/htdocs/proWebAPI/vendor/codeigniter4/framework/system/BaseModel.php(840): CodeIgniter\Model->doInsert(Array)
#6 /opt/lampp/htdocs/proWebAPI/vendor/codeigniter4/framework/system/Model.php(802): CodeIgniter\BaseModel->insert(Array, false)
#7 /opt/lampp/htdocs/proWebAPI/vendor/codeigniter4/framework/system/BaseModel.php(751): CodeIgniter\Model->insert(Array, false)
#8 /opt/lampp/htdocs/proWebAPI/app/Models/PrequalificationModel.php(93): CodeIgniter\BaseModel->save(Array)
#9 /opt/lampp/htdocs/proWebAPI/app/Controllers/PrequalificationsController.php(77): App\Models\PrequalificationModel->savePrequalification(Array)
#10 /opt/lampp/htdocs/proWebAPI/vendor/codeigniter4/framework/system/CodeIgniter.php(933): App\Controllers\PrequalificationsController->create()
#11 /opt/lampp/htdocs/proWebAPI/vendor/codeigniter4/framework/system/CodeIgniter.php(509): CodeIgniter\CodeIgniter->runController(Object(App\Controllers\PrequalificationsController))
#12 /opt/lampp/htdocs/proWebAPI/vendor/codeigniter4/framework/system/CodeIgniter.php(355): CodeIgniter\CodeIgniter->handleRequest(NULL, Object(Config\Cache), false)
#13 /opt/lampp/htdocs/proWebAPI/vendor/codeigniter4/framework/system/Boot.php(325): CodeIgniter\CodeIgniter->run()
#14 /opt/lampp/htdocs/proWebAPI/vendor/codeigniter4/framework/system/Boot.php(67): CodeIgniter\Boot::runCodeIgniter(Object(CodeIgniter\CodeIgniter))
#15 /opt/lampp/htdocs/proWebAPI/public/index.php(63): CodeIgniter\Boot::bootWeb(Object(Config\Paths))
#16 /opt/lampp/htdocs/proWebAPI/vendor/codeigniter4/framework/system/rewrite.php(44): require_once('/opt/lampp/htdo...')
#17 {main}
ERROR - 2024-10-15 02:41:45 --> mysqli_sql_exception: Unknown column 'created_by' in 'field list' in /opt/lampp/htdocs/proWebAPI/vendor/codeigniter4/framework/system/Database/MySQLi/Connection.php:312
Stack trace:
#0 /opt/lampp/htdocs/proWebAPI/vendor/codeigniter4/framework/system/Database/MySQLi/Connection.php(312): mysqli->query('INSERT INTO `pr...', 0)
#1 /opt/lampp/htdocs/proWebAPI/vendor/codeigniter4/framework/system/Database/BaseConnection.php(734): CodeIgniter\Database\MySQLi\Connection->execute('INSERT INTO `pr...')
#2 /opt/lampp/htdocs/proWebAPI/vendor/codeigniter4/framework/system/Database/BaseConnection.php(648): CodeIgniter\Database\BaseConnection->simpleQuery('INSERT INTO `pr...')
#3 /opt/lampp/htdocs/proWebAPI/vendor/codeigniter4/framework/system/Database/BaseBuilder.php(2340): CodeIgniter\Database\BaseConnection->query('INSERT INTO `pr...', Array, false)
#4 /opt/lampp/htdocs/proWebAPI/vendor/codeigniter4/framework/system/Model.php(394): CodeIgniter\Database\BaseBuilder->insert()
#5 /opt/lampp/htdocs/proWebAPI/vendor/codeigniter4/framework/system/BaseModel.php(840): CodeIgniter\Model->doInsert(Array)
#6 /opt/lampp/htdocs/proWebAPI/vendor/codeigniter4/framework/system/Model.php(802): CodeIgniter\BaseModel->insert(Array, false)
#7 /opt/lampp/htdocs/proWebAPI/vendor/codeigniter4/framework/system/BaseModel.php(751): CodeIgniter\Model->insert(Array, false)
#8 /opt/lampp/htdocs/proWebAPI/app/Models/PrequalificationModel.php(93): CodeIgniter\BaseModel->save(Array)
#9 /opt/lampp/htdocs/proWebAPI/app/Controllers/PrequalificationsController.php(77): App\Models\PrequalificationModel->savePrequalification(Array)
#10 /opt/lampp/htdocs/proWebAPI/vendor/codeigniter4/framework/system/CodeIgniter.php(933): App\Controllers\PrequalificationsController->create()
#11 /opt/lampp/htdocs/proWebAPI/vendor/codeigniter4/framework/system/CodeIgniter.php(509): CodeIgniter\CodeIgniter->runController(Object(App\Controllers\PrequalificationsController))
#12 /opt/lampp/htdocs/proWebAPI/vendor/codeigniter4/framework/system/CodeIgniter.php(355): CodeIgniter\CodeIgniter->handleRequest(NULL, Object(Config\Cache), false)
#13 /opt/lampp/htdocs/proWebAPI/vendor/codeigniter4/framework/system/Boot.php(325): CodeIgniter\CodeIgniter->run()
#14 /opt/lampp/htdocs/proWebAPI/vendor/codeigniter4/framework/system/Boot.php(67): CodeIgniter\Boot::runCodeIgniter(Object(CodeIgniter\CodeIgniter))
#15 /opt/lampp/htdocs/proWebAPI/public/index.php(63): CodeIgniter\Boot::bootWeb(Object(Config\Paths))
#16 /opt/lampp/htdocs/proWebAPI/vendor/codeigniter4/framework/system/rewrite.php(44): require_once('/opt/lampp/htdo...')
#17 {main}
ERROR - 2024-10-15 02:41:54 --> mysqli_sql_exception: Unknown column 'created_by' in 'field list' in /opt/lampp/htdocs/proWebAPI/vendor/codeigniter4/framework/system/Database/MySQLi/Connection.php:312
Stack trace:
#0 /opt/lampp/htdocs/proWebAPI/vendor/codeigniter4/framework/system/Database/MySQLi/Connection.php(312): mysqli->query('INSERT INTO `pr...', 0)
#1 /opt/lampp/htdocs/proWebAPI/vendor/codeigniter4/framework/system/Database/BaseConnection.php(734): CodeIgniter\Database\MySQLi\Connection->execute('INSERT INTO `pr...')
#2 /opt/lampp/htdocs/proWebAPI/vendor/codeigniter4/framework/system/Database/BaseConnection.php(648): CodeIgniter\Database\BaseConnection->simpleQuery('INSERT INTO `pr...')
#3 /opt/lampp/htdocs/proWebAPI/vendor/codeigniter4/framework/system/Database/BaseBuilder.php(2340): CodeIgniter\Database\BaseConnection->query('INSERT INTO `pr...', Array, false)
#4 /opt/lampp/htdocs/proWebAPI/vendor/codeigniter4/framework/system/Model.php(394): CodeIgniter\Database\BaseBuilder->insert()
#5 /opt/lampp/htdocs/proWebAPI/vendor/codeigniter4/framework/system/BaseModel.php(840): CodeIgniter\Model->doInsert(Array)
#6 /opt/lampp/htdocs/proWebAPI/vendor/codeigniter4/framework/system/Model.php(802): CodeIgniter\BaseModel->insert(Array, false)
#7 /opt/lampp/htdocs/proWebAPI/vendor/codeigniter4/framework/system/BaseModel.php(751): CodeIgniter\Model->insert(Array, false)
#8 /opt/lampp/htdocs/proWebAPI/app/Models/PrequalificationModel.php(93): CodeIgniter\BaseModel->save(Array)
#9 /opt/lampp/htdocs/proWebAPI/app/Controllers/PrequalificationsController.php(77): App\Models\PrequalificationModel->savePrequalification(Array)
#10 /opt/lampp/htdocs/proWebAPI/vendor/codeigniter4/framework/system/CodeIgniter.php(933): App\Controllers\PrequalificationsController->create()
#11 /opt/lampp/htdocs/proWebAPI/vendor/codeigniter4/framework/system/CodeIgniter.php(509): CodeIgniter\CodeIgniter->runController(Object(App\Controllers\PrequalificationsController))
#12 /opt/lampp/htdocs/proWebAPI/vendor/codeigniter4/framework/system/CodeIgniter.php(355): CodeIgniter\CodeIgniter->handleRequest(NULL, Object(Config\Cache), false)
#13 /opt/lampp/htdocs/proWebAPI/vendor/codeigniter4/framework/system/Boot.php(325): CodeIgniter\CodeIgniter->run()
#14 /opt/lampp/htdocs/proWebAPI/vendor/codeigniter4/framework/system/Boot.php(67): CodeIgniter\Boot::runCodeIgniter(Object(CodeIgniter\CodeIgniter))
#15 /opt/lampp/htdocs/proWebAPI/public/index.php(63): CodeIgniter\Boot::bootWeb(Object(Config\Paths))
#16 /opt/lampp/htdocs/proWebAPI/vendor/codeigniter4/framework/system/rewrite.php(44): require_once('/opt/lampp/htdo...')
#17 {main}
CRITICAL - 2024-10-15 02:42:17 --> ErrorException: Undefined variable $newPrequalificationId
[Method: POST, Route: api/prequalifications]
in APPPATH/Models/PrequalificationModel.php on line 147.
 1 APPPATH/Models/PrequalificationModel.php(147): CodeIgniter\Debug\Exceptions->errorHandler(2, 'Undefined variable $newPrequalificationId', '/opt/lampp/htdocs/proWebAPI/app/Models/PrequalificationModel.php', 147)
 2 APPPATH/Controllers/PrequalificationsController.php(77): App\Models\PrequalificationModel->savePrequalification([...])
 3 SYSTEMPATH/CodeIgniter.php(933): App\Controllers\PrequalificationsController->create()
 4 SYSTEMPATH/CodeIgniter.php(509): CodeIgniter\CodeIgniter->runController(Object(App\Controllers\PrequalificationsController))
 5 SYSTEMPATH/CodeIgniter.php(355): CodeIgniter\CodeIgniter->handleRequest(null, Object(Config\Cache), false)
 6 SYSTEMPATH/Boot.php(325): CodeIgniter\CodeIgniter->run()
 7 SYSTEMPATH/Boot.php(67): CodeIgniter\Boot::runCodeIgniter(Object(CodeIgniter\CodeIgniter))
 8 FCPATH/index.php(63): CodeIgniter\Boot::bootWeb(Object(Config\Paths))
 9 SYSTEMPATH/rewrite.php(44): require_once('/opt/lampp/htdocs/proWebAPI/public/index.php')
ERROR - 2024-10-15 02:42:41 --> mysqli_sql_exception: Unknown column 'created_by' in 'field list' in /opt/lampp/htdocs/proWebAPI/vendor/codeigniter4/framework/system/Database/MySQLi/Connection.php:312
Stack trace:
#0 /opt/lampp/htdocs/proWebAPI/vendor/codeigniter4/framework/system/Database/MySQLi/Connection.php(312): mysqli->query('INSERT INTO `pr...', 0)
#1 /opt/lampp/htdocs/proWebAPI/vendor/codeigniter4/framework/system/Database/BaseConnection.php(734): CodeIgniter\Database\MySQLi\Connection->execute('INSERT INTO `pr...')
#2 /opt/lampp/htdocs/proWebAPI/vendor/codeigniter4/framework/system/Database/BaseConnection.php(648): CodeIgniter\Database\BaseConnection->simpleQuery('INSERT INTO `pr...')
#3 /opt/lampp/htdocs/proWebAPI/vendor/codeigniter4/framework/system/Database/BaseBuilder.php(2340): CodeIgniter\Database\BaseConnection->query('INSERT INTO `pr...', Array, false)
#4 /opt/lampp/htdocs/proWebAPI/vendor/codeigniter4/framework/system/Model.php(394): CodeIgniter\Database\BaseBuilder->insert()
#5 /opt/lampp/htdocs/proWebAPI/vendor/codeigniter4/framework/system/BaseModel.php(840): CodeIgniter\Model->doInsert(Array)
#6 /opt/lampp/htdocs/proWebAPI/vendor/codeigniter4/framework/system/Model.php(802): CodeIgniter\BaseModel->insert(Array, false)
#7 /opt/lampp/htdocs/proWebAPI/vendor/codeigniter4/framework/system/BaseModel.php(751): CodeIgniter\Model->insert(Array, false)
#8 /opt/lampp/htdocs/proWebAPI/app/Models/PrequalificationModel.php(93): CodeIgniter\BaseModel->save(Array)
#9 /opt/lampp/htdocs/proWebAPI/app/Controllers/PrequalificationsController.php(77): App\Models\PrequalificationModel->savePrequalification(Array)
#10 /opt/lampp/htdocs/proWebAPI/vendor/codeigniter4/framework/system/CodeIgniter.php(933): App\Controllers\PrequalificationsController->create()
#11 /opt/lampp/htdocs/proWebAPI/vendor/codeigniter4/framework/system/CodeIgniter.php(509): CodeIgniter\CodeIgniter->runController(Object(App\Controllers\PrequalificationsController))
#12 /opt/lampp/htdocs/proWebAPI/vendor/codeigniter4/framework/system/CodeIgniter.php(355): CodeIgniter\CodeIgniter->handleRequest(NULL, Object(Config\Cache), false)
#13 /opt/lampp/htdocs/proWebAPI/vendor/codeigniter4/framework/system/Boot.php(325): CodeIgniter\CodeIgniter->run()
#14 /opt/lampp/htdocs/proWebAPI/vendor/codeigniter4/framework/system/Boot.php(67): CodeIgniter\Boot::runCodeIgniter(Object(CodeIgniter\CodeIgniter))
#15 /opt/lampp/htdocs/proWebAPI/public/index.php(63): CodeIgniter\Boot::bootWeb(Object(Config\Paths))
#16 /opt/lampp/htdocs/proWebAPI/vendor/codeigniter4/framework/system/rewrite.php(44): require_once('/opt/lampp/htdo...')
#17 {main}
ERROR - 2024-10-15 02:44:41 --> mysqli_sql_exception: Unknown column 'created_by' in 'field list' in /opt/lampp/htdocs/proWebAPI/vendor/codeigniter4/framework/system/Database/MySQLi/Connection.php:312
Stack trace:
#0 /opt/lampp/htdocs/proWebAPI/vendor/codeigniter4/framework/system/Database/MySQLi/Connection.php(312): mysqli->query('INSERT INTO `pr...', 0)
#1 /opt/lampp/htdocs/proWebAPI/vendor/codeigniter4/framework/system/Database/BaseConnection.php(734): CodeIgniter\Database\MySQLi\Connection->execute('INSERT INTO `pr...')
#2 /opt/lampp/htdocs/proWebAPI/vendor/codeigniter4/framework/system/Database/BaseConnection.php(648): CodeIgniter\Database\BaseConnection->simpleQuery('INSERT INTO `pr...')
#3 /opt/lampp/htdocs/proWebAPI/vendor/codeigniter4/framework/system/Database/BaseBuilder.php(2340): CodeIgniter\Database\BaseConnection->query('INSERT INTO `pr...', Array, false)
#4 /opt/lampp/htdocs/proWebAPI/vendor/codeigniter4/framework/system/Model.php(394): CodeIgniter\Database\BaseBuilder->insert()
#5 /opt/lampp/htdocs/proWebAPI/vendor/codeigniter4/framework/system/BaseModel.php(840): CodeIgniter\Model->doInsert(Array)
#6 /opt/lampp/htdocs/proWebAPI/vendor/codeigniter4/framework/system/Model.php(802): CodeIgniter\BaseModel->insert(Array, false)
#7 /opt/lampp/htdocs/proWebAPI/vendor/codeigniter4/framework/system/BaseModel.php(751): CodeIgniter\Model->insert(Array, false)
#8 /opt/lampp/htdocs/proWebAPI/app/Models/PrequalificationModel.php(93): CodeIgniter\BaseModel->save(Array)
#9 /opt/lampp/htdocs/proWebAPI/app/Controllers/PrequalificationsController.php(77): App\Models\PrequalificationModel->savePrequalification(Array)
#10 /opt/lampp/htdocs/proWebAPI/vendor/codeigniter4/framework/system/CodeIgniter.php(933): App\Controllers\PrequalificationsController->create()
#11 /opt/lampp/htdocs/proWebAPI/vendor/codeigniter4/framework/system/CodeIgniter.php(509): CodeIgniter\CodeIgniter->runController(Object(App\Controllers\PrequalificationsController))
#12 /opt/lampp/htdocs/proWebAPI/vendor/codeigniter4/framework/system/CodeIgniter.php(355): CodeIgniter\CodeIgniter->handleRequest(NULL, Object(Config\Cache), false)
#13 /opt/lampp/htdocs/proWebAPI/vendor/codeigniter4/framework/system/Boot.php(325): CodeIgniter\CodeIgniter->run()
#14 /opt/lampp/htdocs/proWebAPI/vendor/codeigniter4/framework/system/Boot.php(67): CodeIgniter\Boot::runCodeIgniter(Object(CodeIgniter\CodeIgniter))
#15 /opt/lampp/htdocs/proWebAPI/public/index.php(63): CodeIgniter\Boot::bootWeb(Object(Config\Paths))
#16 /opt/lampp/htdocs/proWebAPI/vendor/codeigniter4/framework/system/rewrite.php(44): require_once('/opt/lampp/htdo...')
#17 {main}
ERROR - 2024-10-15 02:46:00 --> mysqli_sql_exception: Unknown column 'created_by' in 'field list' in /opt/lampp/htdocs/proWebAPI/vendor/codeigniter4/framework/system/Database/MySQLi/Connection.php:312
Stack trace:
#0 /opt/lampp/htdocs/proWebAPI/vendor/codeigniter4/framework/system/Database/MySQLi/Connection.php(312): mysqli->query('INSERT INTO `pr...', 0)
#1 /opt/lampp/htdocs/proWebAPI/vendor/codeigniter4/framework/system/Database/BaseConnection.php(734): CodeIgniter\Database\MySQLi\Connection->execute('INSERT INTO `pr...')
#2 /opt/lampp/htdocs/proWebAPI/vendor/codeigniter4/framework/system/Database/BaseConnection.php(648): CodeIgniter\Database\BaseConnection->simpleQuery('INSERT INTO `pr...')
#3 /opt/lampp/htdocs/proWebAPI/vendor/codeigniter4/framework/system/Database/BaseBuilder.php(2340): CodeIgniter\Database\BaseConnection->query('INSERT INTO `pr...', Array, false)
#4 /opt/lampp/htdocs/proWebAPI/vendor/codeigniter4/framework/system/Model.php(394): CodeIgniter\Database\BaseBuilder->insert()
#5 /opt/lampp/htdocs/proWebAPI/vendor/codeigniter4/framework/system/BaseModel.php(840): CodeIgniter\Model->doInsert(Array)
#6 /opt/lampp/htdocs/proWebAPI/vendor/codeigniter4/framework/system/Model.php(802): CodeIgniter\BaseModel->insert(Array, false)
#7 /opt/lampp/htdocs/proWebAPI/vendor/codeigniter4/framework/system/BaseModel.php(751): CodeIgniter\Model->insert(Array, false)
#8 /opt/lampp/htdocs/proWebAPI/app/Models/PrequalificationModel.php(93): CodeIgniter\BaseModel->save(Array)
#9 /opt/lampp/htdocs/proWebAPI/app/Controllers/PrequalificationsController.php(77): App\Models\PrequalificationModel->savePrequalification(Array)
#10 /opt/lampp/htdocs/proWebAPI/vendor/codeigniter4/framework/system/CodeIgniter.php(933): App\Controllers\PrequalificationsController->create()
#11 /opt/lampp/htdocs/proWebAPI/vendor/codeigniter4/framework/system/CodeIgniter.php(509): CodeIgniter\CodeIgniter->runController(Object(App\Controllers\PrequalificationsController))
#12 /opt/lampp/htdocs/proWebAPI/vendor/codeigniter4/framework/system/CodeIgniter.php(355): CodeIgniter\CodeIgniter->handleRequest(NULL, Object(Config\Cache), false)
#13 /opt/lampp/htdocs/proWebAPI/vendor/codeigniter4/framework/system/Boot.php(325): CodeIgniter\CodeIgniter->run()
#14 /opt/lampp/htdocs/proWebAPI/vendor/codeigniter4/framework/system/Boot.php(67): CodeIgniter\Boot::runCodeIgniter(Object(CodeIgniter\CodeIgniter))
#15 /opt/lampp/htdocs/proWebAPI/public/index.php(63): CodeIgniter\Boot::bootWeb(Object(Config\Paths))
#16 /opt/lampp/htdocs/proWebAPI/vendor/codeigniter4/framework/system/rewrite.php(44): require_once('/opt/lampp/htdo...')
#17 {main}
ERROR - 2024-10-15 02:46:02 --> mysqli_sql_exception: Unknown column 'created_by' in 'field list' in /opt/lampp/htdocs/proWebAPI/vendor/codeigniter4/framework/system/Database/MySQLi/Connection.php:312
Stack trace:
#0 /opt/lampp/htdocs/proWebAPI/vendor/codeigniter4/framework/system/Database/MySQLi/Connection.php(312): mysqli->query('INSERT INTO `pr...', 0)
#1 /opt/lampp/htdocs/proWebAPI/vendor/codeigniter4/framework/system/Database/BaseConnection.php(734): CodeIgniter\Database\MySQLi\Connection->execute('INSERT INTO `pr...')
#2 /opt/lampp/htdocs/proWebAPI/vendor/codeigniter4/framework/system/Database/BaseConnection.php(648): CodeIgniter\Database\BaseConnection->simpleQuery('INSERT INTO `pr...')
#3 /opt/lampp/htdocs/proWebAPI/vendor/codeigniter4/framework/system/Database/BaseBuilder.php(2340): CodeIgniter\Database\BaseConnection->query('INSERT INTO `pr...', Array, false)
#4 /opt/lampp/htdocs/proWebAPI/vendor/codeigniter4/framework/system/Model.php(394): CodeIgniter\Database\BaseBuilder->insert()
#5 /opt/lampp/htdocs/proWebAPI/vendor/codeigniter4/framework/system/BaseModel.php(840): CodeIgniter\Model->doInsert(Array)
#6 /opt/lampp/htdocs/proWebAPI/vendor/codeigniter4/framework/system/Model.php(802): CodeIgniter\BaseModel->insert(Array, false)
#7 /opt/lampp/htdocs/proWebAPI/vendor/codeigniter4/framework/system/BaseModel.php(751): CodeIgniter\Model->insert(Array, false)
#8 /opt/lampp/htdocs/proWebAPI/app/Models/PrequalificationModel.php(93): CodeIgniter\BaseModel->save(Array)
#9 /opt/lampp/htdocs/proWebAPI/app/Controllers/PrequalificationsController.php(77): App\Models\PrequalificationModel->savePrequalification(Array)
#10 /opt/lampp/htdocs/proWebAPI/vendor/codeigniter4/framework/system/CodeIgniter.php(933): App\Controllers\PrequalificationsController->create()
#11 /opt/lampp/htdocs/proWebAPI/vendor/codeigniter4/framework/system/CodeIgniter.php(509): CodeIgniter\CodeIgniter->runController(Object(App\Controllers\PrequalificationsController))
#12 /opt/lampp/htdocs/proWebAPI/vendor/codeigniter4/framework/system/CodeIgniter.php(355): CodeIgniter\CodeIgniter->handleRequest(NULL, Object(Config\Cache), false)
#13 /opt/lampp/htdocs/proWebAPI/vendor/codeigniter4/framework/system/Boot.php(325): CodeIgniter\CodeIgniter->run()
#14 /opt/lampp/htdocs/proWebAPI/vendor/codeigniter4/framework/system/Boot.php(67): CodeIgniter\Boot::runCodeIgniter(Object(CodeIgniter\CodeIgniter))
#15 /opt/lampp/htdocs/proWebAPI/public/index.php(63): CodeIgniter\Boot::bootWeb(Object(Config\Paths))
#16 /opt/lampp/htdocs/proWebAPI/vendor/codeigniter4/framework/system/rewrite.php(44): require_once('/opt/lampp/htdo...')
#17 {main}
ERROR - 2024-10-15 02:47:15 --> mysqli_sql_exception: Unknown column 'created_by' in 'field list' in /opt/lampp/htdocs/proWebAPI/vendor/codeigniter4/framework/system/Database/MySQLi/Connection.php:312
Stack trace:
#0 /opt/lampp/htdocs/proWebAPI/vendor/codeigniter4/framework/system/Database/MySQLi/Connection.php(312): mysqli->query('INSERT INTO `pr...', 0)
#1 /opt/lampp/htdocs/proWebAPI/vendor/codeigniter4/framework/system/Database/BaseConnection.php(734): CodeIgniter\Database\MySQLi\Connection->execute('INSERT INTO `pr...')
#2 /opt/lampp/htdocs/proWebAPI/vendor/codeigniter4/framework/system/Database/BaseConnection.php(648): CodeIgniter\Database\BaseConnection->simpleQuery('INSERT INTO `pr...')
#3 /opt/lampp/htdocs/proWebAPI/vendor/codeigniter4/framework/system/Database/BaseBuilder.php(2340): CodeIgniter\Database\BaseConnection->query('INSERT INTO `pr...', Array, false)
#4 /opt/lampp/htdocs/proWebAPI/vendor/codeigniter4/framework/system/Model.php(394): CodeIgniter\Database\BaseBuilder->insert()
#5 /opt/lampp/htdocs/proWebAPI/vendor/codeigniter4/framework/system/BaseModel.php(840): CodeIgniter\Model->doInsert(Array)
#6 /opt/lampp/htdocs/proWebAPI/vendor/codeigniter4/framework/system/Model.php(802): CodeIgniter\BaseModel->insert(Array, false)
#7 /opt/lampp/htdocs/proWebAPI/vendor/codeigniter4/framework/system/BaseModel.php(751): CodeIgniter\Model->insert(Array, false)
#8 /opt/lampp/htdocs/proWebAPI/app/Models/PrequalificationModel.php(93): CodeIgniter\BaseModel->save(Array)
#9 /opt/lampp/htdocs/proWebAPI/app/Controllers/PrequalificationsController.php(77): App\Models\PrequalificationModel->savePrequalification(Array)
#10 /opt/lampp/htdocs/proWebAPI/vendor/codeigniter4/framework/system/CodeIgniter.php(933): App\Controllers\PrequalificationsController->create()
#11 /opt/lampp/htdocs/proWebAPI/vendor/codeigniter4/framework/system/CodeIgniter.php(509): CodeIgniter\CodeIgniter->runController(Object(App\Controllers\PrequalificationsController))
#12 /opt/lampp/htdocs/proWebAPI/vendor/codeigniter4/framework/system/CodeIgniter.php(355): CodeIgniter\CodeIgniter->handleRequest(NULL, Object(Config\Cache), false)
#13 /opt/lampp/htdocs/proWebAPI/vendor/codeigniter4/framework/system/Boot.php(325): CodeIgniter\CodeIgniter->run()
#14 /opt/lampp/htdocs/proWebAPI/vendor/codeigniter4/framework/system/Boot.php(67): CodeIgniter\Boot::runCodeIgniter(Object(CodeIgniter\CodeIgniter))
#15 /opt/lampp/htdocs/proWebAPI/public/index.php(63): CodeIgniter\Boot::bootWeb(Object(Config\Paths))
#16 /opt/lampp/htdocs/proWebAPI/vendor/codeigniter4/framework/system/rewrite.php(44): require_once('/opt/lampp/htdo...')
#17 {main}
ERROR - 2024-10-15 02:48:11 --> mysqli_sql_exception: Unknown column 'created_by' in 'field list' in /opt/lampp/htdocs/proWebAPI/vendor/codeigniter4/framework/system/Database/MySQLi/Connection.php:312
Stack trace:
#0 /opt/lampp/htdocs/proWebAPI/vendor/codeigniter4/framework/system/Database/MySQLi/Connection.php(312): mysqli->query('INSERT INTO `pr...', 0)
#1 /opt/lampp/htdocs/proWebAPI/vendor/codeigniter4/framework/system/Database/BaseConnection.php(734): CodeIgniter\Database\MySQLi\Connection->execute('INSERT INTO `pr...')
#2 /opt/lampp/htdocs/proWebAPI/vendor/codeigniter4/framework/system/Database/BaseConnection.php(648): CodeIgniter\Database\BaseConnection->simpleQuery('INSERT INTO `pr...')
#3 /opt/lampp/htdocs/proWebAPI/vendor/codeigniter4/framework/system/Database/BaseBuilder.php(2340): CodeIgniter\Database\BaseConnection->query('INSERT INTO `pr...', Array, false)
#4 /opt/lampp/htdocs/proWebAPI/vendor/codeigniter4/framework/system/Model.php(394): CodeIgniter\Database\BaseBuilder->insert()
#5 /opt/lampp/htdocs/proWebAPI/vendor/codeigniter4/framework/system/BaseModel.php(840): CodeIgniter\Model->doInsert(Array)
#6 /opt/lampp/htdocs/proWebAPI/vendor/codeigniter4/framework/system/Model.php(802): CodeIgniter\BaseModel->insert(Array, false)
#7 /opt/lampp/htdocs/proWebAPI/vendor/codeigniter4/framework/system/BaseModel.php(751): CodeIgniter\Model->insert(Array, false)
#8 /opt/lampp/htdocs/proWebAPI/app/Models/PrequalificationModel.php(93): CodeIgniter\BaseModel->save(Array)
#9 /opt/lampp/htdocs/proWebAPI/app/Controllers/PrequalificationsController.php(77): App\Models\PrequalificationModel->savePrequalification(Array)
#10 /opt/lampp/htdocs/proWebAPI/vendor/codeigniter4/framework/system/CodeIgniter.php(933): App\Controllers\PrequalificationsController->create()
#11 /opt/lampp/htdocs/proWebAPI/vendor/codeigniter4/framework/system/CodeIgniter.php(509): CodeIgniter\CodeIgniter->runController(Object(App\Controllers\PrequalificationsController))
#12 /opt/lampp/htdocs/proWebAPI/vendor/codeigniter4/framework/system/CodeIgniter.php(355): CodeIgniter\CodeIgniter->handleRequest(NULL, Object(Config\Cache), false)
#13 /opt/lampp/htdocs/proWebAPI/vendor/codeigniter4/framework/system/Boot.php(325): CodeIgniter\CodeIgniter->run()
#14 /opt/lampp/htdocs/proWebAPI/vendor/codeigniter4/framework/system/Boot.php(67): CodeIgniter\Boot::runCodeIgniter(Object(CodeIgniter\CodeIgniter))
#15 /opt/lampp/htdocs/proWebAPI/public/index.php(63): CodeIgniter\Boot::bootWeb(Object(Config\Paths))
#16 /opt/lampp/htdocs/proWebAPI/vendor/codeigniter4/framework/system/rewrite.php(44): require_once('/opt/lampp/htdo...')
#17 {main}
ERROR - 2024-10-15 02:53:26 --> mysqli_sql_exception: Unknown column 'created_by' in 'field list' in /opt/lampp/htdocs/proWebAPI/vendor/codeigniter4/framework/system/Database/MySQLi/Connection.php:312
Stack trace:
#0 /opt/lampp/htdocs/proWebAPI/vendor/codeigniter4/framework/system/Database/MySQLi/Connection.php(312): mysqli->query('INSERT INTO `pr...', 0)
#1 /opt/lampp/htdocs/proWebAPI/vendor/codeigniter4/framework/system/Database/BaseConnection.php(734): CodeIgniter\Database\MySQLi\Connection->execute('INSERT INTO `pr...')
#2 /opt/lampp/htdocs/proWebAPI/vendor/codeigniter4/framework/system/Database/BaseConnection.php(648): CodeIgniter\Database\BaseConnection->simpleQuery('INSERT INTO `pr...')
#3 /opt/lampp/htdocs/proWebAPI/vendor/codeigniter4/framework/system/Database/BaseBuilder.php(2340): CodeIgniter\Database\BaseConnection->query('INSERT INTO `pr...', Array, false)
#4 /opt/lampp/htdocs/proWebAPI/vendor/codeigniter4/framework/system/Model.php(394): CodeIgniter\Database\BaseBuilder->insert()
#5 /opt/lampp/htdocs/proWebAPI/vendor/codeigniter4/framework/system/BaseModel.php(840): CodeIgniter\Model->doInsert(Array)
#6 /opt/lampp/htdocs/proWebAPI/vendor/codeigniter4/framework/system/Model.php(802): CodeIgniter\BaseModel->insert(Array, false)
#7 /opt/lampp/htdocs/proWebAPI/vendor/codeigniter4/framework/system/BaseModel.php(751): CodeIgniter\Model->insert(Array, false)
#8 /opt/lampp/htdocs/proWebAPI/app/Models/PrequalificationModel.php(93): CodeIgniter\BaseModel->save(Array)
#9 /opt/lampp/htdocs/proWebAPI/app/Controllers/PrequalificationsController.php(77): App\Models\PrequalificationModel->savePrequalification(Array)
#10 /opt/lampp/htdocs/proWebAPI/vendor/codeigniter4/framework/system/CodeIgniter.php(933): App\Controllers\PrequalificationsController->create()
#11 /opt/lampp/htdocs/proWebAPI/vendor/codeigniter4/framework/system/CodeIgniter.php(509): CodeIgniter\CodeIgniter->runController(Object(App\Controllers\PrequalificationsController))
#12 /opt/lampp/htdocs/proWebAPI/vendor/codeigniter4/framework/system/CodeIgniter.php(355): CodeIgniter\CodeIgniter->handleRequest(NULL, Object(Config\Cache), false)
#13 /opt/lampp/htdocs/proWebAPI/vendor/codeigniter4/framework/system/Boot.php(325): CodeIgniter\CodeIgniter->run()
#14 /opt/lampp/htdocs/proWebAPI/vendor/codeigniter4/framework/system/Boot.php(67): CodeIgniter\Boot::runCodeIgniter(Object(CodeIgniter\CodeIgniter))
#15 /opt/lampp/htdocs/proWebAPI/public/index.php(63): CodeIgniter\Boot::bootWeb(Object(Config\Paths))
#16 /opt/lampp/htdocs/proWebAPI/vendor/codeigniter4/framework/system/rewrite.php(44): require_once('/opt/lampp/htdo...')
#17 {main}
ERROR - 2024-10-15 02:53:47 --> mysqli_sql_exception: Unknown column 'created_by' in 'field list' in /opt/lampp/htdocs/proWebAPI/vendor/codeigniter4/framework/system/Database/MySQLi/Connection.php:312
Stack trace:
#0 /opt/lampp/htdocs/proWebAPI/vendor/codeigniter4/framework/system/Database/MySQLi/Connection.php(312): mysqli->query('INSERT INTO `pr...', 0)
#1 /opt/lampp/htdocs/proWebAPI/vendor/codeigniter4/framework/system/Database/BaseConnection.php(734): CodeIgniter\Database\MySQLi\Connection->execute('INSERT INTO `pr...')
#2 /opt/lampp/htdocs/proWebAPI/vendor/codeigniter4/framework/system/Database/BaseConnection.php(648): CodeIgniter\Database\BaseConnection->simpleQuery('INSERT INTO `pr...')
#3 /opt/lampp/htdocs/proWebAPI/vendor/codeigniter4/framework/system/Database/BaseBuilder.php(2340): CodeIgniter\Database\BaseConnection->query('INSERT INTO `pr...', Array, false)
#4 /opt/lampp/htdocs/proWebAPI/vendor/codeigniter4/framework/system/Model.php(394): CodeIgniter\Database\BaseBuilder->insert()
#5 /opt/lampp/htdocs/proWebAPI/vendor/codeigniter4/framework/system/BaseModel.php(840): CodeIgniter\Model->doInsert(Array)
#6 /opt/lampp/htdocs/proWebAPI/vendor/codeigniter4/framework/system/Model.php(802): CodeIgniter\BaseModel->insert(Array, false)
#7 /opt/lampp/htdocs/proWebAPI/vendor/codeigniter4/framework/system/BaseModel.php(751): CodeIgniter\Model->insert(Array, false)
#8 /opt/lampp/htdocs/proWebAPI/app/Models/PrequalificationModel.php(93): CodeIgniter\BaseModel->save(Array)
#9 /opt/lampp/htdocs/proWebAPI/app/Controllers/PrequalificationsController.php(77): App\Models\PrequalificationModel->savePrequalification(Array)
#10 /opt/lampp/htdocs/proWebAPI/vendor/codeigniter4/framework/system/CodeIgniter.php(933): App\Controllers\PrequalificationsController->create()
#11 /opt/lampp/htdocs/proWebAPI/vendor/codeigniter4/framework/system/CodeIgniter.php(509): CodeIgniter\CodeIgniter->runController(Object(App\Controllers\PrequalificationsController))
#12 /opt/lampp/htdocs/proWebAPI/vendor/codeigniter4/framework/system/CodeIgniter.php(355): CodeIgniter\CodeIgniter->handleRequest(NULL, Object(Config\Cache), false)
#13 /opt/lampp/htdocs/proWebAPI/vendor/codeigniter4/framework/system/Boot.php(325): CodeIgniter\CodeIgniter->run()
#14 /opt/lampp/htdocs/proWebAPI/vendor/codeigniter4/framework/system/Boot.php(67): CodeIgniter\Boot::runCodeIgniter(Object(CodeIgniter\CodeIgniter))
#15 /opt/lampp/htdocs/proWebAPI/public/index.php(63): CodeIgniter\Boot::bootWeb(Object(Config\Paths))
#16 /opt/lampp/htdocs/proWebAPI/vendor/codeigniter4/framework/system/rewrite.php(44): require_once('/opt/lampp/htdo...')
#17 {main}
ERROR - 2024-10-15 02:54:57 --> mysqli_sql_exception: Unknown column 'created_by' in 'field list' in /opt/lampp/htdocs/proWebAPI/vendor/codeigniter4/framework/system/Database/MySQLi/Connection.php:312
Stack trace:
#0 /opt/lampp/htdocs/proWebAPI/vendor/codeigniter4/framework/system/Database/MySQLi/Connection.php(312): mysqli->query('INSERT INTO `pr...', 0)
#1 /opt/lampp/htdocs/proWebAPI/vendor/codeigniter4/framework/system/Database/BaseConnection.php(734): CodeIgniter\Database\MySQLi\Connection->execute('INSERT INTO `pr...')
#2 /opt/lampp/htdocs/proWebAPI/vendor/codeigniter4/framework/system/Database/BaseConnection.php(648): CodeIgniter\Database\BaseConnection->simpleQuery('INSERT INTO `pr...')
#3 /opt/lampp/htdocs/proWebAPI/vendor/codeigniter4/framework/system/Database/BaseBuilder.php(2340): CodeIgniter\Database\BaseConnection->query('INSERT INTO `pr...', Array, false)
#4 /opt/lampp/htdocs/proWebAPI/vendor/codeigniter4/framework/system/Model.php(394): CodeIgniter\Database\BaseBuilder->insert()
#5 /opt/lampp/htdocs/proWebAPI/vendor/codeigniter4/framework/system/BaseModel.php(840): CodeIgniter\Model->doInsert(Array)
#6 /opt/lampp/htdocs/proWebAPI/vendor/codeigniter4/framework/system/Model.php(802): CodeIgniter\BaseModel->insert(Array, false)
#7 /opt/lampp/htdocs/proWebAPI/vendor/codeigniter4/framework/system/BaseModel.php(751): CodeIgniter\Model->insert(Array, false)
#8 /opt/lampp/htdocs/proWebAPI/app/Models/PrequalificationModel.php(93): CodeIgniter\BaseModel->save(Array)
#9 /opt/lampp/htdocs/proWebAPI/app/Controllers/PrequalificationsController.php(77): App\Models\PrequalificationModel->savePrequalification(Array)
#10 /opt/lampp/htdocs/proWebAPI/vendor/codeigniter4/framework/system/CodeIgniter.php(933): App\Controllers\PrequalificationsController->create()
#11 /opt/lampp/htdocs/proWebAPI/vendor/codeigniter4/framework/system/CodeIgniter.php(509): CodeIgniter\CodeIgniter->runController(Object(App\Controllers\PrequalificationsController))
#12 /opt/lampp/htdocs/proWebAPI/vendor/codeigniter4/framework/system/CodeIgniter.php(355): CodeIgniter\CodeIgniter->handleRequest(NULL, Object(Config\Cache), false)
#13 /opt/lampp/htdocs/proWebAPI/vendor/codeigniter4/framework/system/Boot.php(325): CodeIgniter\CodeIgniter->run()
#14 /opt/lampp/htdocs/proWebAPI/vendor/codeigniter4/framework/system/Boot.php(67): CodeIgniter\Boot::runCodeIgniter(Object(CodeIgniter\CodeIgniter))
#15 /opt/lampp/htdocs/proWebAPI/public/index.php(63): CodeIgniter\Boot::bootWeb(Object(Config\Paths))
#16 /opt/lampp/htdocs/proWebAPI/vendor/codeigniter4/framework/system/rewrite.php(44): require_once('/opt/lampp/htdo...')
#17 {main}
ERROR - 2024-10-15 02:57:31 --> mysqli_sql_exception: Unknown column 'created_by' in 'field list' in /opt/lampp/htdocs/proWebAPI/vendor/codeigniter4/framework/system/Database/MySQLi/Connection.php:312
Stack trace:
#0 /opt/lampp/htdocs/proWebAPI/vendor/codeigniter4/framework/system/Database/MySQLi/Connection.php(312): mysqli->query('INSERT INTO `pr...', 0)
#1 /opt/lampp/htdocs/proWebAPI/vendor/codeigniter4/framework/system/Database/BaseConnection.php(734): CodeIgniter\Database\MySQLi\Connection->execute('INSERT INTO `pr...')
#2 /opt/lampp/htdocs/proWebAPI/vendor/codeigniter4/framework/system/Database/BaseConnection.php(648): CodeIgniter\Database\BaseConnection->simpleQuery('INSERT INTO `pr...')
#3 /opt/lampp/htdocs/proWebAPI/vendor/codeigniter4/framework/system/Database/BaseBuilder.php(2340): CodeIgniter\Database\BaseConnection->query('INSERT INTO `pr...', Array, false)
#4 /opt/lampp/htdocs/proWebAPI/vendor/codeigniter4/framework/system/Model.php(394): CodeIgniter\Database\BaseBuilder->insert()
#5 /opt/lampp/htdocs/proWebAPI/vendor/codeigniter4/framework/system/BaseModel.php(840): CodeIgniter\Model->doInsert(Array)
#6 /opt/lampp/htdocs/proWebAPI/vendor/codeigniter4/framework/system/Model.php(802): CodeIgniter\BaseModel->insert(Array, false)
#7 /opt/lampp/htdocs/proWebAPI/vendor/codeigniter4/framework/system/BaseModel.php(751): CodeIgniter\Model->insert(Array, false)
#8 /opt/lampp/htdocs/proWebAPI/app/Models/PrequalificationModel.php(93): CodeIgniter\BaseModel->save(Array)
#9 /opt/lampp/htdocs/proWebAPI/app/Controllers/PrequalificationsController.php(77): App\Models\PrequalificationModel->savePrequalification(Array)
#10 /opt/lampp/htdocs/proWebAPI/vendor/codeigniter4/framework/system/CodeIgniter.php(933): App\Controllers\PrequalificationsController->create()
#11 /opt/lampp/htdocs/proWebAPI/vendor/codeigniter4/framework/system/CodeIgniter.php(509): CodeIgniter\CodeIgniter->runController(Object(App\Controllers\PrequalificationsController))
#12 /opt/lampp/htdocs/proWebAPI/vendor/codeigniter4/framework/system/CodeIgniter.php(355): CodeIgniter\CodeIgniter->handleRequest(NULL, Object(Config\Cache), false)
#13 /opt/lampp/htdocs/proWebAPI/vendor/codeigniter4/framework/system/Boot.php(325): CodeIgniter\CodeIgniter->run()
#14 /opt/lampp/htdocs/proWebAPI/vendor/codeigniter4/framework/system/Boot.php(67): CodeIgniter\Boot::runCodeIgniter(Object(CodeIgniter\CodeIgniter))
#15 /opt/lampp/htdocs/proWebAPI/public/index.php(63): CodeIgniter\Boot::bootWeb(Object(Config\Paths))
#16 /opt/lampp/htdocs/proWebAPI/vendor/codeigniter4/framework/system/rewrite.php(44): require_once('/opt/lampp/htdo...')
#17 {main}
ERROR - 2024-10-15 02:58:03 --> mysqli_sql_exception: Unknown column 'created_by' in 'field list' in /opt/lampp/htdocs/proWebAPI/vendor/codeigniter4/framework/system/Database/MySQLi/Connection.php:312
Stack trace:
#0 /opt/lampp/htdocs/proWebAPI/vendor/codeigniter4/framework/system/Database/MySQLi/Connection.php(312): mysqli->query('INSERT INTO `pr...', 0)
#1 /opt/lampp/htdocs/proWebAPI/vendor/codeigniter4/framework/system/Database/BaseConnection.php(734): CodeIgniter\Database\MySQLi\Connection->execute('INSERT INTO `pr...')
#2 /opt/lampp/htdocs/proWebAPI/vendor/codeigniter4/framework/system/Database/BaseConnection.php(648): CodeIgniter\Database\BaseConnection->simpleQuery('INSERT INTO `pr...')
#3 /opt/lampp/htdocs/proWebAPI/vendor/codeigniter4/framework/system/Database/BaseBuilder.php(2340): CodeIgniter\Database\BaseConnection->query('INSERT INTO `pr...', Array, false)
#4 /opt/lampp/htdocs/proWebAPI/vendor/codeigniter4/framework/system/Model.php(394): CodeIgniter\Database\BaseBuilder->insert()
#5 /opt/lampp/htdocs/proWebAPI/vendor/codeigniter4/framework/system/BaseModel.php(840): CodeIgniter\Model->doInsert(Array)
#6 /opt/lampp/htdocs/proWebAPI/vendor/codeigniter4/framework/system/Model.php(802): CodeIgniter\BaseModel->insert(Array, false)
#7 /opt/lampp/htdocs/proWebAPI/vendor/codeigniter4/framework/system/BaseModel.php(751): CodeIgniter\Model->insert(Array, false)
#8 /opt/lampp/htdocs/proWebAPI/app/Models/PrequalificationModel.php(93): CodeIgniter\BaseModel->save(Array)
#9 /opt/lampp/htdocs/proWebAPI/app/Controllers/PrequalificationsController.php(77): App\Models\PrequalificationModel->savePrequalification(Array)
#10 /opt/lampp/htdocs/proWebAPI/vendor/codeigniter4/framework/system/CodeIgniter.php(933): App\Controllers\PrequalificationsController->create()
#11 /opt/lampp/htdocs/proWebAPI/vendor/codeigniter4/framework/system/CodeIgniter.php(509): CodeIgniter\CodeIgniter->runController(Object(App\Controllers\PrequalificationsController))
#12 /opt/lampp/htdocs/proWebAPI/vendor/codeigniter4/framework/system/CodeIgniter.php(355): CodeIgniter\CodeIgniter->handleRequest(NULL, Object(Config\Cache), false)
#13 /opt/lampp/htdocs/proWebAPI/vendor/codeigniter4/framework/system/Boot.php(325): CodeIgniter\CodeIgniter->run()
#14 /opt/lampp/htdocs/proWebAPI/vendor/codeigniter4/framework/system/Boot.php(67): CodeIgniter\Boot::runCodeIgniter(Object(CodeIgniter\CodeIgniter))
#15 /opt/lampp/htdocs/proWebAPI/public/index.php(63): CodeIgniter\Boot::bootWeb(Object(Config\Paths))
#16 /opt/lampp/htdocs/proWebAPI/vendor/codeigniter4/framework/system/rewrite.php(44): require_once('/opt/lampp/htdo...')
#17 {main}
ERROR - 2024-10-15 02:58:07 --> mysqli_sql_exception: Unknown column 'created_by' in 'field list' in /opt/lampp/htdocs/proWebAPI/vendor/codeigniter4/framework/system/Database/MySQLi/Connection.php:312
Stack trace:
#0 /opt/lampp/htdocs/proWebAPI/vendor/codeigniter4/framework/system/Database/MySQLi/Connection.php(312): mysqli->query('INSERT INTO `pr...', 0)
#1 /opt/lampp/htdocs/proWebAPI/vendor/codeigniter4/framework/system/Database/BaseConnection.php(734): CodeIgniter\Database\MySQLi\Connection->execute('INSERT INTO `pr...')
#2 /opt/lampp/htdocs/proWebAPI/vendor/codeigniter4/framework/system/Database/BaseConnection.php(648): CodeIgniter\Database\BaseConnection->simpleQuery('INSERT INTO `pr...')
#3 /opt/lampp/htdocs/proWebAPI/vendor/codeigniter4/framework/system/Database/BaseBuilder.php(2340): CodeIgniter\Database\BaseConnection->query('INSERT INTO `pr...', Array, false)
#4 /opt/lampp/htdocs/proWebAPI/vendor/codeigniter4/framework/system/Model.php(394): CodeIgniter\Database\BaseBuilder->insert()
#5 /opt/lampp/htdocs/proWebAPI/vendor/codeigniter4/framework/system/BaseModel.php(840): CodeIgniter\Model->doInsert(Array)
#6 /opt/lampp/htdocs/proWebAPI/vendor/codeigniter4/framework/system/Model.php(802): CodeIgniter\BaseModel->insert(Array, false)
#7 /opt/lampp/htdocs/proWebAPI/vendor/codeigniter4/framework/system/BaseModel.php(751): CodeIgniter\Model->insert(Array, false)
#8 /opt/lampp/htdocs/proWebAPI/app/Models/PrequalificationModel.php(93): CodeIgniter\BaseModel->save(Array)
#9 /opt/lampp/htdocs/proWebAPI/app/Controllers/PrequalificationsController.php(77): App\Models\PrequalificationModel->savePrequalification(Array)
#10 /opt/lampp/htdocs/proWebAPI/vendor/codeigniter4/framework/system/CodeIgniter.php(933): App\Controllers\PrequalificationsController->create()
#11 /opt/lampp/htdocs/proWebAPI/vendor/codeigniter4/framework/system/CodeIgniter.php(509): CodeIgniter\CodeIgniter->runController(Object(App\Controllers\PrequalificationsController))
#12 /opt/lampp/htdocs/proWebAPI/vendor/codeigniter4/framework/system/CodeIgniter.php(355): CodeIgniter\CodeIgniter->handleRequest(NULL, Object(Config\Cache), false)
#13 /opt/lampp/htdocs/proWebAPI/vendor/codeigniter4/framework/system/Boot.php(325): CodeIgniter\CodeIgniter->run()
#14 /opt/lampp/htdocs/proWebAPI/vendor/codeigniter4/framework/system/Boot.php(67): CodeIgniter\Boot::runCodeIgniter(Object(CodeIgniter\CodeIgniter))
#15 /opt/lampp/htdocs/proWebAPI/public/index.php(63): CodeIgniter\Boot::bootWeb(Object(Config\Paths))
#16 /opt/lampp/htdocs/proWebAPI/vendor/codeigniter4/framework/system/rewrite.php(44): require_once('/opt/lampp/htdo...')
#17 {main}
ERROR - 2024-10-15 02:59:40 --> mysqli_sql_exception: Unknown column 'created_by' in 'field list' in /opt/lampp/htdocs/proWebAPI/vendor/codeigniter4/framework/system/Database/MySQLi/Connection.php:312
Stack trace:
#0 /opt/lampp/htdocs/proWebAPI/vendor/codeigniter4/framework/system/Database/MySQLi/Connection.php(312): mysqli->query('INSERT INTO `pr...', 0)
#1 /opt/lampp/htdocs/proWebAPI/vendor/codeigniter4/framework/system/Database/BaseConnection.php(734): CodeIgniter\Database\MySQLi\Connection->execute('INSERT INTO `pr...')
#2 /opt/lampp/htdocs/proWebAPI/vendor/codeigniter4/framework/system/Database/BaseConnection.php(648): CodeIgniter\Database\BaseConnection->simpleQuery('INSERT INTO `pr...')
#3 /opt/lampp/htdocs/proWebAPI/vendor/codeigniter4/framework/system/Database/BaseBuilder.php(2340): CodeIgniter\Database\BaseConnection->query('INSERT INTO `pr...', Array, false)
#4 /opt/lampp/htdocs/proWebAPI/vendor/codeigniter4/framework/system/Model.php(394): CodeIgniter\Database\BaseBuilder->insert()
#5 /opt/lampp/htdocs/proWebAPI/vendor/codeigniter4/framework/system/BaseModel.php(840): CodeIgniter\Model->doInsert(Array)
#6 /opt/lampp/htdocs/proWebAPI/vendor/codeigniter4/framework/system/Model.php(802): CodeIgniter\BaseModel->insert(Array, false)
#7 /opt/lampp/htdocs/proWebAPI/vendor/codeigniter4/framework/system/BaseModel.php(751): CodeIgniter\Model->insert(Array, false)
#8 /opt/lampp/htdocs/proWebAPI/app/Models/PrequalificationModel.php(93): CodeIgniter\BaseModel->save(Array)
#9 /opt/lampp/htdocs/proWebAPI/app/Controllers/PrequalificationsController.php(77): App\Models\PrequalificationModel->savePrequalification(Array)
#10 /opt/lampp/htdocs/proWebAPI/vendor/codeigniter4/framework/system/CodeIgniter.php(933): App\Controllers\PrequalificationsController->create()
#11 /opt/lampp/htdocs/proWebAPI/vendor/codeigniter4/framework/system/CodeIgniter.php(509): CodeIgniter\CodeIgniter->runController(Object(App\Controllers\PrequalificationsController))
#12 /opt/lampp/htdocs/proWebAPI/vendor/codeigniter4/framework/system/CodeIgniter.php(355): CodeIgniter\CodeIgniter->handleRequest(NULL, Object(Config\Cache), false)
#13 /opt/lampp/htdocs/proWebAPI/vendor/codeigniter4/framework/system/Boot.php(325): CodeIgniter\CodeIgniter->run()
#14 /opt/lampp/htdocs/proWebAPI/vendor/codeigniter4/framework/system/Boot.php(67): CodeIgniter\Boot::runCodeIgniter(Object(CodeIgniter\CodeIgniter))
#15 /opt/lampp/htdocs/proWebAPI/public/index.php(63): CodeIgniter\Boot::bootWeb(Object(Config\Paths))
#16 /opt/lampp/htdocs/proWebAPI/vendor/codeigniter4/framework/system/rewrite.php(44): require_once('/opt/lampp/htdo...')
#17 {main}
ERROR - 2024-10-15 02:59:40 --> mysqli_sql_exception: Cannot add or update a child row: a foreign key constraint fails (`eprocurement_db`.`prequalification_status_history`, CONSTRAINT `prequalification_status_history_prequalification_id_foreign` FOREIGN KEY (`prequalification_id`) REFERENCES `prequalifications`) in /opt/lampp/htdocs/proWebAPI/vendor/codeigniter4/framework/system/Database/MySQLi/Connection.php:312
Stack trace:
#0 /opt/lampp/htdocs/proWebAPI/vendor/codeigniter4/framework/system/Database/MySQLi/Connection.php(312): mysqli->query('INSERT INTO `pr...', 0)
#1 /opt/lampp/htdocs/proWebAPI/vendor/codeigniter4/framework/system/Database/BaseConnection.php(734): CodeIgniter\Database\MySQLi\Connection->execute('INSERT INTO `pr...')
#2 /opt/lampp/htdocs/proWebAPI/vendor/codeigniter4/framework/system/Database/BaseConnection.php(648): CodeIgniter\Database\BaseConnection->simpleQuery('INSERT INTO `pr...')
#3 /opt/lampp/htdocs/proWebAPI/vendor/codeigniter4/framework/system/Database/BaseBuilder.php(2340): CodeIgniter\Database\BaseConnection->query('INSERT INTO `pr...', Array, false)
#4 /opt/lampp/htdocs/proWebAPI/vendor/codeigniter4/framework/system/Model.php(394): CodeIgniter\Database\BaseBuilder->insert()
#5 /opt/lampp/htdocs/proWebAPI/vendor/codeigniter4/framework/system/BaseModel.php(840): CodeIgniter\Model->doInsert(Array)
#6 /opt/lampp/htdocs/proWebAPI/vendor/codeigniter4/framework/system/Model.php(802): CodeIgniter\BaseModel->insert(Array, true)
#7 /opt/lampp/htdocs/proWebAPI/app/Models/PrequalificationModel.php(114): CodeIgniter\Model->insert(Array)
#8 /opt/lampp/htdocs/proWebAPI/app/Controllers/PrequalificationsController.php(77): App\Models\PrequalificationModel->savePrequalification(Array)
#9 /opt/lampp/htdocs/proWebAPI/vendor/codeigniter4/framework/system/CodeIgniter.php(933): App\Controllers\PrequalificationsController->create()
#10 /opt/lampp/htdocs/proWebAPI/vendor/codeigniter4/framework/system/CodeIgniter.php(509): CodeIgniter\CodeIgniter->runController(Object(App\Controllers\PrequalificationsController))
#11 /opt/lampp/htdocs/proWebAPI/vendor/codeigniter4/framework/system/CodeIgniter.php(355): CodeIgniter\CodeIgniter->handleRequest(NULL, Object(Config\Cache), false)
#12 /opt/lampp/htdocs/proWebAPI/vendor/codeigniter4/framework/system/Boot.php(325): CodeIgniter\CodeIgniter->run()
#13 /opt/lampp/htdocs/proWebAPI/vendor/codeigniter4/framework/system/Boot.php(67): CodeIgniter\Boot::runCodeIgniter(Object(CodeIgniter\CodeIgniter))
#14 /opt/lampp/htdocs/proWebAPI/public/index.php(63): CodeIgniter\Boot::bootWeb(Object(Config\Paths))
#15 /opt/lampp/htdocs/proWebAPI/vendor/codeigniter4/framework/system/rewrite.php(44): require_once('/opt/lampp/htdo...')
#16 {main}
ERROR - 2024-10-15 02:59:56 --> mysqli_sql_exception: Unknown column 'created_by' in 'field list' in /opt/lampp/htdocs/proWebAPI/vendor/codeigniter4/framework/system/Database/MySQLi/Connection.php:312
Stack trace:
#0 /opt/lampp/htdocs/proWebAPI/vendor/codeigniter4/framework/system/Database/MySQLi/Connection.php(312): mysqli->query('INSERT INTO `pr...', 0)
#1 /opt/lampp/htdocs/proWebAPI/vendor/codeigniter4/framework/system/Database/BaseConnection.php(734): CodeIgniter\Database\MySQLi\Connection->execute('INSERT INTO `pr...')
#2 /opt/lampp/htdocs/proWebAPI/vendor/codeigniter4/framework/system/Database/BaseConnection.php(648): CodeIgniter\Database\BaseConnection->simpleQuery('INSERT INTO `pr...')
#3 /opt/lampp/htdocs/proWebAPI/vendor/codeigniter4/framework/system/Database/BaseBuilder.php(2340): CodeIgniter\Database\BaseConnection->query('INSERT INTO `pr...', Array, false)
#4 /opt/lampp/htdocs/proWebAPI/vendor/codeigniter4/framework/system/Model.php(394): CodeIgniter\Database\BaseBuilder->insert()
#5 /opt/lampp/htdocs/proWebAPI/vendor/codeigniter4/framework/system/BaseModel.php(840): CodeIgniter\Model->doInsert(Array)
#6 /opt/lampp/htdocs/proWebAPI/vendor/codeigniter4/framework/system/Model.php(802): CodeIgniter\BaseModel->insert(Array, false)
#7 /opt/lampp/htdocs/proWebAPI/vendor/codeigniter4/framework/system/BaseModel.php(751): CodeIgniter\Model->insert(Array, false)
#8 /opt/lampp/htdocs/proWebAPI/app/Models/PrequalificationModel.php(93): CodeIgniter\BaseModel->save(Array)
#9 /opt/lampp/htdocs/proWebAPI/app/Controllers/PrequalificationsController.php(77): App\Models\PrequalificationModel->savePrequalification(Array)
#10 /opt/lampp/htdocs/proWebAPI/vendor/codeigniter4/framework/system/CodeIgniter.php(933): App\Controllers\PrequalificationsController->create()
#11 /opt/lampp/htdocs/proWebAPI/vendor/codeigniter4/framework/system/CodeIgniter.php(509): CodeIgniter\CodeIgniter->runController(Object(App\Controllers\PrequalificationsController))
#12 /opt/lampp/htdocs/proWebAPI/vendor/codeigniter4/framework/system/CodeIgniter.php(355): CodeIgniter\CodeIgniter->handleRequest(NULL, Object(Config\Cache), false)
#13 /opt/lampp/htdocs/proWebAPI/vendor/codeigniter4/framework/system/Boot.php(325): CodeIgniter\CodeIgniter->run()
#14 /opt/lampp/htdocs/proWebAPI/vendor/codeigniter4/framework/system/Boot.php(67): CodeIgniter\Boot::runCodeIgniter(Object(CodeIgniter\CodeIgniter))
#15 /opt/lampp/htdocs/proWebAPI/public/index.php(63): CodeIgniter\Boot::bootWeb(Object(Config\Paths))
#16 /opt/lampp/htdocs/proWebAPI/vendor/codeigniter4/framework/system/rewrite.php(44): require_once('/opt/lampp/htdo...')
#17 {main}
ERROR - 2024-10-15 02:59:56 --> mysqli_sql_exception: Cannot add or update a child row: a foreign key constraint fails (`eprocurement_db`.`prequalification_status_history`, CONSTRAINT `prequalification_status_history_prequalification_id_foreign` FOREIGN KEY (`prequalification_id`) REFERENCES `prequalifications`) in /opt/lampp/htdocs/proWebAPI/vendor/codeigniter4/framework/system/Database/MySQLi/Connection.php:312
Stack trace:
#0 /opt/lampp/htdocs/proWebAPI/vendor/codeigniter4/framework/system/Database/MySQLi/Connection.php(312): mysqli->query('INSERT INTO `pr...', 0)
#1 /opt/lampp/htdocs/proWebAPI/vendor/codeigniter4/framework/system/Database/BaseConnection.php(734): CodeIgniter\Database\MySQLi\Connection->execute('INSERT INTO `pr...')
#2 /opt/lampp/htdocs/proWebAPI/vendor/codeigniter4/framework/system/Database/BaseConnection.php(648): CodeIgniter\Database\BaseConnection->simpleQuery('INSERT INTO `pr...')
#3 /opt/lampp/htdocs/proWebAPI/vendor/codeigniter4/framework/system/Database/BaseBuilder.php(2340): CodeIgniter\Database\BaseConnection->query('INSERT INTO `pr...', Array, false)
#4 /opt/lampp/htdocs/proWebAPI/vendor/codeigniter4/framework/system/Model.php(394): CodeIgniter\Database\BaseBuilder->insert()
#5 /opt/lampp/htdocs/proWebAPI/vendor/codeigniter4/framework/system/BaseModel.php(840): CodeIgniter\Model->doInsert(Array)
#6 /opt/lampp/htdocs/proWebAPI/vendor/codeigniter4/framework/system/Model.php(802): CodeIgniter\BaseModel->insert(Array, true)
#7 /opt/lampp/htdocs/proWebAPI/app/Models/PrequalificationModel.php(114): CodeIgniter\Model->insert(Array)
#8 /opt/lampp/htdocs/proWebAPI/app/Controllers/PrequalificationsController.php(77): App\Models\PrequalificationModel->savePrequalification(Array)
#9 /opt/lampp/htdocs/proWebAPI/vendor/codeigniter4/framework/system/CodeIgniter.php(933): App\Controllers\PrequalificationsController->create()
#10 /opt/lampp/htdocs/proWebAPI/vendor/codeigniter4/framework/system/CodeIgniter.php(509): CodeIgniter\CodeIgniter->runController(Object(App\Controllers\PrequalificationsController))
#11 /opt/lampp/htdocs/proWebAPI/vendor/codeigniter4/framework/system/CodeIgniter.php(355): CodeIgniter\CodeIgniter->handleRequest(NULL, Object(Config\Cache), false)
#12 /opt/lampp/htdocs/proWebAPI/vendor/codeigniter4/framework/system/Boot.php(325): CodeIgniter\CodeIgniter->run()
#13 /opt/lampp/htdocs/proWebAPI/vendor/codeigniter4/framework/system/Boot.php(67): CodeIgniter\Boot::runCodeIgniter(Object(CodeIgniter\CodeIgniter))
#14 /opt/lampp/htdocs/proWebAPI/public/index.php(63): CodeIgniter\Boot::bootWeb(Object(Config\Paths))
#15 /opt/lampp/htdocs/proWebAPI/vendor/codeigniter4/framework/system/rewrite.php(44): require_once('/opt/lampp/htdo...')
#16 {main}
