CRITICAL - 2024-09-26 07:46:19 --> CodeIgniter\View\Exceptions\ViewException: Invalid file: "emails/reset_password_email.php"
[Method: POST, Route: api/request-reset-password]
in SYSTEMPATH/Exceptions/FrameworkException.php on line 41.
 1 SYSTEMPATH/View/View.php(222): CodeIgniter\Exceptions\FrameworkException::forInvalidFile('emails/reset_password_email.php')
 2 SYSTEMPATH/Common.php(1171): CodeIgniter\View\View->render('emails/reset_password_email', [], true)
 3 APPPATH/Controllers/AuthController.php(288): view('emails/reset_password_email', [...])
 4 SYSTEMPATH/CodeIgniter.php(933): App\Controllers\AuthController->requestPasswordReset()
 5 SYSTEMPATH/CodeIgniter.php(509): CodeIgniter\CodeIgniter->runController(Object(App\Controllers\AuthController))
 6 SYSTEMPATH/CodeIgniter.php(355): CodeIgniter\CodeIgniter->handleRequest(null, Object(Config\Cache), false)
 7 SYSTEMPATH/Boot.php(325): CodeIgniter\CodeIgniter->run()
 8 SYSTEMPATH/Boot.php(67): CodeIgniter\Boot::runCodeIgniter(Object(CodeIgniter\CodeIgniter))
 9 FCPATH/index.php(63): CodeIgniter\Boot::bootWeb(Object(Config\Paths))
10 SYSTEMPATH/rewrite.php(44): require_once('/opt/lampp/htdocs/proWebAPI/public/index.php')
CRITICAL - 2024-09-26 07:46:41 --> CodeIgniter\View\Exceptions\ViewException: Invalid file: "emails/reset_password_email.php"
[Method: POST, Route: api/request-reset-password]
in SYSTEMPATH/Exceptions/FrameworkException.php on line 41.
 1 SYSTEMPATH/View/View.php(222): CodeIgniter\Exceptions\FrameworkException::forInvalidFile('emails/reset_password_email.php')
 2 SYSTEMPATH/Common.php(1171): CodeIgniter\View\View->render('emails/reset_password_email', [], true)
 3 APPPATH/Controllers/AuthController.php(288): view('emails/reset_password_email', [...])
 4 SYSTEMPATH/CodeIgniter.php(933): App\Controllers\AuthController->requestPasswordReset()
 5 SYSTEMPATH/CodeIgniter.php(509): CodeIgniter\CodeIgniter->runController(Object(App\Controllers\AuthController))
 6 SYSTEMPATH/CodeIgniter.php(355): CodeIgniter\CodeIgniter->handleRequest(null, Object(Config\Cache), false)
 7 SYSTEMPATH/Boot.php(325): CodeIgniter\CodeIgniter->run()
 8 SYSTEMPATH/Boot.php(67): CodeIgniter\Boot::runCodeIgniter(Object(CodeIgniter\CodeIgniter))
 9 FCPATH/index.php(63): CodeIgniter\Boot::bootWeb(Object(Config\Paths))
10 SYSTEMPATH/rewrite.php(44): require_once('/opt/lampp/htdocs/proWebAPI/public/index.php')
CRITICAL - 2024-09-26 07:47:15 --> CodeIgniter\View\Exceptions\ViewException: Invalid file: "emails/reset_password_email.php"
[Method: POST, Route: api/request-reset-password]
in SYSTEMPATH/Exceptions/FrameworkException.php on line 41.
 1 SYSTEMPATH/View/View.php(222): CodeIgniter\Exceptions\FrameworkException::forInvalidFile('emails/reset_password_email.php')
 2 SYSTEMPATH/Common.php(1171): CodeIgniter\View\View->render('emails/reset_password_email', [], true)
 3 APPPATH/Controllers/AuthController.php(288): view('emails/reset_password_email', [...])
 4 SYSTEMPATH/CodeIgniter.php(933): App\Controllers\AuthController->requestPasswordReset()
 5 SYSTEMPATH/CodeIgniter.php(509): CodeIgniter\CodeIgniter->runController(Object(App\Controllers\AuthController))
 6 SYSTEMPATH/CodeIgniter.php(355): CodeIgniter\CodeIgniter->handleRequest(null, Object(Config\Cache), false)
 7 SYSTEMPATH/Boot.php(325): CodeIgniter\CodeIgniter->run()
 8 SYSTEMPATH/Boot.php(67): CodeIgniter\Boot::runCodeIgniter(Object(CodeIgniter\CodeIgniter))
 9 FCPATH/index.php(63): CodeIgniter\Boot::bootWeb(Object(Config\Paths))
10 SYSTEMPATH/rewrite.php(44): require_once('/opt/lampp/htdocs/proWebAPI/public/index.php')
INFO - 2024-09-26 08:00:03 --> Session: Class initialized using 'CodeIgniter\Session\Handlers\FileHandler' driver.
INFO - 2024-09-26 08:03:11 --> Session: Class initialized using 'CodeIgniter\Session\Handlers\FileHandler' driver.
INFO - 2024-09-26 08:03:28 --> Session: Class initialized using 'CodeIgniter\Session\Handlers\FileHandler' driver.
