CRITICAL - 2024-09-29 05:45:42 --> ErrorException: Undefined variable $description
[Method: GET, Route: api/companies]
in APPPATH/Controllers/CompaniesController.php on line 26.
 1 APPPATH/Controllers/CompaniesController.php(26): CodeIgniter\Debug\Exceptions->errorHandler(2, 'Undefined variable $description', '/Users/morolongkj/Sites/proWebAPI/app/Controllers/CompaniesController.php', 26)
 2 SYSTEMPATH/CodeIgniter.php(933): App\Controllers\CompaniesController->index()
 3 SYSTEMPATH/CodeIgniter.php(509): CodeIgniter\CodeIgniter->runController(Object(App\Controllers\CompaniesController))
 4 SYSTEMPATH/CodeIgniter.php(355): CodeIgniter\CodeIgniter->handleRequest(null, Object(Config\Cache), false)
 5 SYSTEMPATH/Boot.php(325): CodeIgniter\CodeIgniter->run()
 6 SYSTEMPATH/Boot.php(67): CodeIgniter\Boot::runCodeIgniter(Object(CodeIgniter\CodeIgniter))
 7 FCPATH/index.php(63): CodeIgniter\Boot::bootWeb(Object(Config\Paths))
 8 SYSTEMPATH/rewrite.php(44): require_once('/Users/morolongkj/Sites/proWebAPI/public/index.php')
CRITICAL - 2024-09-29 05:47:29 --> CodeIgniter\Database\Exceptions\DataException: There is no data to insert.
[Method: POST, Route: api/companies]
in SYSTEMPATH/BaseModel.php on line 1833.
 1 SYSTEMPATH/BaseModel.php(1833): CodeIgniter\Database\Exceptions\DataException::forEmptyDataset('insert')
 2 SYSTEMPATH/BaseModel.php(806): CodeIgniter\BaseModel->transformDataToArray([], 'insert')
 3 SYSTEMPATH/Model.php(802): CodeIgniter\BaseModel->insert([], true)
 4 APPPATH/Controllers/CompaniesController.php(64): CodeIgniter\Model->insert([])
 5 SYSTEMPATH/CodeIgniter.php(933): App\Controllers\CompaniesController->create()
 6 SYSTEMPATH/CodeIgniter.php(509): CodeIgniter\CodeIgniter->runController(Object(App\Controllers\CompaniesController))
 7 SYSTEMPATH/CodeIgniter.php(355): CodeIgniter\CodeIgniter->handleRequest(null, Object(Config\Cache), false)
 8 SYSTEMPATH/Boot.php(325): CodeIgniter\CodeIgniter->run()
 9 SYSTEMPATH/Boot.php(67): CodeIgniter\Boot::runCodeIgniter(Object(CodeIgniter\CodeIgniter))
10 FCPATH/index.php(63): CodeIgniter\Boot::bootWeb(Object(Config\Paths))
11 SYSTEMPATH/rewrite.php(44): require_once('/Users/morolongkj/Sites/proWebAPI/public/index.php')
CRITICAL - 2024-09-29 06:01:53 --> ErrorException: Undefined array key "user_id"
[Method: POST, Route: api/companies]
in APPPATH/Controllers/CompaniesController.php on line 84.
 1 APPPATH/Controllers/CompaniesController.php(84): CodeIgniter\Debug\Exceptions->errorHandler(2, 'Undefined array key "user_id"', '/Users/morolongkj/Sites/proWebAPI/app/Controllers/CompaniesController.php', 84)
 2 SYSTEMPATH/CodeIgniter.php(933): App\Controllers\CompaniesController->create()
 3 SYSTEMPATH/CodeIgniter.php(509): CodeIgniter\CodeIgniter->runController(Object(App\Controllers\CompaniesController))
 4 SYSTEMPATH/CodeIgniter.php(355): CodeIgniter\CodeIgniter->handleRequest(null, Object(Config\Cache), false)
 5 SYSTEMPATH/Boot.php(325): CodeIgniter\CodeIgniter->run()
 6 SYSTEMPATH/Boot.php(67): CodeIgniter\Boot::runCodeIgniter(Object(CodeIgniter\CodeIgniter))
 7 FCPATH/index.php(63): CodeIgniter\Boot::bootWeb(Object(Config\Paths))
 8 SYSTEMPATH/rewrite.php(44): require_once('/Users/morolongkj/Sites/proWebAPI/public/index.php')
CRITICAL - 2024-09-29 06:02:18 --> ErrorException: Undefined array key "user_id"
[Method: POST, Route: api/companies]
in APPPATH/Controllers/CompaniesController.php on line 84.
 1 APPPATH/Controllers/CompaniesController.php(84): CodeIgniter\Debug\Exceptions->errorHandler(2, 'Undefined array key "user_id"', '/Users/morolongkj/Sites/proWebAPI/app/Controllers/CompaniesController.php', 84)
 2 SYSTEMPATH/CodeIgniter.php(933): App\Controllers\CompaniesController->create()
 3 SYSTEMPATH/CodeIgniter.php(509): CodeIgniter\CodeIgniter->runController(Object(App\Controllers\CompaniesController))
 4 SYSTEMPATH/CodeIgniter.php(355): CodeIgniter\CodeIgniter->handleRequest(null, Object(Config\Cache), false)
 5 SYSTEMPATH/Boot.php(325): CodeIgniter\CodeIgniter->run()
 6 SYSTEMPATH/Boot.php(67): CodeIgniter\Boot::runCodeIgniter(Object(CodeIgniter\CodeIgniter))
 7 FCPATH/index.php(63): CodeIgniter\Boot::bootWeb(Object(Config\Paths))
 8 SYSTEMPATH/rewrite.php(44): require_once('/Users/morolongkj/Sites/proWebAPI/public/index.php')
CRITICAL - 2024-09-29 06:02:43 --> Error: Class "App\Controllers\CompanyUserModel" not found
[Method: POST, Route: api/companies]
in APPPATH/Controllers/CompaniesController.php on line 92.
 1 SYSTEMPATH/CodeIgniter.php(933): App\Controllers\CompaniesController->create()
 2 SYSTEMPATH/CodeIgniter.php(509): CodeIgniter\CodeIgniter->runController(Object(App\Controllers\CompaniesController))
 3 SYSTEMPATH/CodeIgniter.php(355): CodeIgniter\CodeIgniter->handleRequest(null, Object(Config\Cache), false)
 4 SYSTEMPATH/Boot.php(325): CodeIgniter\CodeIgniter->run()
 5 SYSTEMPATH/Boot.php(67): CodeIgniter\Boot::runCodeIgniter(Object(CodeIgniter\CodeIgniter))
 6 FCPATH/index.php(63): CodeIgniter\Boot::bootWeb(Object(Config\Paths))
 7 SYSTEMPATH/rewrite.php(44): require_once('/Users/morolongkj/Sites/proWebAPI/public/index.php')
CRITICAL - 2024-09-29 06:03:19 --> Error: Class "App\Controllers\App\Model\CompanyUserModel" not found
[Method: POST, Route: api/companies]
in APPPATH/Controllers/CompaniesController.php on line 92.
 1 SYSTEMPATH/CodeIgniter.php(933): App\Controllers\CompaniesController->create()
 2 SYSTEMPATH/CodeIgniter.php(509): CodeIgniter\CodeIgniter->runController(Object(App\Controllers\CompaniesController))
 3 SYSTEMPATH/CodeIgniter.php(355): CodeIgniter\CodeIgniter->handleRequest(null, Object(Config\Cache), false)
 4 SYSTEMPATH/Boot.php(325): CodeIgniter\CodeIgniter->run()
 5 SYSTEMPATH/Boot.php(67): CodeIgniter\Boot::runCodeIgniter(Object(CodeIgniter\CodeIgniter))
 6 FCPATH/index.php(63): CodeIgniter\Boot::bootWeb(Object(Config\Paths))
 7 SYSTEMPATH/rewrite.php(44): require_once('/Users/morolongkj/Sites/proWebAPI/public/index.php')
CRITICAL - 2024-09-29 06:03:46 --> Error: Class "App\Controllers\App\Model\CompanyUserModel" not found
[Method: POST, Route: api/companies]
in APPPATH/Controllers/CompaniesController.php on line 93.
 1 SYSTEMPATH/CodeIgniter.php(933): App\Controllers\CompaniesController->create()
 2 SYSTEMPATH/CodeIgniter.php(509): CodeIgniter\CodeIgniter->runController(Object(App\Controllers\CompaniesController))
 3 SYSTEMPATH/CodeIgniter.php(355): CodeIgniter\CodeIgniter->handleRequest(null, Object(Config\Cache), false)
 4 SYSTEMPATH/Boot.php(325): CodeIgniter\CodeIgniter->run()
 5 SYSTEMPATH/Boot.php(67): CodeIgniter\Boot::runCodeIgniter(Object(CodeIgniter\CodeIgniter))
 6 FCPATH/index.php(63): CodeIgniter\Boot::bootWeb(Object(Config\Paths))
 7 SYSTEMPATH/rewrite.php(44): require_once('/Users/morolongkj/Sites/proWebAPI/public/index.php')
CRITICAL - 2024-09-29 06:04:07 --> Error: Class "App\Model\CompanyUserModel" not found
[Method: POST, Route: api/companies]
in APPPATH/Controllers/CompaniesController.php on line 93.
 1 SYSTEMPATH/CodeIgniter.php(933): App\Controllers\CompaniesController->create()
 2 SYSTEMPATH/CodeIgniter.php(509): CodeIgniter\CodeIgniter->runController(Object(App\Controllers\CompaniesController))
 3 SYSTEMPATH/CodeIgniter.php(355): CodeIgniter\CodeIgniter->handleRequest(null, Object(Config\Cache), false)
 4 SYSTEMPATH/Boot.php(325): CodeIgniter\CodeIgniter->run()
 5 SYSTEMPATH/Boot.php(67): CodeIgniter\Boot::runCodeIgniter(Object(CodeIgniter\CodeIgniter))
 6 FCPATH/index.php(63): CodeIgniter\Boot::bootWeb(Object(Config\Paths))
 7 SYSTEMPATH/rewrite.php(44): require_once('/Users/morolongkj/Sites/proWebAPI/public/index.php')
ERROR - 2024-09-29 08:03:22 --> Error connecting to the database: mysqli_sql_exception: Access denied for user 'morolongkj'@'localhost' (using password: YES) in /Users/manzehlengoanemorolong/Sites/proWebAPI/vendor/codeigniter4/framework/system/Database/MySQLi/Connection.php:186
Stack trace:
#0 /Users/manzehlengoanemorolong/Sites/proWebAPI/vendor/codeigniter4/framework/system/Database/MySQLi/Connection.php(186): mysqli->real_connect('localhost', 'morolongkj', Object(SensitiveParameterValue), 'procurement_db', 3306, '', 0)
#1 /Users/manzehlengoanemorolong/Sites/proWebAPI/vendor/codeigniter4/framework/system/Database/BaseConnection.php(421): CodeIgniter\Database\MySQLi\Connection->connect(false)
#2 /Users/manzehlengoanemorolong/Sites/proWebAPI/vendor/codeigniter4/framework/system/Database/BaseConnection.php(616): CodeIgniter\Database\BaseConnection->initialize()
#3 /Users/manzehlengoanemorolong/Sites/proWebAPI/vendor/codeigniter4/framework/system/Database/BaseConnection.php(1485): CodeIgniter\Database\BaseConnection->query('SHOW TABLES FRO...')
#4 /Users/manzehlengoanemorolong/Sites/proWebAPI/vendor/codeigniter4/framework/system/Database/BaseConnection.php(1505): CodeIgniter\Database\BaseConnection->listTables()
#5 /Users/manzehlengoanemorolong/Sites/proWebAPI/vendor/codeigniter4/framework/system/Database/MigrationRunner.php(759): CodeIgniter\Database\BaseConnection->tableExists('migrations')
#6 /Users/manzehlengoanemorolong/Sites/proWebAPI/vendor/codeigniter4/framework/system/Database/MigrationRunner.php(163): CodeIgniter\Database\MigrationRunner->ensureTable()
#7 /Users/manzehlengoanemorolong/Sites/proWebAPI/vendor/codeigniter4/framework/system/Commands/Database/Migrate.php(85): CodeIgniter\Database\MigrationRunner->latest(NULL)
#8 /Users/manzehlengoanemorolong/Sites/proWebAPI/vendor/codeigniter4/framework/system/CLI/Commands.php(70): CodeIgniter\Commands\Database\Migrate->run(Array)
#9 /Users/manzehlengoanemorolong/Sites/proWebAPI/vendor/codeigniter4/framework/system/CLI/Console.php(48): CodeIgniter\CLI\Commands->run('migrate', Array)
#10 /Users/manzehlengoanemorolong/Sites/proWebAPI/vendor/codeigniter4/framework/system/Boot.php(351): CodeIgniter\CLI\Console->run()
#11 /Users/manzehlengoanemorolong/Sites/proWebAPI/vendor/codeigniter4/framework/system/Boot.php(104): CodeIgniter\Boot::runCommand(Object(CodeIgniter\CLI\Console))
#12 /Users/manzehlengoanemorolong/Sites/proWebAPI/spark(84): CodeIgniter\Boot::bootSpark(Object(Config\Paths))
#13 {main}

Next CodeIgniter\Database\Exceptions\DatabaseException: Access denied for user '****'@'localhost' (using password: YES) in /Users/manzehlengoanemorolong/Sites/proWebAPI/vendor/codeigniter4/framework/system/Database/MySQLi/Connection.php:231
Stack trace:
#0 /Users/manzehlengoanemorolong/Sites/proWebAPI/vendor/codeigniter4/framework/system/Database/BaseConnection.php(421): CodeIgniter\Database\MySQLi\Connection->connect(false)
#1 /Users/manzehlengoanemorolong/Sites/proWebAPI/vendor/codeigniter4/framework/system/Database/BaseConnection.php(616): CodeIgniter\Database\BaseConnection->initialize()
#2 /Users/manzehlengoanemorolong/Sites/proWebAPI/vendor/codeigniter4/framework/system/Database/BaseConnection.php(1485): CodeIgniter\Database\BaseConnection->query('SHOW TABLES FRO...')
#3 /Users/manzehlengoanemorolong/Sites/proWebAPI/vendor/codeigniter4/framework/system/Database/BaseConnection.php(1505): CodeIgniter\Database\BaseConnection->listTables()
#4 /Users/manzehlengoanemorolong/Sites/proWebAPI/vendor/codeigniter4/framework/system/Database/MigrationRunner.php(759): CodeIgniter\Database\BaseConnection->tableExists('migrations')
#5 /Users/manzehlengoanemorolong/Sites/proWebAPI/vendor/codeigniter4/framework/system/Database/MigrationRunner.php(163): CodeIgniter\Database\MigrationRunner->ensureTable()
#6 /Users/manzehlengoanemorolong/Sites/proWebAPI/vendor/codeigniter4/framework/system/Commands/Database/Migrate.php(85): CodeIgniter\Database\MigrationRunner->latest(NULL)
#7 /Users/manzehlengoanemorolong/Sites/proWebAPI/vendor/codeigniter4/framework/system/CLI/Commands.php(70): CodeIgniter\Commands\Database\Migrate->run(Array)
#8 /Users/manzehlengoanemorolong/Sites/proWebAPI/vendor/codeigniter4/framework/system/CLI/Console.php(48): CodeIgniter\CLI\Commands->run('migrate', Array)
#9 /Users/manzehlengoanemorolong/Sites/proWebAPI/vendor/codeigniter4/framework/system/Boot.php(351): CodeIgniter\CLI\Console->run()
#10 /Users/manzehlengoanemorolong/Sites/proWebAPI/vendor/codeigniter4/framework/system/Boot.php(104): CodeIgniter\Boot::runCommand(Object(CodeIgniter\CLI\Console))
#11 /Users/manzehlengoanemorolong/Sites/proWebAPI/spark(84): CodeIgniter\Boot::bootSpark(Object(Config\Paths))
#12 {main}
ERROR - 2024-09-29 08:03:44 --> Error connecting to the database: mysqli_sql_exception: Unknown database 'procurement_db' in /Users/manzehlengoanemorolong/Sites/proWebAPI/vendor/codeigniter4/framework/system/Database/MySQLi/Connection.php:186
Stack trace:
#0 /Users/manzehlengoanemorolong/Sites/proWebAPI/vendor/codeigniter4/framework/system/Database/MySQLi/Connection.php(186): mysqli->real_connect('localhost', 'root', Object(SensitiveParameterValue), 'procurement_db', 3306, '', 0)
#1 /Users/manzehlengoanemorolong/Sites/proWebAPI/vendor/codeigniter4/framework/system/Database/BaseConnection.php(421): CodeIgniter\Database\MySQLi\Connection->connect(false)
#2 /Users/manzehlengoanemorolong/Sites/proWebAPI/vendor/codeigniter4/framework/system/Database/BaseConnection.php(616): CodeIgniter\Database\BaseConnection->initialize()
#3 /Users/manzehlengoanemorolong/Sites/proWebAPI/vendor/codeigniter4/framework/system/Database/BaseConnection.php(1485): CodeIgniter\Database\BaseConnection->query('SHOW TABLES FRO...')
#4 /Users/manzehlengoanemorolong/Sites/proWebAPI/vendor/codeigniter4/framework/system/Database/BaseConnection.php(1505): CodeIgniter\Database\BaseConnection->listTables()
#5 /Users/manzehlengoanemorolong/Sites/proWebAPI/vendor/codeigniter4/framework/system/Database/MigrationRunner.php(759): CodeIgniter\Database\BaseConnection->tableExists('migrations')
#6 /Users/manzehlengoanemorolong/Sites/proWebAPI/vendor/codeigniter4/framework/system/Database/MigrationRunner.php(163): CodeIgniter\Database\MigrationRunner->ensureTable()
#7 /Users/manzehlengoanemorolong/Sites/proWebAPI/vendor/codeigniter4/framework/system/Commands/Database/Migrate.php(85): CodeIgniter\Database\MigrationRunner->latest(NULL)
#8 /Users/manzehlengoanemorolong/Sites/proWebAPI/vendor/codeigniter4/framework/system/CLI/Commands.php(70): CodeIgniter\Commands\Database\Migrate->run(Array)
#9 /Users/manzehlengoanemorolong/Sites/proWebAPI/vendor/codeigniter4/framework/system/CLI/Console.php(48): CodeIgniter\CLI\Commands->run('migrate', Array)
#10 /Users/manzehlengoanemorolong/Sites/proWebAPI/vendor/codeigniter4/framework/system/Boot.php(351): CodeIgniter\CLI\Console->run()
#11 /Users/manzehlengoanemorolong/Sites/proWebAPI/vendor/codeigniter4/framework/system/Boot.php(104): CodeIgniter\Boot::runCommand(Object(CodeIgniter\CLI\Console))
#12 /Users/manzehlengoanemorolong/Sites/proWebAPI/spark(84): CodeIgniter\Boot::bootSpark(Object(Config\Paths))
#13 {main}

Next CodeIgniter\Database\Exceptions\DatabaseException: Unknown database 'procurement_db' in /Users/manzehlengoanemorolong/Sites/proWebAPI/vendor/codeigniter4/framework/system/Database/MySQLi/Connection.php:231
Stack trace:
#0 /Users/manzehlengoanemorolong/Sites/proWebAPI/vendor/codeigniter4/framework/system/Database/BaseConnection.php(421): CodeIgniter\Database\MySQLi\Connection->connect(false)
#1 /Users/manzehlengoanemorolong/Sites/proWebAPI/vendor/codeigniter4/framework/system/Database/BaseConnection.php(616): CodeIgniter\Database\BaseConnection->initialize()
#2 /Users/manzehlengoanemorolong/Sites/proWebAPI/vendor/codeigniter4/framework/system/Database/BaseConnection.php(1485): CodeIgniter\Database\BaseConnection->query('SHOW TABLES FRO...')
#3 /Users/manzehlengoanemorolong/Sites/proWebAPI/vendor/codeigniter4/framework/system/Database/BaseConnection.php(1505): CodeIgniter\Database\BaseConnection->listTables()
#4 /Users/manzehlengoanemorolong/Sites/proWebAPI/vendor/codeigniter4/framework/system/Database/MigrationRunner.php(759): CodeIgniter\Database\BaseConnection->tableExists('migrations')
#5 /Users/manzehlengoanemorolong/Sites/proWebAPI/vendor/codeigniter4/framework/system/Database/MigrationRunner.php(163): CodeIgniter\Database\MigrationRunner->ensureTable()
#6 /Users/manzehlengoanemorolong/Sites/proWebAPI/vendor/codeigniter4/framework/system/Commands/Database/Migrate.php(85): CodeIgniter\Database\MigrationRunner->latest(NULL)
#7 /Users/manzehlengoanemorolong/Sites/proWebAPI/vendor/codeigniter4/framework/system/CLI/Commands.php(70): CodeIgniter\Commands\Database\Migrate->run(Array)
#8 /Users/manzehlengoanemorolong/Sites/proWebAPI/vendor/codeigniter4/framework/system/CLI/Console.php(48): CodeIgniter\CLI\Commands->run('migrate', Array)
#9 /Users/manzehlengoanemorolong/Sites/proWebAPI/vendor/codeigniter4/framework/system/Boot.php(351): CodeIgniter\CLI\Console->run()
#10 /Users/manzehlengoanemorolong/Sites/proWebAPI/vendor/codeigniter4/framework/system/Boot.php(104): CodeIgniter\Boot::runCommand(Object(CodeIgniter\CLI\Console))
#11 /Users/manzehlengoanemorolong/Sites/proWebAPI/spark(84): CodeIgniter\Boot::bootSpark(Object(Config\Paths))
#12 {main}
INFO - 2024-09-29 08:08:03 --> Session: Class initialized using 'CodeIgniter\Session\Handlers\FileHandler' driver.
INFO - 2024-09-29 08:08:03 --> Session: Class initialized using 'CodeIgniter\Session\Handlers\FileHandler' driver.
INFO - 2024-09-29 08:12:43 --> Session: Class initialized using 'CodeIgniter\Session\Handlers\FileHandler' driver.
INFO - 2024-09-29 11:40:34 --> Session: Class initialized using 'CodeIgniter\Session\Handlers\FileHandler' driver.
CRITICAL - 2024-09-29 11:40:58 --> CodeIgniter\HTTP\Exceptions\HTTPException: Failed to parse JSON string. Error: Syntax error
[Method: PUT, Route: api/products/463799d6-475a-4666-8706-6fdffee420dc]
in SYSTEMPATH/HTTP/IncomingRequest.php on line 537.
 1 SYSTEMPATH/HTTP/IncomingRequest.php(537): CodeIgniter\HTTP\Exceptions\HTTPException::forInvalidJSON('Syntax error')
 2 APPPATH/Controllers/ProductsController.php(104): CodeIgniter\HTTP\IncomingRequest->getJSON(true)
 3 SYSTEMPATH/CodeIgniter.php(933): App\Controllers\ProductsController->update('463799d6-475a-4666-8706-6fdffee420dc')
 4 SYSTEMPATH/CodeIgniter.php(509): CodeIgniter\CodeIgniter->runController(Object(App\Controllers\ProductsController))
 5 SYSTEMPATH/CodeIgniter.php(355): CodeIgniter\CodeIgniter->handleRequest(null, Object(Config\Cache), false)
 6 SYSTEMPATH/Boot.php(325): CodeIgniter\CodeIgniter->run()
 7 SYSTEMPATH/Boot.php(67): CodeIgniter\Boot::runCodeIgniter(Object(CodeIgniter\CodeIgniter))
 8 FCPATH/index.php(63): CodeIgniter\Boot::bootWeb(Object(Config\Paths))
 9 SYSTEMPATH/rewrite.php(44): require_once('/Users/manzehlengoanemorolong/Sites/proWebAPI/public/index.php')
CRITICAL - 2024-09-29 11:41:11 --> CodeIgniter\HTTP\Exceptions\HTTPException: Failed to parse JSON string. Error: Syntax error
[Method: PUT, Route: api/products/463799d6-475a-4666-8706-6fdffee420dc]
in SYSTEMPATH/HTTP/IncomingRequest.php on line 537.
 1 SYSTEMPATH/HTTP/IncomingRequest.php(537): CodeIgniter\HTTP\Exceptions\HTTPException::forInvalidJSON('Syntax error')
 2 APPPATH/Controllers/ProductsController.php(104): CodeIgniter\HTTP\IncomingRequest->getJSON(true)
 3 SYSTEMPATH/CodeIgniter.php(933): App\Controllers\ProductsController->update('463799d6-475a-4666-8706-6fdffee420dc')
 4 SYSTEMPATH/CodeIgniter.php(509): CodeIgniter\CodeIgniter->runController(Object(App\Controllers\ProductsController))
 5 SYSTEMPATH/CodeIgniter.php(355): CodeIgniter\CodeIgniter->handleRequest(null, Object(Config\Cache), false)
 6 SYSTEMPATH/Boot.php(325): CodeIgniter\CodeIgniter->run()
 7 SYSTEMPATH/Boot.php(67): CodeIgniter\Boot::runCodeIgniter(Object(CodeIgniter\CodeIgniter))
 8 FCPATH/index.php(63): CodeIgniter\Boot::bootWeb(Object(Config\Paths))
 9 SYSTEMPATH/rewrite.php(44): require_once('/Users/manzehlengoanemorolong/Sites/proWebAPI/public/index.php')
ERROR - 2024-09-29 13:26:25 --> mysqli_sql_exception: Cannot add or update a child row: a foreign key constraint fails (`eprocurement_db`.`tender_status_history`, CONSTRAINT `tender_status_history_status_id_foreign` FOREIGN KEY (`status_id`) REFERENCES `tender_status` (`id`) ON DELETE RESTRICT ON UPDATE RESTR in /Users/manzehlengoanemorolong/Sites/proWebAPI/vendor/codeigniter4/framework/system/Database/MySQLi/Connection.php:312
Stack trace:
#0 /Users/manzehlengoanemorolong/Sites/proWebAPI/vendor/codeigniter4/framework/system/Database/MySQLi/Connection.php(312): mysqli->query('INSERT INTO `te...', 0)
#1 /Users/manzehlengoanemorolong/Sites/proWebAPI/vendor/codeigniter4/framework/system/Database/BaseConnection.php(734): CodeIgniter\Database\MySQLi\Connection->execute('INSERT INTO `te...')
#2 /Users/manzehlengoanemorolong/Sites/proWebAPI/vendor/codeigniter4/framework/system/Database/BaseConnection.php(648): CodeIgniter\Database\BaseConnection->simpleQuery('INSERT INTO `te...')
#3 /Users/manzehlengoanemorolong/Sites/proWebAPI/vendor/codeigniter4/framework/system/Database/BaseBuilder.php(2340): CodeIgniter\Database\BaseConnection->query('INSERT INTO `te...', Array, false)
#4 /Users/manzehlengoanemorolong/Sites/proWebAPI/vendor/codeigniter4/framework/system/Model.php(394): CodeIgniter\Database\BaseBuilder->insert()
#5 /Users/manzehlengoanemorolong/Sites/proWebAPI/vendor/codeigniter4/framework/system/BaseModel.php(840): CodeIgniter\Model->doInsert(Array)
#6 /Users/manzehlengoanemorolong/Sites/proWebAPI/vendor/codeigniter4/framework/system/Model.php(802): CodeIgniter\BaseModel->insert(Array, true)
#7 /Users/manzehlengoanemorolong/Sites/proWebAPI/app/Models/TenderStatusHistoryModel.php(77): CodeIgniter\Model->insert(Array)
#8 /Users/manzehlengoanemorolong/Sites/proWebAPI/app/Controllers/TendersController.php(116): App\Models\TenderStatusHistoryModel->addHistory('c45a2f13-d08f-4...', '0404e0a5-e0e6-4...', 1)
#9 /Users/manzehlengoanemorolong/Sites/proWebAPI/vendor/codeigniter4/framework/system/CodeIgniter.php(933): App\Controllers\TendersController->update('c45a2f13-d08f-4...')
#10 /Users/manzehlengoanemorolong/Sites/proWebAPI/vendor/codeigniter4/framework/system/CodeIgniter.php(509): CodeIgniter\CodeIgniter->runController(Object(App\Controllers\TendersController))
#11 /Users/manzehlengoanemorolong/Sites/proWebAPI/vendor/codeigniter4/framework/system/CodeIgniter.php(355): CodeIgniter\CodeIgniter->handleRequest(NULL, Object(Config\Cache), false)
#12 /Users/manzehlengoanemorolong/Sites/proWebAPI/vendor/codeigniter4/framework/system/Boot.php(325): CodeIgniter\CodeIgniter->run()
#13 /Users/manzehlengoanemorolong/Sites/proWebAPI/vendor/codeigniter4/framework/system/Boot.php(67): CodeIgniter\Boot::runCodeIgniter(Object(CodeIgniter\CodeIgniter))
#14 /Users/manzehlengoanemorolong/Sites/proWebAPI/public/index.php(63): CodeIgniter\Boot::bootWeb(Object(Config\Paths))
#15 /Users/manzehlengoanemorolong/Sites/proWebAPI/vendor/codeigniter4/framework/system/rewrite.php(44): require_once('/Users/manzehle...')
#16 {main}
CRITICAL - 2024-09-29 13:26:25 --> CodeIgniter\Database\Exceptions\DatabaseException: Cannot add or update a child row: a foreign key constraint fails (`eprocurement_db`.`tender_status_history`, CONSTRAINT `tender_status_history_status_id_foreign` FOREIGN KEY (`status_id`) REFERENCES `tender_status` (`id`) ON DELETE RESTRICT ON UPDATE RESTR
[Method: PUT, Route: api/tenders/c45a2f13-d08f-4ef1-9e55-6cdd951b34b2]
in SYSTEMPATH/Database/BaseConnection.php on line 688.
 1 SYSTEMPATH/Database/BaseBuilder.php(2340): CodeIgniter\Database\BaseConnection->query('INSERT INTO `tender_status_history` (`tender_id`, `status_id`, `changed_by`, `change_date`, `remarks`, `created_at`, `updated_at`, `id`) VALUES (:tender_id:, :status_id:, :changed_by:, :change_date:, :remarks:, :created_at:, :updated_at:, :id:)', [...], false)
 2 SYSTEMPATH/Model.php(394): CodeIgniter\Database\BaseBuilder->insert()
 3 SYSTEMPATH/BaseModel.php(840): CodeIgniter\Model->doInsert([...])
 4 SYSTEMPATH/Model.php(802): CodeIgniter\BaseModel->insert([...], true)
 5 APPPATH/Models/TenderStatusHistoryModel.php(77): CodeIgniter\Model->insert([...])
 6 APPPATH/Controllers/TendersController.php(116): App\Models\TenderStatusHistoryModel->addHistory('c45a2f13-d08f-4ef1-9e55-6cdd951b34b2', '0404e0a5-e0e6-4083-8efa-4fcfdcad7d07', 1)
 7 SYSTEMPATH/CodeIgniter.php(933): App\Controllers\TendersController->update('c45a2f13-d08f-4ef1-9e55-6cdd951b34b2')
 8 SYSTEMPATH/CodeIgniter.php(509): CodeIgniter\CodeIgniter->runController(Object(App\Controllers\TendersController))
 9 SYSTEMPATH/CodeIgniter.php(355): CodeIgniter\CodeIgniter->handleRequest(null, Object(Config\Cache), false)
10 SYSTEMPATH/Boot.php(325): CodeIgniter\CodeIgniter->run()
11 SYSTEMPATH/Boot.php(67): CodeIgniter\Boot::runCodeIgniter(Object(CodeIgniter\CodeIgniter))
12 FCPATH/index.php(63): CodeIgniter\Boot::bootWeb(Object(Config\Paths))
13 SYSTEMPATH/rewrite.php(44): require_once('/Users/manzehlengoanemorolong/Sites/proWebAPI/public/index.php')
CRITICAL - 2024-09-29 13:26:25 --> [Caused by] CodeIgniter\Database\Exceptions\DatabaseException: Cannot add or update a child row: a foreign key constraint fails (`eprocurement_db`.`tender_status_history`, CONSTRAINT `tender_status_history_status_id_foreign` FOREIGN KEY (`status_id`) REFERENCES `tender_status` (`id`) ON DELETE RESTRICT ON UPDATE RESTR
in SYSTEMPATH/Database/MySQLi/Connection.php on line 317.
 1 SYSTEMPATH/Database/BaseConnection.php(734): CodeIgniter\Database\MySQLi\Connection->execute('INSERT INTO `tender_status_history` (`tender_id`, `status_id`, `changed_by`, `change_date`, `remarks`, `created_at`, `updated_at`, `id`) VALUES (\'c45a2f13-d08f-4ef1-9e55-6cdd951b34b2\', \'0404e0a5-e0e6-4083-8efa-4fcfdcad7d07\', 1, \'2024-09-29 13:26:25\', NULL, \'2024-09-29 13:26:25\', \'2024-09-29 13:26:25\', \'6f6fdd6d-8af6-4c3f-a509-f9c948fddb7d\')')
 2 SYSTEMPATH/Database/BaseConnection.php(648): CodeIgniter\Database\BaseConnection->simpleQuery('INSERT INTO `tender_status_history` (`tender_id`, `status_id`, `changed_by`, `change_date`, `remarks`, `created_at`, `updated_at`, `id`) VALUES (\'c45a2f13-d08f-4ef1-9e55-6cdd951b34b2\', \'0404e0a5-e0e6-4083-8efa-4fcfdcad7d07\', 1, \'2024-09-29 13:26:25\', NULL, \'2024-09-29 13:26:25\', \'2024-09-29 13:26:25\', \'6f6fdd6d-8af6-4c3f-a509-f9c948fddb7d\')')
 3 SYSTEMPATH/Database/BaseBuilder.php(2340): CodeIgniter\Database\BaseConnection->query('INSERT INTO `tender_status_history` (`tender_id`, `status_id`, `changed_by`, `change_date`, `remarks`, `created_at`, `updated_at`, `id`) VALUES (:tender_id:, :status_id:, :changed_by:, :change_date:, :remarks:, :created_at:, :updated_at:, :id:)', [...], false)
 4 SYSTEMPATH/Model.php(394): CodeIgniter\Database\BaseBuilder->insert()
 5 SYSTEMPATH/BaseModel.php(840): CodeIgniter\Model->doInsert([...])
 6 SYSTEMPATH/Model.php(802): CodeIgniter\BaseModel->insert([...], true)
 7 APPPATH/Models/TenderStatusHistoryModel.php(77): CodeIgniter\Model->insert([...])
 8 APPPATH/Controllers/TendersController.php(116): App\Models\TenderStatusHistoryModel->addHistory('c45a2f13-d08f-4ef1-9e55-6cdd951b34b2', '0404e0a5-e0e6-4083-8efa-4fcfdcad7d07', 1)
 9 SYSTEMPATH/CodeIgniter.php(933): App\Controllers\TendersController->update('c45a2f13-d08f-4ef1-9e55-6cdd951b34b2')
10 SYSTEMPATH/CodeIgniter.php(509): CodeIgniter\CodeIgniter->runController(Object(App\Controllers\TendersController))
11 SYSTEMPATH/CodeIgniter.php(355): CodeIgniter\CodeIgniter->handleRequest(null, Object(Config\Cache), false)
12 SYSTEMPATH/Boot.php(325): CodeIgniter\CodeIgniter->run()
13 SYSTEMPATH/Boot.php(67): CodeIgniter\Boot::runCodeIgniter(Object(CodeIgniter\CodeIgniter))
14 FCPATH/index.php(63): CodeIgniter\Boot::bootWeb(Object(Config\Paths))
15 SYSTEMPATH/rewrite.php(44): require_once('/Users/manzehlengoanemorolong/Sites/proWebAPI/public/index.php')
CRITICAL - 2024-09-29 13:26:25 --> [Caused by] mysqli_sql_exception: Cannot add or update a child row: a foreign key constraint fails (`eprocurement_db`.`tender_status_history`, CONSTRAINT `tender_status_history_status_id_foreign` FOREIGN KEY (`status_id`) REFERENCES `tender_status` (`id`) ON DELETE RESTRICT ON UPDATE RESTR
in SYSTEMPATH/Database/MySQLi/Connection.php on line 312.
 1 SYSTEMPATH/Database/MySQLi/Connection.php(312): mysqli->query('INSERT INTO `tender_status_history` (`tender_id`, `status_id`, `changed_by`, `change_date`, `remarks`, `created_at`, `updated_at`, `id`) VALUES (\'c45a2f13-d08f-4ef1-9e55-6cdd951b34b2\', \'0404e0a5-e0e6-4083-8efa-4fcfdcad7d07\', 1, \'2024-09-29 13:26:25\', NULL, \'2024-09-29 13:26:25\', \'2024-09-29 13:26:25\', \'6f6fdd6d-8af6-4c3f-a509-f9c948fddb7d\')', 0)
 2 SYSTEMPATH/Database/BaseConnection.php(734): CodeIgniter\Database\MySQLi\Connection->execute('INSERT INTO `tender_status_history` (`tender_id`, `status_id`, `changed_by`, `change_date`, `remarks`, `created_at`, `updated_at`, `id`) VALUES (\'c45a2f13-d08f-4ef1-9e55-6cdd951b34b2\', \'0404e0a5-e0e6-4083-8efa-4fcfdcad7d07\', 1, \'2024-09-29 13:26:25\', NULL, \'2024-09-29 13:26:25\', \'2024-09-29 13:26:25\', \'6f6fdd6d-8af6-4c3f-a509-f9c948fddb7d\')')
 3 SYSTEMPATH/Database/BaseConnection.php(648): CodeIgniter\Database\BaseConnection->simpleQuery('INSERT INTO `tender_status_history` (`tender_id`, `status_id`, `changed_by`, `change_date`, `remarks`, `created_at`, `updated_at`, `id`) VALUES (\'c45a2f13-d08f-4ef1-9e55-6cdd951b34b2\', \'0404e0a5-e0e6-4083-8efa-4fcfdcad7d07\', 1, \'2024-09-29 13:26:25\', NULL, \'2024-09-29 13:26:25\', \'2024-09-29 13:26:25\', \'6f6fdd6d-8af6-4c3f-a509-f9c948fddb7d\')')
 4 SYSTEMPATH/Database/BaseBuilder.php(2340): CodeIgniter\Database\BaseConnection->query('INSERT INTO `tender_status_history` (`tender_id`, `status_id`, `changed_by`, `change_date`, `remarks`, `created_at`, `updated_at`, `id`) VALUES (:tender_id:, :status_id:, :changed_by:, :change_date:, :remarks:, :created_at:, :updated_at:, :id:)', [...], false)
 5 SYSTEMPATH/Model.php(394): CodeIgniter\Database\BaseBuilder->insert()
 6 SYSTEMPATH/BaseModel.php(840): CodeIgniter\Model->doInsert([...])
 7 SYSTEMPATH/Model.php(802): CodeIgniter\BaseModel->insert([...], true)
 8 APPPATH/Models/TenderStatusHistoryModel.php(77): CodeIgniter\Model->insert([...])
 9 APPPATH/Controllers/TendersController.php(116): App\Models\TenderStatusHistoryModel->addHistory('c45a2f13-d08f-4ef1-9e55-6cdd951b34b2', '0404e0a5-e0e6-4083-8efa-4fcfdcad7d07', 1)
10 SYSTEMPATH/CodeIgniter.php(933): App\Controllers\TendersController->update('c45a2f13-d08f-4ef1-9e55-6cdd951b34b2')
11 SYSTEMPATH/CodeIgniter.php(509): CodeIgniter\CodeIgniter->runController(Object(App\Controllers\TendersController))
12 SYSTEMPATH/CodeIgniter.php(355): CodeIgniter\CodeIgniter->handleRequest(null, Object(Config\Cache), false)
13 SYSTEMPATH/Boot.php(325): CodeIgniter\CodeIgniter->run()
14 SYSTEMPATH/Boot.php(67): CodeIgniter\Boot::runCodeIgniter(Object(CodeIgniter\CodeIgniter))
15 FCPATH/index.php(63): CodeIgniter\Boot::bootWeb(Object(Config\Paths))
16 SYSTEMPATH/rewrite.php(44): require_once('/Users/manzehlengoanemorolong/Sites/proWebAPI/public/index.php')
ERROR - 2024-09-29 17:56:00 --> mysqli_sql_exception: Cannot add or update a child row: a foreign key constraint fails (`eprocurement_db`.`tender_products`, CONSTRAINT `tender_products_tender_id_foreign` FOREIGN KEY (`tender_id`) REFERENCES `tenders` (`id`) ON DELETE CASCADE ON UPDATE CASCADE) in /Users/manzehlengoanemorolong/Sites/proWebAPI/vendor/codeigniter4/framework/system/Database/MySQLi/Connection.php:312
Stack trace:
#0 /Users/manzehlengoanemorolong/Sites/proWebAPI/vendor/codeigniter4/framework/system/Database/MySQLi/Connection.php(312): mysqli->query('INSERT INTO `te...', 0)
#1 /Users/manzehlengoanemorolong/Sites/proWebAPI/vendor/codeigniter4/framework/system/Database/BaseConnection.php(734): CodeIgniter\Database\MySQLi\Connection->execute('INSERT INTO `te...')
#2 /Users/manzehlengoanemorolong/Sites/proWebAPI/vendor/codeigniter4/framework/system/Database/BaseConnection.php(648): CodeIgniter\Database\BaseConnection->simpleQuery('INSERT INTO `te...')
#3 /Users/manzehlengoanemorolong/Sites/proWebAPI/vendor/codeigniter4/framework/system/Database/BaseBuilder.php(2340): CodeIgniter\Database\BaseConnection->query('INSERT INTO `te...', Array, false)
#4 /Users/manzehlengoanemorolong/Sites/proWebAPI/vendor/codeigniter4/framework/system/Model.php(394): CodeIgniter\Database\BaseBuilder->insert()
#5 /Users/manzehlengoanemorolong/Sites/proWebAPI/vendor/codeigniter4/framework/system/BaseModel.php(840): CodeIgniter\Model->doInsert(Array)
#6 /Users/manzehlengoanemorolong/Sites/proWebAPI/vendor/codeigniter4/framework/system/Model.php(802): CodeIgniter\BaseModel->insert(Array, false)
#7 /Users/manzehlengoanemorolong/Sites/proWebAPI/vendor/codeigniter4/framework/system/BaseModel.php(751): CodeIgniter\Model->insert(Array, false)
#8 /Users/manzehlengoanemorolong/Sites/proWebAPI/app/Controllers/TenderProductsController.php(78): CodeIgniter\BaseModel->save(Array)
#9 /Users/manzehlengoanemorolong/Sites/proWebAPI/vendor/codeigniter4/framework/system/CodeIgniter.php(933): App\Controllers\TenderProductsController->create()
#10 /Users/manzehlengoanemorolong/Sites/proWebAPI/vendor/codeigniter4/framework/system/CodeIgniter.php(509): CodeIgniter\CodeIgniter->runController(Object(App\Controllers\TenderProductsController))
#11 /Users/manzehlengoanemorolong/Sites/proWebAPI/vendor/codeigniter4/framework/system/CodeIgniter.php(355): CodeIgniter\CodeIgniter->handleRequest(NULL, Object(Config\Cache), false)
#12 /Users/manzehlengoanemorolong/Sites/proWebAPI/vendor/codeigniter4/framework/system/Boot.php(325): CodeIgniter\CodeIgniter->run()
#13 /Users/manzehlengoanemorolong/Sites/proWebAPI/vendor/codeigniter4/framework/system/Boot.php(67): CodeIgniter\Boot::runCodeIgniter(Object(CodeIgniter\CodeIgniter))
#14 /Users/manzehlengoanemorolong/Sites/proWebAPI/public/index.php(63): CodeIgniter\Boot::bootWeb(Object(Config\Paths))
#15 /Users/manzehlengoanemorolong/Sites/proWebAPI/vendor/codeigniter4/framework/system/rewrite.php(44): require_once('/Users/manzehle...')
#16 {main}
CRITICAL - 2024-09-29 17:56:00 --> CodeIgniter\Database\Exceptions\DatabaseException: Cannot add or update a child row: a foreign key constraint fails (`eprocurement_db`.`tender_products`, CONSTRAINT `tender_products_tender_id_foreign` FOREIGN KEY (`tender_id`) REFERENCES `tenders` (`id`) ON DELETE CASCADE ON UPDATE CASCADE)
[Method: POST, Route: api/tender-products]
in SYSTEMPATH/Database/BaseConnection.php on line 688.
 1 SYSTEMPATH/Database/BaseBuilder.php(2340): CodeIgniter\Database\BaseConnection->query('INSERT INTO `tender_products` (`tender_id`, `product_id`, `quantity`, `created_at`, `updated_at`, `id`) VALUES (:tender_id:, :product_id:, :quantity:, :created_at:, :updated_at:, :id:)', [...], false)
 2 SYSTEMPATH/Model.php(394): CodeIgniter\Database\BaseBuilder->insert()
 3 SYSTEMPATH/BaseModel.php(840): CodeIgniter\Model->doInsert([...])
 4 SYSTEMPATH/Model.php(802): CodeIgniter\BaseModel->insert([...], false)
 5 SYSTEMPATH/BaseModel.php(751): CodeIgniter\Model->insert([...], false)
 6 APPPATH/Controllers/TenderProductsController.php(78): CodeIgniter\BaseModel->save([...])
 7 SYSTEMPATH/CodeIgniter.php(933): App\Controllers\TenderProductsController->create()
 8 SYSTEMPATH/CodeIgniter.php(509): CodeIgniter\CodeIgniter->runController(Object(App\Controllers\TenderProductsController))
 9 SYSTEMPATH/CodeIgniter.php(355): CodeIgniter\CodeIgniter->handleRequest(null, Object(Config\Cache), false)
10 SYSTEMPATH/Boot.php(325): CodeIgniter\CodeIgniter->run()
11 SYSTEMPATH/Boot.php(67): CodeIgniter\Boot::runCodeIgniter(Object(CodeIgniter\CodeIgniter))
12 FCPATH/index.php(63): CodeIgniter\Boot::bootWeb(Object(Config\Paths))
13 SYSTEMPATH/rewrite.php(44): require_once('/Users/manzehlengoanemorolong/Sites/proWebAPI/public/index.php')
CRITICAL - 2024-09-29 17:56:00 --> [Caused by] CodeIgniter\Database\Exceptions\DatabaseException: Cannot add or update a child row: a foreign key constraint fails (`eprocurement_db`.`tender_products`, CONSTRAINT `tender_products_tender_id_foreign` FOREIGN KEY (`tender_id`) REFERENCES `tenders` (`id`) ON DELETE CASCADE ON UPDATE CASCADE)
in SYSTEMPATH/Database/MySQLi/Connection.php on line 317.
 1 SYSTEMPATH/Database/BaseConnection.php(734): CodeIgniter\Database\MySQLi\Connection->execute('INSERT INTO `tender_products` (`tender_id`, `product_id`, `quantity`, `created_at`, `updated_at`, `id`) VALUES (\'ac68e1d8-7365-4d2a-b516-30989d214074\', \'2b214ac4-52f8-4a00-b265-82bcb8c6c7c7\', 200, \'2024-09-29 17:56:00\', \'2024-09-29 17:56:00\', \'0b1869e3-d37e-4b1f-adb0-67c7cb6f345c\')')
 2 SYSTEMPATH/Database/BaseConnection.php(648): CodeIgniter\Database\BaseConnection->simpleQuery('INSERT INTO `tender_products` (`tender_id`, `product_id`, `quantity`, `created_at`, `updated_at`, `id`) VALUES (\'ac68e1d8-7365-4d2a-b516-30989d214074\', \'2b214ac4-52f8-4a00-b265-82bcb8c6c7c7\', 200, \'2024-09-29 17:56:00\', \'2024-09-29 17:56:00\', \'0b1869e3-d37e-4b1f-adb0-67c7cb6f345c\')')
 3 SYSTEMPATH/Database/BaseBuilder.php(2340): CodeIgniter\Database\BaseConnection->query('INSERT INTO `tender_products` (`tender_id`, `product_id`, `quantity`, `created_at`, `updated_at`, `id`) VALUES (:tender_id:, :product_id:, :quantity:, :created_at:, :updated_at:, :id:)', [...], false)
 4 SYSTEMPATH/Model.php(394): CodeIgniter\Database\BaseBuilder->insert()
 5 SYSTEMPATH/BaseModel.php(840): CodeIgniter\Model->doInsert([...])
 6 SYSTEMPATH/Model.php(802): CodeIgniter\BaseModel->insert([...], false)
 7 SYSTEMPATH/BaseModel.php(751): CodeIgniter\Model->insert([...], false)
 8 APPPATH/Controllers/TenderProductsController.php(78): CodeIgniter\BaseModel->save([...])
 9 SYSTEMPATH/CodeIgniter.php(933): App\Controllers\TenderProductsController->create()
10 SYSTEMPATH/CodeIgniter.php(509): CodeIgniter\CodeIgniter->runController(Object(App\Controllers\TenderProductsController))
11 SYSTEMPATH/CodeIgniter.php(355): CodeIgniter\CodeIgniter->handleRequest(null, Object(Config\Cache), false)
12 SYSTEMPATH/Boot.php(325): CodeIgniter\CodeIgniter->run()
13 SYSTEMPATH/Boot.php(67): CodeIgniter\Boot::runCodeIgniter(Object(CodeIgniter\CodeIgniter))
14 FCPATH/index.php(63): CodeIgniter\Boot::bootWeb(Object(Config\Paths))
15 SYSTEMPATH/rewrite.php(44): require_once('/Users/manzehlengoanemorolong/Sites/proWebAPI/public/index.php')
CRITICAL - 2024-09-29 17:56:00 --> [Caused by] mysqli_sql_exception: Cannot add or update a child row: a foreign key constraint fails (`eprocurement_db`.`tender_products`, CONSTRAINT `tender_products_tender_id_foreign` FOREIGN KEY (`tender_id`) REFERENCES `tenders` (`id`) ON DELETE CASCADE ON UPDATE CASCADE)
in SYSTEMPATH/Database/MySQLi/Connection.php on line 312.
 1 SYSTEMPATH/Database/MySQLi/Connection.php(312): mysqli->query('INSERT INTO `tender_products` (`tender_id`, `product_id`, `quantity`, `created_at`, `updated_at`, `id`) VALUES (\'ac68e1d8-7365-4d2a-b516-30989d214074\', \'2b214ac4-52f8-4a00-b265-82bcb8c6c7c7\', 200, \'2024-09-29 17:56:00\', \'2024-09-29 17:56:00\', \'0b1869e3-d37e-4b1f-adb0-67c7cb6f345c\')', 0)
 2 SYSTEMPATH/Database/BaseConnection.php(734): CodeIgniter\Database\MySQLi\Connection->execute('INSERT INTO `tender_products` (`tender_id`, `product_id`, `quantity`, `created_at`, `updated_at`, `id`) VALUES (\'ac68e1d8-7365-4d2a-b516-30989d214074\', \'2b214ac4-52f8-4a00-b265-82bcb8c6c7c7\', 200, \'2024-09-29 17:56:00\', \'2024-09-29 17:56:00\', \'0b1869e3-d37e-4b1f-adb0-67c7cb6f345c\')')
 3 SYSTEMPATH/Database/BaseConnection.php(648): CodeIgniter\Database\BaseConnection->simpleQuery('INSERT INTO `tender_products` (`tender_id`, `product_id`, `quantity`, `created_at`, `updated_at`, `id`) VALUES (\'ac68e1d8-7365-4d2a-b516-30989d214074\', \'2b214ac4-52f8-4a00-b265-82bcb8c6c7c7\', 200, \'2024-09-29 17:56:00\', \'2024-09-29 17:56:00\', \'0b1869e3-d37e-4b1f-adb0-67c7cb6f345c\')')
 4 SYSTEMPATH/Database/BaseBuilder.php(2340): CodeIgniter\Database\BaseConnection->query('INSERT INTO `tender_products` (`tender_id`, `product_id`, `quantity`, `created_at`, `updated_at`, `id`) VALUES (:tender_id:, :product_id:, :quantity:, :created_at:, :updated_at:, :id:)', [...], false)
 5 SYSTEMPATH/Model.php(394): CodeIgniter\Database\BaseBuilder->insert()
 6 SYSTEMPATH/BaseModel.php(840): CodeIgniter\Model->doInsert([...])
 7 SYSTEMPATH/Model.php(802): CodeIgniter\BaseModel->insert([...], false)
 8 SYSTEMPATH/BaseModel.php(751): CodeIgniter\Model->insert([...], false)
 9 APPPATH/Controllers/TenderProductsController.php(78): CodeIgniter\BaseModel->save([...])
10 SYSTEMPATH/CodeIgniter.php(933): App\Controllers\TenderProductsController->create()
11 SYSTEMPATH/CodeIgniter.php(509): CodeIgniter\CodeIgniter->runController(Object(App\Controllers\TenderProductsController))
12 SYSTEMPATH/CodeIgniter.php(355): CodeIgniter\CodeIgniter->handleRequest(null, Object(Config\Cache), false)
13 SYSTEMPATH/Boot.php(325): CodeIgniter\CodeIgniter->run()
14 SYSTEMPATH/Boot.php(67): CodeIgniter\Boot::runCodeIgniter(Object(CodeIgniter\CodeIgniter))
15 FCPATH/index.php(63): CodeIgniter\Boot::bootWeb(Object(Config\Paths))
16 SYSTEMPATH/rewrite.php(44): require_once('/Users/manzehlengoanemorolong/Sites/proWebAPI/public/index.php')
