ERROR - 2024-09-21 18:48:19 --> mysqli_sql_exception: Table 'eprocurement_db.prequalification_stages' doesn't exist in /opt/lampp/htdocs/proWebAPI/vendor/codeigniter4/framework/system/Database/MySQLi/Connection.php:312
Stack trace:
#0 /opt/lampp/htdocs/proWebAPI/vendor/codeigniter4/framework/system/Database/MySQLi/Connection.php(312): mysqli->query('SELECT COUNT(`i...', 0)
#1 /opt/lampp/htdocs/proWebAPI/vendor/codeigniter4/framework/system/Database/BaseConnection.php(734): CodeIgniter\Database\MySQLi\Connection->execute('SELECT COUNT(`i...')
#2 /opt/lampp/htdocs/proWebAPI/vendor/codeigniter4/framework/system/Database/BaseConnection.php(648): CodeIgniter\Database\BaseConnection->simpleQuery('SELECT COUNT(`i...')
#3 /opt/lampp/htdocs/proWebAPI/vendor/codeigniter4/framework/system/Database/BaseBuilder.php(1644): CodeIgniter\Database\BaseConnection->query('SELECT COUNT(`i...', Array, false)
#4 /opt/lampp/htdocs/proWebAPI/vendor/codeigniter4/framework/system/Model.php(930): CodeIgniter\Database\BaseBuilder->get()
#5 /opt/lampp/htdocs/proWebAPI/app/Controllers/PrequalificationStagesController.php(33): CodeIgniter\Model->__call('get', Array)
#6 /opt/lampp/htdocs/proWebAPI/vendor/codeigniter4/framework/system/CodeIgniter.php(933): App\Controllers\PrequalificationStagesController->index()
#7 /opt/lampp/htdocs/proWebAPI/vendor/codeigniter4/framework/system/CodeIgniter.php(509): CodeIgniter\CodeIgniter->runController(Object(App\Controllers\PrequalificationStagesController))
#8 /opt/lampp/htdocs/proWebAPI/vendor/codeigniter4/framework/system/CodeIgniter.php(355): CodeIgniter\CodeIgniter->handleRequest(NULL, Object(Config\Cache), false)
#9 /opt/lampp/htdocs/proWebAPI/vendor/codeigniter4/framework/system/Boot.php(325): CodeIgniter\CodeIgniter->run()
#10 /opt/lampp/htdocs/proWebAPI/vendor/codeigniter4/framework/system/Boot.php(67): CodeIgniter\Boot::runCodeIgniter(Object(CodeIgniter\CodeIgniter))
#11 /opt/lampp/htdocs/proWebAPI/public/index.php(56): CodeIgniter\Boot::bootWeb(Object(Config\Paths))
#12 /opt/lampp/htdocs/proWebAPI/vendor/codeigniter4/framework/system/rewrite.php(44): require_once('/opt/lampp/htdo...')
#13 {main}
CRITICAL - 2024-09-21 18:48:19 --> CodeIgniter\Database\Exceptions\DatabaseException: Table 'eprocurement_db.prequalification_stages' doesn't exist
[Method: GET, Route: api/prequalification-stages]
in SYSTEMPATH/Database/BaseConnection.php on line 688.
 1 SYSTEMPATH/Database/BaseBuilder.php(1644): CodeIgniter\Database\BaseConnection->query('SELECT COUNT(`id`) AS `id`
FROM `prequalification_stages`', [], false)
 2 SYSTEMPATH/Model.php(930): CodeIgniter\Database\BaseBuilder->get()
 3 APPPATH/Controllers/PrequalificationStagesController.php(33): CodeIgniter\Model->__call('get', [])
 4 SYSTEMPATH/CodeIgniter.php(933): App\Controllers\PrequalificationStagesController->index()
 5 SYSTEMPATH/CodeIgniter.php(509): CodeIgniter\CodeIgniter->runController(Object(App\Controllers\PrequalificationStagesController))
 6 SYSTEMPATH/CodeIgniter.php(355): CodeIgniter\CodeIgniter->handleRequest(null, Object(Config\Cache), false)
 7 SYSTEMPATH/Boot.php(325): CodeIgniter\CodeIgniter->run()
 8 SYSTEMPATH/Boot.php(67): CodeIgniter\Boot::runCodeIgniter(Object(CodeIgniter\CodeIgniter))
 9 FCPATH/index.php(56): CodeIgniter\Boot::bootWeb(Object(Config\Paths))
10 SYSTEMPATH/rewrite.php(44): require_once('/opt/lampp/htdocs/proWebAPI/public/index.php')
CRITICAL - 2024-09-21 18:48:19 --> [Caused by] CodeIgniter\Database\Exceptions\DatabaseException: Table 'eprocurement_db.prequalification_stages' doesn't exist
in SYSTEMPATH/Database/MySQLi/Connection.php on line 317.
 1 SYSTEMPATH/Database/BaseConnection.php(734): CodeIgniter\Database\MySQLi\Connection->execute('SELECT COUNT(`id`) AS `id`
FROM `prequalification_stages`')
 2 SYSTEMPATH/Database/BaseConnection.php(648): CodeIgniter\Database\BaseConnection->simpleQuery('SELECT COUNT(`id`) AS `id`
FROM `prequalification_stages`')
 3 SYSTEMPATH/Database/BaseBuilder.php(1644): CodeIgniter\Database\BaseConnection->query('SELECT COUNT(`id`) AS `id`
FROM `prequalification_stages`', [], false)
 4 SYSTEMPATH/Model.php(930): CodeIgniter\Database\BaseBuilder->get()
 5 APPPATH/Controllers/PrequalificationStagesController.php(33): CodeIgniter\Model->__call('get', [])
 6 SYSTEMPATH/CodeIgniter.php(933): App\Controllers\PrequalificationStagesController->index()
 7 SYSTEMPATH/CodeIgniter.php(509): CodeIgniter\CodeIgniter->runController(Object(App\Controllers\PrequalificationStagesController))
 8 SYSTEMPATH/CodeIgniter.php(355): CodeIgniter\CodeIgniter->handleRequest(null, Object(Config\Cache), false)
 9 SYSTEMPATH/Boot.php(325): CodeIgniter\CodeIgniter->run()
10 SYSTEMPATH/Boot.php(67): CodeIgniter\Boot::runCodeIgniter(Object(CodeIgniter\CodeIgniter))
11 FCPATH/index.php(56): CodeIgniter\Boot::bootWeb(Object(Config\Paths))
12 SYSTEMPATH/rewrite.php(44): require_once('/opt/lampp/htdocs/proWebAPI/public/index.php')
CRITICAL - 2024-09-21 18:48:19 --> [Caused by] mysqli_sql_exception: Table 'eprocurement_db.prequalification_stages' doesn't exist
in SYSTEMPATH/Database/MySQLi/Connection.php on line 312.
 1 SYSTEMPATH/Database/MySQLi/Connection.php(312): mysqli->query('SELECT COUNT(`id`) AS `id`
FROM `prequalification_stages`', 0)
 2 SYSTEMPATH/Database/BaseConnection.php(734): CodeIgniter\Database\MySQLi\Connection->execute('SELECT COUNT(`id`) AS `id`
FROM `prequalification_stages`')
 3 SYSTEMPATH/Database/BaseConnection.php(648): CodeIgniter\Database\BaseConnection->simpleQuery('SELECT COUNT(`id`) AS `id`
FROM `prequalification_stages`')
 4 SYSTEMPATH/Database/BaseBuilder.php(1644): CodeIgniter\Database\BaseConnection->query('SELECT COUNT(`id`) AS `id`
FROM `prequalification_stages`', [], false)
 5 SYSTEMPATH/Model.php(930): CodeIgniter\Database\BaseBuilder->get()
 6 APPPATH/Controllers/PrequalificationStagesController.php(33): CodeIgniter\Model->__call('get', [])
 7 SYSTEMPATH/CodeIgniter.php(933): App\Controllers\PrequalificationStagesController->index()
 8 SYSTEMPATH/CodeIgniter.php(509): CodeIgniter\CodeIgniter->runController(Object(App\Controllers\PrequalificationStagesController))
 9 SYSTEMPATH/CodeIgniter.php(355): CodeIgniter\CodeIgniter->handleRequest(null, Object(Config\Cache), false)
10 SYSTEMPATH/Boot.php(325): CodeIgniter\CodeIgniter->run()
11 SYSTEMPATH/Boot.php(67): CodeIgniter\Boot::runCodeIgniter(Object(CodeIgniter\CodeIgniter))
12 FCPATH/index.php(56): CodeIgniter\Boot::bootWeb(Object(Config\Paths))
13 SYSTEMPATH/rewrite.php(44): require_once('/opt/lampp/htdocs/proWebAPI/public/index.php')
